Mplus VERSION 8
MUTHEN & MUTHEN
08/21/2018  11:41 AM

INPUT INSTRUCTIONS

  TITLE: Your title goes here
  DATA: FILE = "20-08-18_items.dat";
  VARIABLE:
  NAMES = Man1_1 Man1_2 Man1_3 Man1_4 Man1_5 Man1_6 Man2_1 Man2_2 Man2_3 Man2_4 Man2_5
       Man2_6 Man3_1 Man3_2 Man3_3 Man3_4 Man3_5 Man3_6 Man4_1 Man4_2 Man4_3 Man4_4
       Man4_5 Man4_6 Fan1_1 Fan1_2 Fan1_3 Fan1_4 Fan1_5 Fan1_6 Fan2_1 Fan2_2 Fan2_3
       Fan2_4 Fan2_5 Fan2_6 Fan3_1 Fan3_2 Fan3_3 Fan3_4 Fan3_5 Fan3_6 Fan4_1 Fan4_2
       Fan4_3 Fan4_4 Fan4_5 Fan4_6 Mco1_1 Mco1_2 Mco1_3 Mco1_4 Mco1_5 Mco2_1 Mco2_2
       Mco2_3 Mco2_4 Mco2_5 Mco3_1 Mco3_2 Mco3_3 Mco3_4 Mco3_5 Mco4_1 Mco4_2 Mco4_3
       Mco4_4 Mco4_5 Fco1_1 Fco1_2 Fco1_3 Fco1_4 Fco1_5 Fco2_1 Fco2_2 Fco2_3 Fco2_4
       Fco2_5 Fco3_1 Fco3_2 Fco3_3 Fco3_4 Fco3_5 Fco4_1 Fco4_2 Fco4_3 Fco4_4 Fco4_5
       Min1_1 Min1_2 Min1_3 Min1_4 Min1_5 Fin1_1 Fin1_2 Fin1_3 Fin1_4 Fin1_5
       Mre1_1 Mre1_2 Mre1_3
       Mre2_1 Mre2_2 Mre2_3 Mre2_4 Mre2_5
       Mre3_1 Mre3_2 Mre3_3 Mre3_4 Mre3_5
       Mre4_1 Mre4_2 Mre4_3 Mre4_4 Mre4_5
       Fre1_1 Fre1_2 Fre1_3
       Fre2_1 Fre2_2 Fre2_3 Fre2_4 Fre2_5
       Fre3_1 Fre3_2 Fre3_3 Fre3_4 Fre3_5
       Fre4_1 Fre4_2 Fre4_3 Fre4_4 Fre4_5
       Mwa1_1 Mwa1_2 Mwa1_3 Mwa1_4 Mwa1_5 Mwa1_6
       Mwa2_1 Mwa2_2 Mwa2_3 Mwa2_4 Mwa2_5 Mwa2_6
       Mwa3_1 Mwa3_2 Mwa3_3 Mwa3_4 Mwa3_5 Mwa3_6
       Mwa4_1 Mwa4_2 Mwa4_3 Mwa4_4 Mwa4_5 Mwa4_6
       Fwa1_1 Fwa1_2 Fwa1_3 Fwa1_4 Fwa1_5 Fwa1_6 Fwa2_1
       Fwa2_2 Fwa2_3 Fwa2_4 Fwa2_5 Fwa2_6 Fwa3_1 Fwa3_2 Fwa3_3 Fwa3_4 Fwa3_5 Fwa3_6
       Fwa4_1 Fwa4_2 Fwa4_3 Fwa4_4 Fwa4_5 Fwa4_6 emo1_1 emo1_2 emo1_3 emo1_4 emo1_5
       emo2_1 emo2_2 emo2_3 emo2_4 emo2_5 emo3_1 emo3_2 emo3_3 emo3_4 emo3_5 emo4_1
       emo4_2 emo4_3 emo4_4 emo4_5;
  MISSING=.;

  USEVARIABLES =
   Mre1_1 Mre1_2 Mre1_3 Mre2_1 Mre2_2 Mre2_3 Mre2_4 Mre2_5
        Mre3_1 Mre3_2 Mre3_3 Mre3_4 Mre3_5  Mre4_1 Mre4_2 Mre4_3 Mre4_4
       Mre4_5  Fre1_1 Fre1_2 Fre1_3 Fre2_1 Fre2_2 Fre2_3
       Fre2_4 Fre2_5  Fre3_1 Fre3_2 Fre3_3 Fre3_4 Fre3_5  Fre4_1 Fre4_2
       Fre4_3 Fre4_4 Fre4_5 ;

  MODEL:
  [Mre1_1*];
  [Mre1_2*];
  [Mre1_3*];


  [Mre2_1*];
  [Mre2_2*];
  [Mre2_3*];
  [Mre2_4*];
  [Mre2_5*];

  [Mre3_1*];
  [Mre3_2*];
  [Mre3_3*];
  [Mre3_4*];
  [Mre3_5*];

  [Mre4_1*];
  [Mre4_2*];
  [Mre4_3*];
  [Mre4_4*];
  [Mre4_5*];

  [Fre1_1*];
  [Fre1_2*];
  [Fre1_3*];

  [Fre2_1*];
  [Fre2_2*];
  [Fre2_3*];
  [Fre2_4*];
  [Fre2_5*];

  [Fre3_1*];
  [Fre3_2*];
  [Fre3_3*];
  [Fre3_4*];
  [Fre3_5*];

  [Fre4_1*];
  [Fre4_2*];
  [Fre4_3*];
  [Fre4_4*];
  [Fre4_5*];



  Mre1_1*;
  Mre1_2*;
  Mre1_3*;

  Mre2_1*;
  Mre2_2*;
  Mre2_3*;
  Mre2_4*;
  Mre2_5*;

  Mre3_1*;
  Mre3_2*;
  Mre3_3*;
  Mre3_4*;
  Mre3_5*;

  Mre4_1*;
  Mre4_2*;
  Mre4_3*;
  Mre4_4*;
  Mre4_5*;

  Fre1_1*;
  Fre1_2*;
  Fre1_3*;

  Fre2_1*;
  Fre2_2*;
  Fre2_3*;
  Fre2_4*;
  Fre2_5*;

  Fre3_1*;
  Fre3_2*;
  Fre3_3*;
  Fre3_4*;
  Fre3_5*;

  Fre4_1*;
  Fre4_2*;
  Fre4_3*;
  Fre4_4*;
  Fre4_5*;


  mre1@1;
  [mre1@0];
  mre2@1;
  [mre2@0];
  mre3@1;
  [mre3@0];
  mre4@1;
  [mre4@0];

  fre1@1;
  [fre1@0];
  fre2@1;
  [fre2@0];
  fre3@1;
  [fre3@0];
  fre4@1;
  [fre4@0];


  mre1 BY mre1_1* (reBre_1);
  mre1 BY mre1_2* (reBre_2);
  mre1 BY mre1_3* (reBre_3);


  fre1 BY fre1_1* (reBre_1);
  fre1 BY fre1_2* (reBre_2);
  fre1 BY fre1_3* (reBre_3);


  mre2 BY mre2_1* (reBre_1);
  mre2 BY mre2_2* (reBre_2);
  mre2 BY mre2_3* (reBre_3);
  mre2 BY mre2_4* (reBre_4);
  mre2 BY mre2_5* (reBre_5);


  fre2 BY fre2_1* (reBre_1);
  fre2 BY fre2_2* (reBre_2);
  fre2 BY fre2_3* (reBre_3);
  fre2 BY fre2_4* (reBre_4);
  fre2 BY fre2_5* (reBre_5);



  mre3 BY mre3_1* (reBre_1);
  mre3 BY mre3_2* (reBre_2);
  mre3 BY mre3_3* (reBre_3);
  mre3 BY mre3_4* (reBre_4);
  mre3 BY mre3_5* (reBre_5);


  fre3 BY fre3_1* (reBre_1);
  fre3 BY fre3_2* (reBre_2);
  fre3 BY fre3_3* (reBre_3);
  fre3 BY fre3_4* (reBre_4);
  fre3 BY fre3_5* (reBre_5);



  mre4 BY mre4_1* (reBre_1);
  mre4 BY mre4_2* (reBre_2);
  mre4 BY mre4_3* (reBre_3);
  mre4 BY mre4_4* (reBre_4);
  mre4 BY mre4_5* (reBre_5);



  fre4 BY fre4_1* (reBre_1);
  fre4 BY fre4_2* (reBre_2);
  fre4 BY fre4_3* (reBre_3);
  fre4 BY fre4_4* (reBre_4);
  fre4 BY fre4_5* (reBre_5);




  mre1_1 WITH mre2_1;
  mre1_1 WITH mre3_1;
  mre1_1 WITH mre4_1;
  mre2_1 WITH mre3_1;
  mre2_1 WITH mre4_1;
  mre3_1 WITH mre4_1;


  mre1_2 WITH mre2_2;
  mre1_2 WITH mre3_2;
  mre1_2 WITH mre4_2;
  mre2_2 WITH mre3_2;
  mre2_2 WITH mre4_2;
  mre3_2 WITH mre4_2;


  mre1_3 WITH mre2_3;
  mre1_3 WITH mre3_3;
  mre1_3 WITH mre4_3;
  mre2_3 WITH mre3_3;
  mre2_3 WITH mre4_3;
  mre3_3 WITH mre4_3;


  mre2_4 WITH mre3_4;
  mre2_4 WITH mre4_4;
  mre3_4 WITH mre4_4;


  mre2_5 WITH mre3_5;
  mre2_5 WITH mre4_5;
  mre3_5 WITH mre4_5;








  fre1_1 WITH fre2_1;
  fre1_1 WITH fre3_1;
  fre1_1 WITH fre4_1;
  fre2_1 WITH fre3_1;
  fre2_1 WITH fre4_1;
  fre3_1 WITH fre4_1;


  fre1_2 WITH fre2_2;
  fre1_2 WITH fre3_2;
  fre1_2 WITH fre4_2;
  fre2_2 WITH fre3_2;
  fre2_2 WITH fre4_2;
  fre3_2 WITH fre4_2;


  fre1_3 WITH fre2_3;
  fre1_3 WITH fre3_3;
  fre1_3 WITH fre4_3;
  fre2_3 WITH fre3_3;
  fre2_3 WITH fre4_3;
  fre3_3 WITH fre4_3;


  fre2_4 WITH fre3_4;
  fre2_4 WITH fre4_4;
  fre3_4 WITH fre4_4;


  fre2_5 WITH fre3_5;
  fre2_5 WITH fre4_5;
  fre3_5 WITH fre4_5;









  mre1_1 WITH fre1_1;
  mre1_2 WITH fre1_2;
  mre1_3 WITH fre1_3;


  mre2_1 WITH fre2_1;
  mre2_2 WITH fre2_2;
  mre2_3 WITH fre2_3;
  mre2_4 WITH fre2_4;
  mre2_5 WITH fre2_5;


  mre3_1 WITH fre3_1;
  mre3_2 WITH fre3_2;
  mre3_3 WITH fre3_3;
  mre3_4 WITH fre3_4;
  mre3_5 WITH fre3_5;


  mre4_1 WITH fre4_1;
  mre4_2 WITH fre4_2;
  mre4_3 WITH fre4_3;
  mre4_4 WITH fre4_4;
  mre4_5 WITH fre4_5;



  OUTPUT: standardized modindices;



*** WARNING
  Data set contains cases with missing on all variables.
  These cases were not included in the analysis.
  Number of cases with missing on all variables:  105
   1 WARNING(S) FOUND IN THE INPUT INSTRUCTIONS



Your title goes here

SUMMARY OF ANALYSIS

Number of groups                                                 1
Number of observations                                        1779

Number of dependent variables                                   36
Number of independent variables                                  0
Number of continuous latent variables                            8

Observed dependent variables

  Continuous
   MRE1_1      MRE1_2      MRE1_3      MRE2_1      MRE2_2      MRE2_3
   MRE2_4      MRE2_5      MRE3_1      MRE3_2      MRE3_3      MRE3_4
   MRE3_5      MRE4_1      MRE4_2      MRE4_3      MRE4_4      MRE4_5
   FRE1_1      FRE1_2      FRE1_3      FRE2_1      FRE2_2      FRE2_3
   FRE2_4      FRE2_5      FRE3_1      FRE3_2      FRE3_3      FRE3_4
   FRE3_5      FRE4_1      FRE4_2      FRE4_3      FRE4_4      FRE4_5

Continuous latent variables
   MRE1        FRE1        MRE2        FRE2        MRE3        FRE3
   MRE4        FRE4


Estimator                                                       ML
Information matrix                                        OBSERVED
Maximum number of iterations                                  1000
Convergence criterion                                    0.500D-04
Maximum number of steepest descent iterations                   20
Maximum number of iterations for H1                           2000
Convergence criterion for H1                             0.100D-03

Input data file(s)
  20-08-18_items.dat

Input data format  FREE


SUMMARY OF DATA

     Number of missing data patterns           133


COVARIANCE COVERAGE OF DATA

Minimum covariance coverage value   0.100


     PROPORTION OF DATA PRESENT


           Covariance Coverage
              MRE1_1        MRE1_2        MRE1_3        MRE2_1        MRE2_2
              ________      ________      ________      ________      ________
 MRE1_1         0.961
 MRE1_2         0.960         0.960
 MRE1_3         0.961         0.960         0.961
 MRE2_1         0.845         0.844         0.844         0.875
 MRE2_2         0.846         0.845         0.845         0.875         0.876
 MRE2_3         0.844         0.843         0.843         0.872         0.873
 MRE2_4         0.843         0.843         0.843         0.872         0.873
 MRE2_5         0.845         0.844         0.844         0.874         0.875
 MRE3_1         0.905         0.904         0.904         0.845         0.846
 MRE3_2         0.905         0.904         0.904         0.845         0.846
 MRE3_3         0.905         0.904         0.904         0.845         0.846
 MRE3_4         0.905         0.904         0.904         0.845         0.846
 MRE3_5         0.905         0.904         0.904         0.845         0.846
 MRE4_1         0.854         0.854         0.854         0.803         0.804
 MRE4_2         0.854         0.853         0.853         0.803         0.804
 MRE4_3         0.854         0.853         0.853         0.803         0.803
 MRE4_4         0.854         0.854         0.854         0.803         0.804
 MRE4_5         0.854         0.854         0.854         0.803         0.804
 FRE1_1         0.795         0.794         0.795         0.740         0.742
 FRE1_2         0.794         0.793         0.794         0.739         0.740
 FRE1_3         0.795         0.794         0.795         0.740         0.741
 FRE2_1         0.711         0.710         0.710         0.724         0.726
 FRE2_2         0.709         0.709         0.709         0.723         0.725
 FRE2_3         0.712         0.711         0.711         0.725         0.727
 FRE2_4         0.709         0.709         0.709         0.723         0.725
 FRE2_5         0.712         0.711         0.711         0.725         0.727
 FRE3_1         0.738         0.737         0.737         0.707         0.708
 FRE3_2         0.739         0.739         0.739         0.708         0.709
 FRE3_3         0.739         0.738         0.738         0.708         0.708
 FRE3_4         0.737         0.737         0.737         0.707         0.707
 FRE3_5         0.736         0.736         0.736         0.705         0.706
 FRE4_1         0.667         0.666         0.666         0.642         0.642
 FRE4_2         0.667         0.667         0.667         0.642         0.643
 FRE4_3         0.667         0.666         0.666         0.642         0.642
 FRE4_4         0.667         0.667         0.667         0.642         0.643
 FRE4_5         0.667         0.667         0.667         0.642         0.643


           Covariance Coverage
              MRE2_3        MRE2_4        MRE2_5        MRE3_1        MRE3_2
              ________      ________      ________      ________      ________
 MRE2_3         0.874
 MRE2_4         0.871         0.874
 MRE2_5         0.872         0.872         0.875
 MRE3_1         0.844         0.843         0.845         0.939
 MRE3_2         0.844         0.843         0.845         0.939         0.939
 MRE3_3         0.844         0.843         0.845         0.939         0.939
 MRE3_4         0.844         0.843         0.845         0.939         0.939
 MRE3_5         0.844         0.843         0.845         0.939         0.939
 MRE4_1         0.803         0.801         0.803         0.874         0.874
 MRE4_2         0.803         0.801         0.803         0.874         0.874
 MRE4_3         0.802         0.800         0.803         0.873         0.873
 MRE4_4         0.803         0.801         0.803         0.874         0.874
 MRE4_5         0.803         0.801         0.803         0.874         0.874
 FRE1_1         0.740         0.739         0.741         0.770         0.770
 FRE1_2         0.738         0.737         0.739         0.768         0.768
 FRE1_3         0.739         0.738         0.740         0.770         0.770
 FRE2_1         0.722         0.722         0.725         0.714         0.714
 FRE2_2         0.721         0.721         0.723         0.713         0.713
 FRE2_3         0.723         0.723         0.726         0.716         0.716
 FRE2_4         0.721         0.721         0.723         0.713         0.713
 FRE2_5         0.723         0.723         0.726         0.716         0.716
 FRE3_1         0.705         0.705         0.707         0.758         0.758
 FRE3_2         0.707         0.707         0.708         0.759         0.759
 FRE3_3         0.706         0.706         0.708         0.758         0.758
 FRE3_4         0.705         0.705         0.707         0.758         0.758
 FRE3_5         0.704         0.704         0.705         0.757         0.757
 FRE4_1         0.641         0.640         0.642         0.678         0.678
 FRE4_2         0.642         0.641         0.643         0.678         0.678
 FRE4_3         0.641         0.640         0.642         0.678         0.678
 FRE4_4         0.642         0.641         0.643         0.678         0.678
 FRE4_5         0.642         0.641         0.643         0.678         0.678


           Covariance Coverage
              MRE3_3        MRE3_4        MRE3_5        MRE4_1        MRE4_2
              ________      ________      ________      ________      ________
 MRE3_3         0.939
 MRE3_4         0.939         0.939
 MRE3_5         0.939         0.939         0.939
 MRE4_1         0.874         0.874         0.874         0.884
 MRE4_2         0.874         0.874         0.874         0.883         0.884
 MRE4_3         0.873         0.873         0.873         0.883         0.883
 MRE4_4         0.874         0.874         0.874         0.884         0.883
 MRE4_5         0.874         0.874         0.874         0.884         0.883
 FRE1_1         0.770         0.770         0.770         0.734         0.733
 FRE1_2         0.768         0.768         0.768         0.732         0.731
 FRE1_3         0.770         0.770         0.770         0.733         0.732
 FRE2_1         0.714         0.714         0.714         0.683         0.683
 FRE2_2         0.713         0.713         0.713         0.682         0.682
 FRE2_3         0.716         0.716         0.716         0.684         0.684
 FRE2_4         0.713         0.713         0.713         0.682         0.682
 FRE2_5         0.716         0.716         0.716         0.684         0.684
 FRE3_1         0.758         0.758         0.758         0.719         0.719
 FRE3_2         0.759         0.759         0.759         0.720         0.720
 FRE3_3         0.758         0.758         0.758         0.720         0.720
 FRE3_4         0.758         0.758         0.758         0.718         0.718
 FRE3_5         0.757         0.757         0.757         0.718         0.718
 FRE4_1         0.678         0.678         0.678         0.678         0.678
 FRE4_2         0.678         0.678         0.678         0.679         0.679
 FRE4_3         0.678         0.678         0.678         0.679         0.679
 FRE4_4         0.678         0.678         0.678         0.679         0.679
 FRE4_5         0.678         0.678         0.678         0.679         0.679


           Covariance Coverage
              MRE4_3        MRE4_4        MRE4_5        FRE1_1        FRE1_2
              ________      ________      ________      ________      ________
 MRE4_3         0.883
 MRE4_4         0.883         0.884
 MRE4_5         0.883         0.884         0.884
 FRE1_1         0.733         0.734         0.734         0.803
 FRE1_2         0.731         0.732         0.732         0.802         0.802
 FRE1_3         0.732         0.733         0.733         0.803         0.802
 FRE2_1         0.682         0.683         0.683         0.668         0.667
 FRE2_2         0.681         0.682         0.682         0.667         0.666
 FRE2_3         0.684         0.684         0.684         0.669         0.668
 FRE2_4         0.681         0.682         0.682         0.667         0.666
 FRE2_5         0.684         0.684         0.684         0.669         0.668
 FRE3_1         0.718         0.719         0.719         0.668         0.667
 FRE3_2         0.720         0.720         0.720         0.669         0.668
 FRE3_3         0.719         0.720         0.720         0.669         0.668
 FRE3_4         0.718         0.718         0.718         0.668         0.667
 FRE3_5         0.717         0.718         0.718         0.667         0.666
 FRE4_1         0.678         0.678         0.678         0.609         0.608
 FRE4_2         0.679         0.679         0.679         0.609         0.608
 FRE4_3         0.679         0.679         0.679         0.609         0.608
 FRE4_4         0.679         0.679         0.679         0.609         0.608
 FRE4_5         0.679         0.679         0.679         0.609         0.608


           Covariance Coverage
              FRE1_3        FRE2_1        FRE2_2        FRE2_3        FRE2_4
              ________      ________      ________      ________      ________
 FRE1_3         0.803
 FRE2_1         0.668         0.736
 FRE2_2         0.667         0.734         0.735
 FRE2_3         0.669         0.736         0.735         0.737
 FRE2_4         0.667         0.734         0.732         0.735         0.735
 FRE2_5         0.669         0.736         0.735         0.737         0.735
 FRE3_1         0.668         0.644         0.643         0.645         0.643
 FRE3_2         0.669         0.645         0.644         0.646         0.644
 FRE3_3         0.669         0.645         0.644         0.646         0.644
 FRE3_4         0.668         0.644         0.642         0.645         0.642
 FRE3_5         0.667         0.643         0.642         0.644         0.642
 FRE4_1         0.608         0.585         0.584         0.586         0.584
 FRE4_2         0.609         0.586         0.585         0.587         0.585
 FRE4_3         0.608         0.586         0.585         0.587         0.585
 FRE4_4         0.609         0.586         0.585         0.587         0.585
 FRE4_5         0.609         0.586         0.585         0.587         0.585


           Covariance Coverage
              FRE2_5        FRE3_1        FRE3_2        FRE3_3        FRE3_4
              ________      ________      ________      ________      ________
 FRE2_5         0.737
 FRE3_1         0.645         0.763
 FRE3_2         0.646         0.763         0.764
 FRE3_3         0.646         0.762         0.763         0.763
 FRE3_4         0.645         0.762         0.763         0.762         0.763
 FRE3_5         0.644         0.761         0.762         0.761         0.760
 FRE4_1         0.586         0.623         0.625         0.624         0.623
 FRE4_2         0.587         0.624         0.625         0.625         0.623
 FRE4_3         0.587         0.623         0.625         0.624         0.623
 FRE4_4         0.587         0.624         0.625         0.625         0.623
 FRE4_5         0.587         0.624         0.625         0.625         0.623


           Covariance Coverage
              FRE3_5        FRE4_1        FRE4_2        FRE4_3        FRE4_4
              ________      ________      ________      ________      ________
 FRE3_5         0.762
 FRE4_1         0.623         0.688
 FRE4_2         0.623         0.687         0.689
 FRE4_3         0.623         0.687         0.687         0.688
 FRE4_4         0.623         0.687         0.688         0.687         0.689
 FRE4_5         0.623         0.687         0.688         0.687         0.688


           Covariance Coverage
              FRE4_5
              ________
 FRE4_5         0.689



UNIVARIATE SAMPLE STATISTICS


     UNIVARIATE HIGHER-ORDER MOMENT DESCRIPTIVE STATISTICS

         Variable/         Mean/     Skewness/   Minimum/ % with                Percentiles
        Sample Size      Variance    Kurtosis    Maximum  Min/Max      20%/60%    40%/80%    Median

     MRE1_1                4.274      -0.627       1.000    0.06%       4.000      4.000      4.000
            1710.000       0.465       0.222       5.000   39.59%       4.000      5.000
     MRE1_2                4.204      -0.484       1.000    0.06%       4.000      4.000      4.000
            1708.000       0.474      -0.041       5.000   35.01%       4.000      5.000
     MRE1_3                4.159      -0.490       1.000    0.06%       4.000      4.000      4.000
            1709.000       0.532      -0.195       5.000   34.35%       4.000      5.000
     MRE2_1                4.160      -0.634       1.000    0.26%       4.000      4.000      4.000
            1557.000       0.548       0.383       5.000   34.43%       4.000      5.000
     MRE2_2                4.069      -0.510       1.000    0.13%       4.000      4.000      4.000
            1559.000       0.547       0.167       5.000   28.48%       4.000      5.000
     MRE2_3                4.109      -0.553       1.000    0.26%       4.000      4.000      4.000
            1554.000       0.553       0.258       5.000   31.34%       4.000      5.000
     MRE2_4                4.191      -0.630       1.000    0.13%       4.000      4.000      4.000
            1554.000       0.533       0.227       5.000   36.10%       4.000      5.000
     MRE2_5                4.080      -0.552       1.000    0.26%       3.000      4.000      4.000
            1557.000       0.610       0.040       5.000   31.79%       4.000      5.000
     MRE3_1                4.159      -0.916       1.000    0.72%       4.000      4.000      4.000
            1671.000       0.670       0.920       5.000   37.82%       4.000      5.000
     MRE3_2                4.089      -0.697       1.000    0.42%       3.000      4.000      4.000
            1671.000       0.649       0.360       5.000   33.03%       4.000      5.000
     MRE3_3                4.128      -0.737       1.000    0.36%       4.000      4.000      4.000
            1671.000       0.649       0.345       5.000   35.67%       4.000      5.000
     MRE3_4                4.147      -0.815       1.000    0.42%       4.000      4.000      4.000
            1671.000       0.667       0.486       5.000   37.28%       4.000      5.000
     MRE3_5                4.077      -0.711       1.000    0.42%       3.000      4.000      4.000
            1671.000       0.719       0.135       5.000   34.77%       4.000      5.000
     MRE4_1                4.017      -0.775       1.000    0.95%       3.000      4.000      4.000
            1572.000       0.773       0.425       5.000   32.06%       4.000      5.000
     MRE4_2                3.901      -0.630       1.000    1.02%       3.000      4.000      4.000
            1572.000       0.812       0.101       5.000   27.10%       4.000      5.000
     MRE4_3                3.950      -0.588       1.000    0.51%       3.000      4.000      4.000
            1571.000       0.785      -0.126       5.000   29.41%       4.000      5.000
     MRE4_4                3.995      -0.738       1.000    0.95%       3.000      4.000      4.000
            1572.000       0.807       0.241       5.000   32.00%       4.000      5.000
     MRE4_5                3.898      -0.669       1.000    1.40%       3.000      4.000      4.000
            1572.000       0.890       0.050       5.000   29.13%       4.000      5.000
     FRE1_1                3.959      -0.313       1.000    0.14%       3.000      4.000      4.000
            1429.000       0.571      -0.219       5.000   24.00%       4.000      5.000
     FRE1_2                3.938      -0.326       1.000    0.14%       3.000      4.000      4.000
            1427.000       0.570      -0.140       5.000   22.63%       4.000      5.000
     FRE1_3                3.938      -0.317       1.000    0.21%       3.000      4.000      4.000
            1429.000       0.601      -0.231       5.000   24.07%       4.000      5.000
     FRE2_1                3.899      -0.338       1.000    0.23%       3.000      4.000      4.000
            1309.000       0.580      -0.028       5.000   20.93%       4.000      5.000
     FRE2_2                3.905      -0.395       1.000    0.23%       3.000      4.000      4.000
            1307.000       0.571       0.120       5.000   20.50%       4.000      5.000
     FRE2_3                3.892      -0.296       1.000    0.15%       3.000      4.000      4.000
            1311.000       0.646      -0.375       5.000   23.34%       4.000      5.000
     FRE2_4                3.978      -0.390       1.000    0.31%       3.000      4.000      4.000
            1307.000       0.588      -0.019       5.000   25.40%       4.000      5.000
     FRE2_5                3.831      -0.373       1.000    0.38%       3.000      4.000      4.000
            1311.000       0.656      -0.066       5.000   20.06%       4.000      5.000
     FRE3_1                3.822      -0.413       1.000    0.59%       3.000      4.000      4.000
            1358.000       0.660       0.102       5.000   19.59%       4.000      4.000
     FRE3_2                3.865      -0.392       1.000    0.37%       3.000      4.000      4.000
            1360.000       0.619       0.058       5.000   20.37%       4.000      5.000
     FRE3_3                3.834      -0.356       1.000    0.44%       3.000      4.000      4.000
            1358.000       0.669      -0.107       5.000   20.84%       4.000      5.000
     FRE3_4                3.926      -0.370       1.000    0.29%       3.000      4.000      4.000
            1357.000       0.617      -0.097       5.000   23.66%       4.000      5.000
     FRE3_5                3.814      -0.255       1.000    0.22%       3.000      4.000      4.000
            1355.000       0.658      -0.334       5.000   20.15%       4.000      5.000
     FRE4_1                3.765      -0.373       1.000    0.82%       3.000      4.000      4.000
            1224.000       0.737      -0.079       5.000   19.77%       4.000      4.000
     FRE4_2                3.786      -0.427       1.000    0.65%       3.000      4.000      4.000
            1225.000       0.687       0.072       5.000   18.61%       4.000      4.000
     FRE4_3                3.739      -0.450       1.000    1.39%       3.000      4.000      4.000
            1224.000       0.794       0.057       5.000   19.85%       4.000      4.000
     FRE4_4                3.811      -0.351       1.000    0.65%       3.000      4.000      4.000
            1225.000       0.725      -0.169       5.000   21.80%       4.000      5.000
     FRE4_5                3.713      -0.348       1.000    0.98%       3.000      4.000      4.000
            1225.000       0.805      -0.236       5.000   19.67%       4.000      4.000


THE MODEL ESTIMATION TERMINATED NORMALLY



MODEL FIT INFORMATION

Number of Free Parameters                      171

Loglikelihood

          H0 Value                      -44856.552
          H1 Value                      -43951.929

Information Criteria

          Akaike (AIC)                   90055.103
          Bayesian (BIC)                 90992.834
          Sample-Size Adjusted BIC       90449.579
            (n* = (n + 2) / 24)

Chi-Square Test of Model Fit

          Value                           1809.246
          Degrees of Freedom                   531
          P-Value                           0.0000

RMSEA (Root Mean Square Error Of Approximation)

          Estimate                           0.037
          90 Percent C.I.                    0.035  0.039
          Probability RMSEA <= .05           1.000

CFI/TLI

          CFI                                0.966
          TLI                                0.960

Chi-Square Test of Model Fit for the Baseline Model

          Value                          38575.693
          Degrees of Freedom                   630
          P-Value                           0.0000

SRMR (Standardized Root Mean Square Residual)

          Value                              0.077



MODEL RESULTS

                                                    Two-Tailed
                    Estimate       S.E.  Est./S.E.    P-Value

 MRE1     BY
    MRE1_1             0.519      0.008     66.689      0.000
    MRE1_2             0.642      0.007     86.124      0.000
    MRE1_3             0.669      0.008     87.477      0.000

 FRE1     BY
    FRE1_1             0.519      0.008     66.689      0.000
    FRE1_2             0.642      0.007     86.124      0.000
    FRE1_3             0.669      0.008     87.477      0.000

 MRE2     BY
    MRE2_1             0.519      0.008     66.689      0.000
    MRE2_2             0.642      0.007     86.124      0.000
    MRE2_3             0.669      0.008     87.477      0.000
    MRE2_4             0.707      0.008     91.011      0.000
    MRE2_5             0.744      0.008     90.602      0.000

 FRE2     BY
    FRE2_1             0.519      0.008     66.689      0.000
    FRE2_2             0.642      0.007     86.124      0.000
    FRE2_3             0.669      0.008     87.477      0.000
    FRE2_4             0.707      0.008     91.011      0.000
    FRE2_5             0.744      0.008     90.602      0.000

 MRE3     BY
    MRE3_1             0.519      0.008     66.689      0.000
    MRE3_2             0.642      0.007     86.124      0.000
    MRE3_3             0.669      0.008     87.477      0.000
    MRE3_4             0.707      0.008     91.011      0.000
    MRE3_5             0.744      0.008     90.602      0.000

 FRE3     BY
    FRE3_1             0.519      0.008     66.689      0.000
    FRE3_2             0.642      0.007     86.124      0.000
    FRE3_3             0.669      0.008     87.477      0.000
    FRE3_4             0.707      0.008     91.011      0.000
    FRE3_5             0.744      0.008     90.602      0.000

 MRE4     BY
    MRE4_1             0.519      0.008     66.689      0.000
    MRE4_2             0.642      0.007     86.124      0.000
    MRE4_3             0.669      0.008     87.477      0.000
    MRE4_4             0.707      0.008     91.011      0.000
    MRE4_5             0.744      0.008     90.602      0.000

 FRE4     BY
    FRE4_1             0.519      0.008     66.689      0.000
    FRE4_2             0.642      0.007     86.124      0.000
    FRE4_3             0.669      0.008     87.477      0.000
    FRE4_4             0.707      0.008     91.011      0.000
    FRE4_5             0.744      0.008     90.602      0.000

 FRE1     WITH
    MRE1               0.241      0.033      7.207      0.000

 MRE2     WITH
    MRE1               0.568      0.022     26.003      0.000
    FRE1               0.210      0.033      6.355      0.000

 FRE2     WITH
    MRE1               0.186      0.034      5.404      0.000
    FRE1               0.572      0.024     24.112      0.000
    MRE2               0.193      0.033      5.861      0.000

 MRE3     WITH
    MRE1               0.489      0.022     22.535      0.000
    FRE1               0.216      0.029      7.556      0.000
    MRE2               0.526      0.020     26.297      0.000
    FRE2               0.156      0.029      5.380      0.000

 FRE3     WITH
    MRE1               0.194      0.033      5.892      0.000
    FRE1               0.558      0.023     23.793      0.000
    MRE2               0.212      0.032      6.705      0.000
    FRE2               0.597      0.021     28.370      0.000
    MRE3               0.195      0.028      7.083      0.000

 MRE4     WITH
    MRE1               0.403      0.023     17.853      0.000
    FRE1               0.193      0.027      7.252      0.000
    MRE2               0.476      0.020     23.259      0.000
    FRE2               0.167      0.026      6.338      0.000
    MRE3               0.544      0.017     32.103      0.000
    FRE3               0.205      0.025      8.067      0.000

 FRE4     WITH
    MRE1               0.166      0.031      5.408      0.000
    FRE1               0.440      0.026     16.939      0.000
    MRE2               0.171      0.030      5.735      0.000
    FRE2               0.548      0.022     24.795      0.000
    MRE3               0.194      0.026      7.464      0.000
    FRE3               0.612      0.019     32.061      0.000
    MRE4               0.207      0.024      8.559      0.000

 MRE1_1   WITH
    MRE2_1             0.035      0.008      4.360      0.000
    MRE3_1             0.032      0.008      4.042      0.000
    MRE4_1             0.035      0.009      3.859      0.000
    FRE1_1             0.020      0.008      2.464      0.014

 MRE2_1   WITH
    MRE3_1             0.058      0.009      6.375      0.000
    MRE4_1             0.036      0.010      3.557      0.000
    FRE2_1            -0.010      0.009     -1.075      0.282

 MRE3_1   WITH
    MRE4_1             0.069      0.010      6.810      0.000
    FRE3_1             0.010      0.010      1.004      0.316

 MRE1_2   WITH
    MRE2_2             0.011      0.006      1.864      0.062
    MRE3_2             0.020      0.006      3.538      0.000
    MRE4_2             0.024      0.006      3.642      0.000
    FRE1_2            -0.001      0.007     -0.108      0.914

 MRE2_2   WITH
    MRE3_2             0.016      0.006      2.791      0.005
    MRE4_2             0.014      0.007      2.156      0.031
    FRE2_2            -0.001      0.007     -0.208      0.835

 MRE3_2   WITH
    MRE4_2             0.020      0.006      3.129      0.002
    FRE3_2            -0.002      0.007     -0.373      0.709

 MRE1_3   WITH
    MRE2_3             0.026      0.006      4.497      0.000
    MRE3_3             0.008      0.006      1.360      0.174
    MRE4_3             0.001      0.006      0.140      0.889
    FRE1_3             0.005      0.007      0.736      0.462

 MRE2_3   WITH
    MRE3_3             0.015      0.006      2.706      0.007
    MRE4_3             0.021      0.006      3.431      0.001
    FRE2_3             0.004      0.006      0.571      0.568

 MRE3_3   WITH
    MRE4_3             0.024      0.006      4.057      0.000
    FRE3_3             0.009      0.007      1.441      0.150

 MRE2_4   WITH
    MRE3_4             0.009      0.004      1.984      0.047
    MRE4_4             0.008      0.005      1.727      0.084
    FRE2_4            -0.002      0.005     -0.351      0.725

 MRE3_4   WITH
    MRE4_4             0.011      0.005      2.391      0.017
    FRE3_4             0.004      0.005      0.711      0.477

 MRE2_5   WITH
    MRE3_5             0.017      0.005      3.491      0.000
    MRE4_5             0.008      0.005      1.515      0.130
    FRE2_5             0.002      0.006      0.325      0.745

 MRE3_5   WITH
    MRE4_5             0.015      0.005      3.001      0.003
    FRE3_5             0.011      0.005      2.003      0.045

 FRE1_1   WITH
    FRE2_1             0.075      0.010      7.225      0.000
    FRE3_1             0.068      0.011      6.126      0.000
    FRE4_1             0.054      0.012      4.638      0.000

 FRE2_1   WITH
    FRE3_1             0.074      0.012      6.351      0.000
    FRE4_1             0.066      0.012      5.421      0.000

 FRE3_1   WITH
    FRE4_1             0.068      0.013      5.410      0.000

 FRE1_2   WITH
    FRE2_2             0.021      0.008      2.627      0.009
    FRE3_2             0.022      0.008      2.713      0.007
    FRE4_2             0.023      0.008      2.782      0.005

 FRE2_2   WITH
    FRE3_2             0.026      0.008      3.417      0.001
    FRE4_2             0.018      0.008      2.260      0.024

 FRE3_2   WITH
    FRE4_2             0.019      0.008      2.378      0.017

 FRE1_3   WITH
    FRE2_3             0.033      0.008      3.958      0.000
    FRE3_3             0.024      0.009      2.831      0.005
    FRE4_3             0.030      0.009      3.394      0.001

 FRE2_3   WITH
    FRE3_3             0.018      0.008      2.142      0.032
    FRE4_3             0.023      0.009      2.603      0.009

 FRE3_3   WITH
    FRE4_3             0.033      0.009      3.779      0.000

 FRE2_4   WITH
    FRE3_4             0.001      0.006      0.189      0.850
    FRE4_4             0.006      0.006      1.020      0.308

 FRE3_4   WITH
    FRE4_4             0.014      0.006      2.231      0.026

 FRE2_5   WITH
    FRE3_5             0.032      0.007      4.565      0.000
    FRE4_5             0.022      0.007      3.122      0.002

 FRE3_5   WITH
    FRE4_5             0.015      0.007      2.223      0.026

 MRE4_1   WITH
    FRE4_1             0.008      0.012      0.700      0.484

 MRE4_2   WITH
    FRE4_2             0.010      0.008      1.295      0.195

 MRE4_3   WITH
    FRE4_3            -0.003      0.008     -0.442      0.659

 MRE4_4   WITH
    FRE4_4             0.006      0.006      1.081      0.280

 MRE4_5   WITH
    FRE4_5             0.016      0.006      2.493      0.013

 Means
    MRE1               0.000      0.000    999.000    999.000
    FRE1               0.000      0.000    999.000    999.000
    MRE2               0.000      0.000    999.000    999.000
    FRE2               0.000      0.000    999.000    999.000
    MRE3               0.000      0.000    999.000    999.000
    FRE3               0.000      0.000    999.000    999.000
    MRE4               0.000      0.000    999.000    999.000
    FRE4               0.000      0.000    999.000    999.000

 Intercepts
    MRE1_1             4.273      0.017    246.518      0.000
    MRE1_2             4.204      0.018    231.821      0.000
    MRE1_3             4.159      0.019    223.438      0.000
    MRE2_1             4.157      0.019    218.801      0.000
    MRE2_2             4.066      0.019    209.700      0.000
    MRE2_3             4.105      0.020    209.022      0.000
    MRE2_4             4.186      0.019    214.682      0.000
    MRE2_5             4.075      0.021    196.876      0.000
    MRE3_1             4.161      0.019    219.133      0.000
    MRE3_2             4.091      0.019    216.730      0.000
    MRE3_3             4.131      0.019    214.574      0.000
    MRE3_4             4.150      0.019    217.699      0.000
    MRE3_5             4.080      0.020    203.831      0.000
    MRE4_1             4.019      0.021    194.723      0.000
    MRE4_2             3.905      0.020    193.877      0.000
    MRE4_3             3.953      0.020    196.790      0.000
    MRE4_4             3.997      0.020    199.849      0.000
    MRE4_5             3.902      0.021    185.944      0.000
    FRE1_1             3.966      0.020    200.264      0.000
    FRE1_2             3.946      0.020    194.500      0.000
    FRE1_3             3.946      0.021    189.383      0.000
    FRE2_1             3.907      0.021    186.856      0.000
    FRE2_2             3.915      0.021    185.059      0.000
    FRE2_3             3.900      0.022    175.788      0.000
    FRE2_4             3.987      0.022    184.497      0.000
    FRE2_5             3.839      0.023    167.763      0.000
    FRE3_1             3.814      0.022    176.954      0.000
    FRE3_2             3.860      0.021    183.340      0.000
    FRE3_3             3.829      0.022    174.912      0.000
    FRE3_4             3.918      0.021    183.100      0.000
    FRE3_5             3.806      0.022    170.431      0.000
    FRE4_1             3.763      0.023    164.930      0.000
    FRE4_2             3.785      0.022    172.349      0.000
    FRE4_3             3.739      0.023    161.688      0.000
    FRE4_4             3.809      0.022    172.723      0.000
    FRE4_5             3.714      0.023    160.340      0.000

 Variances
    MRE1               1.000      0.000    999.000    999.000
    FRE1               1.000      0.000    999.000    999.000
    MRE2               1.000      0.000    999.000    999.000
    FRE2               1.000      0.000    999.000    999.000
    MRE3               1.000      0.000    999.000    999.000
    FRE3               1.000      0.000    999.000    999.000
    MRE4               1.000      0.000    999.000    999.000
    FRE4               1.000      0.000    999.000    999.000

 Residual Variances
    MRE1_1             0.248      0.010     25.149      0.000
    MRE1_2             0.155      0.008     18.738      0.000
    MRE1_3             0.151      0.009     17.586      0.000
    MRE2_1             0.307      0.012     26.138      0.000
    MRE2_2             0.193      0.008     23.591      0.000
    MRE2_3             0.176      0.008     22.773      0.000
    MRE2_4             0.116      0.006     19.468      0.000
    MRE2_5             0.139      0.007     20.225      0.000
    MRE3_1             0.339      0.012     27.264      0.000
    MRE3_2             0.190      0.008     24.371      0.000
    MRE3_3             0.180      0.008     23.681      0.000
    MRE3_4             0.116      0.006     20.255      0.000
    MRE3_5             0.125      0.006     20.153      0.000
    MRE4_1             0.411      0.016     26.481      0.000
    MRE4_2             0.239      0.010     23.664      0.000
    MRE4_3             0.202      0.009     22.301      0.000
    MRE4_4             0.146      0.007     19.752      0.000
    MRE4_5             0.156      0.008     19.493      0.000
    FRE1_1             0.308      0.013     23.079      0.000
    FRE1_2             0.197      0.011     17.709      0.000
    FRE1_3             0.197      0.012     16.999      0.000
    FRE2_1             0.331      0.014     23.818      0.000
    FRE2_2             0.208      0.010     21.124      0.000
    FRE2_3             0.237      0.011     21.418      0.000
    FRE2_4             0.152      0.008     18.418      0.000
    FRE2_5             0.179      0.009     19.008      0.000
    FRE3_1             0.386      0.016     24.496      0.000
    FRE3_2             0.222      0.010     21.813      0.000
    FRE3_3             0.238      0.011     21.781      0.000
    FRE3_4             0.159      0.008     19.048      0.000
    FRE3_5             0.165      0.009     18.687      0.000
    FRE4_1             0.399      0.017     23.325      0.000
    FRE4_2             0.218      0.011     20.723      0.000
    FRE4_3             0.252      0.012     20.929      0.000
    FRE4_4             0.143      0.008     17.549      0.000
    FRE4_5             0.156      0.009     17.497      0.000


STANDARDIZED MODEL RESULTS


STDYX Standardization

                                                    Two-Tailed
                    Estimate       S.E.  Est./S.E.    P-Value

 MRE1     BY
    MRE1_1             0.721      0.009     81.171      0.000
    MRE1_2             0.852      0.007    122.326      0.000
    MRE1_3             0.865      0.007    124.398      0.000

 FRE1     BY
    FRE1_1             0.683      0.010     68.523      0.000
    FRE1_2             0.823      0.008     98.247      0.000
    FRE1_3             0.833      0.008    100.542      0.000

 MRE2     BY
    MRE2_1             0.683      0.009     75.623      0.000
    MRE2_2             0.825      0.006    127.559      0.000
    MRE2_3             0.847      0.006    140.884      0.000
    MRE2_4             0.901      0.005    186.736      0.000
    MRE2_5             0.894      0.005    180.181      0.000

 FRE2     BY
    FRE2_1             0.670      0.010     69.008      0.000
    FRE2_2             0.815      0.007    111.173      0.000
    FRE2_3             0.809      0.007    109.231      0.000
    FRE2_4             0.875      0.006    143.735      0.000
    FRE2_5             0.869      0.006    141.581      0.000

 MRE3     BY
    MRE3_1             0.665      0.009     73.387      0.000
    MRE3_2             0.827      0.006    131.076      0.000
    MRE3_3             0.844      0.006    142.678      0.000
    MRE3_4             0.901      0.005    190.035      0.000
    MRE3_5             0.903      0.005    195.382      0.000

 FRE3     BY
    FRE3_1             0.641      0.010     65.595      0.000
    FRE3_2             0.807      0.007    109.126      0.000
    FRE3_3             0.808      0.007    110.073      0.000
    FRE3_4             0.871      0.006    142.984      0.000
    FRE3_5             0.878      0.006    148.649      0.000

 MRE4     BY
    MRE4_1             0.629      0.009     67.232      0.000
    MRE4_2             0.795      0.007    109.438      0.000
    MRE4_3             0.830      0.007    124.356      0.000
    MRE4_4             0.880      0.006    155.061      0.000
    MRE4_5             0.883      0.006    157.234      0.000

 FRE4     BY
    FRE4_1             0.635      0.010     62.659      0.000
    FRE4_2             0.809      0.008    106.036      0.000
    FRE4_3             0.800      0.008    102.520      0.000
    FRE4_4             0.881      0.006    143.406      0.000
    FRE4_5             0.883      0.006    144.832      0.000

 FRE1     WITH
    MRE1               0.241      0.033      7.207      0.000

 MRE2     WITH
    MRE1               0.568      0.022     26.003      0.000
    FRE1               0.210      0.033      6.355      0.000

 FRE2     WITH
    MRE1               0.186      0.034      5.404      0.000
    FRE1               0.572      0.024     24.112      0.000
    MRE2               0.193      0.033      5.861      0.000

 MRE3     WITH
    MRE1               0.489      0.022     22.535      0.000
    FRE1               0.216      0.029      7.556      0.000
    MRE2               0.526      0.020     26.297      0.000
    FRE2               0.156      0.029      5.380      0.000

 FRE3     WITH
    MRE1               0.194      0.033      5.892      0.000
    FRE1               0.558      0.023     23.793      0.000
    MRE2               0.212      0.032      6.705      0.000
    FRE2               0.597      0.021     28.370      0.000
    MRE3               0.195      0.028      7.083      0.000

 MRE4     WITH
    MRE1               0.403      0.023     17.853      0.000
    FRE1               0.193      0.027      7.252      0.000
    MRE2               0.476      0.020     23.259      0.000
    FRE2               0.167      0.026      6.338      0.000
    MRE3               0.544      0.017     32.103      0.000
    FRE3               0.205      0.025      8.067      0.000

 FRE4     WITH
    MRE1               0.166      0.031      5.408      0.000
    FRE1               0.440      0.026     16.939      0.000
    MRE2               0.171      0.030      5.735      0.000
    FRE2               0.548      0.022     24.795      0.000
    MRE3               0.194      0.026      7.464      0.000
    FRE3               0.612      0.019     32.061      0.000
    MRE4               0.207      0.024      8.559      0.000

 MRE1_1   WITH
    MRE2_1             0.126      0.028      4.457      0.000
    MRE3_1             0.112      0.027      4.114      0.000
    MRE4_1             0.109      0.028      3.919      0.000
    FRE1_1             0.073      0.030      2.476      0.013

 MRE2_1   WITH
    MRE3_1             0.178      0.027      6.669      0.000
    MRE4_1             0.101      0.028      3.608      0.000
    FRE2_1            -0.030      0.028     -1.077      0.281

 MRE3_1   WITH
    MRE4_1             0.185      0.026      7.159      0.000
    FRE3_1             0.027      0.027      1.004      0.315

 MRE1_2   WITH
    MRE2_2             0.063      0.033      1.879      0.060
    MRE3_2             0.117      0.032      3.601      0.000
    MRE4_2             0.123      0.033      3.703      0.000
    FRE1_2            -0.004      0.040     -0.108      0.914

 MRE2_2   WITH
    MRE3_2             0.086      0.030      2.825      0.005
    MRE4_2             0.066      0.030      2.171      0.030
    FRE2_2            -0.007      0.033     -0.208      0.835

 MRE3_2   WITH
    MRE4_2             0.095      0.030      3.176      0.001
    FRE3_2            -0.012      0.032     -0.373      0.709

 MRE1_3   WITH
    MRE2_3             0.162      0.035      4.641      0.000
    MRE3_3             0.046      0.034      1.366      0.172
    MRE4_3             0.005      0.035      0.140      0.888
    FRE1_3             0.031      0.041      0.737      0.461

 MRE2_3   WITH
    MRE3_3             0.085      0.031      2.739      0.006
    MRE4_3             0.109      0.031      3.487      0.000
    FRE2_3             0.018      0.032      0.571      0.568

 MRE3_3   WITH
    MRE4_3             0.127      0.030      4.161      0.000
    FRE3_3             0.046      0.032      1.445      0.148

 MRE2_4   WITH
    MRE3_4             0.074      0.037      2.007      0.045
    MRE4_4             0.063      0.036      1.739      0.082
    FRE2_4            -0.013      0.038     -0.351      0.725

 MRE3_4   WITH
    MRE4_4             0.086      0.035      2.428      0.015
    FRE3_4             0.027      0.038      0.712      0.477

 MRE2_5   WITH
    MRE3_5             0.125      0.035      3.571      0.000
    MRE4_5             0.055      0.036      1.523      0.128
    FRE2_5             0.012      0.036      0.325      0.745

 MRE3_5   WITH
    MRE4_5             0.108      0.035      3.062      0.002
    FRE3_5             0.075      0.037      2.015      0.044

 FRE1_1   WITH
    FRE2_1             0.235      0.030      7.750      0.000
    FRE3_1             0.196      0.030      6.428      0.000
    FRE4_1             0.155      0.033      4.775      0.000

 FRE2_1   WITH
    FRE3_1             0.206      0.031      6.702      0.000
    FRE4_1             0.182      0.032      5.646      0.000

 FRE3_1   WITH
    FRE4_1             0.174      0.031      5.629      0.000

 FRE1_2   WITH
    FRE2_2             0.102      0.038      2.671      0.008
    FRE3_2             0.104      0.038      2.757      0.006
    FRE4_2             0.112      0.040      2.822      0.005

 FRE2_2   WITH
    FRE3_2             0.123      0.035      3.491      0.000
    FRE4_2             0.085      0.037      2.284      0.022

 FRE3_2   WITH
    FRE4_2             0.086      0.036      2.408      0.016

 FRE1_3   WITH
    FRE2_3             0.155      0.038      4.082      0.000
    FRE3_3             0.111      0.039      2.879      0.004
    FRE4_3             0.137      0.039      3.464      0.001

 FRE2_3   WITH
    FRE3_3             0.074      0.034      2.163      0.031
    FRE4_3             0.094      0.036      2.636      0.008

 FRE3_3   WITH
    FRE4_3             0.134      0.035      3.876      0.000

 FRE2_4   WITH
    FRE3_4             0.008      0.041      0.189      0.850
    FRE4_4             0.043      0.042      1.025      0.305

 FRE3_4   WITH
    FRE4_4             0.093      0.041      2.266      0.023

 FRE2_5   WITH
    FRE3_5             0.184      0.039      4.755      0.000
    FRE4_5             0.131      0.041      3.191      0.001

 FRE3_5   WITH
    FRE4_5             0.095      0.042      2.258      0.024

 MRE4_1   WITH
    FRE4_1             0.020      0.029      0.701      0.483

 MRE4_2   WITH
    FRE4_2             0.044      0.034      1.300      0.194

 MRE4_3   WITH
    FRE4_3            -0.015      0.034     -0.441      0.659

 MRE4_4   WITH
    FRE4_4             0.043      0.040      1.085      0.278

 MRE4_5   WITH
    FRE4_5             0.100      0.040      2.521      0.012

 Means
    MRE1               0.000      0.000    999.000    999.000
    FRE1               0.000      0.000    999.000    999.000
    MRE2               0.000      0.000    999.000    999.000
    FRE2               0.000      0.000    999.000    999.000
    MRE3               0.000      0.000    999.000    999.000
    FRE3               0.000      0.000    999.000    999.000
    MRE4               0.000      0.000    999.000    999.000
    FRE4               0.000      0.000    999.000    999.000

 Intercepts
    MRE1_1             5.940      0.075     79.422      0.000
    MRE1_2             5.580      0.065     86.462      0.000
    MRE1_3             5.377      0.061     87.533      0.000
    MRE2_1             5.474      0.071     77.186      0.000
    MRE2_2             5.224      0.059     88.789      0.000
    MRE2_3             5.201      0.058     89.607      0.000
    MRE2_4             5.336      0.059     91.136      0.000
    MRE2_5             4.893      0.054     89.892      0.000
    MRE3_1             5.337      0.068     79.022      0.000
    MRE3_2             5.269      0.058     91.159      0.000
    MRE3_3             5.216      0.057     91.022      0.000
    MRE3_4             5.289      0.057     93.279      0.000
    MRE3_5             4.951      0.054     91.192      0.000
    MRE4_1             4.874      0.066     73.375      0.000
    MRE4_2             4.836      0.056     87.054      0.000
    MRE4_3             4.906      0.056     88.077      0.000
    MRE4_4             4.976      0.055     91.019      0.000
    MRE4_5             4.630      0.052     89.503      0.000
    FRE1_1             5.220      0.073     71.832      0.000
    FRE1_2             5.056      0.063     79.666      0.000
    FRE1_3             4.917      0.062     79.433      0.000
    FRE2_1             5.042      0.072     70.467      0.000
    FRE2_2             4.968      0.060     82.696      0.000
    FRE2_3             4.717      0.057     82.259      0.000
    FRE2_4             4.939      0.057     86.092      0.000
    FRE2_5             4.484      0.053     83.986      0.000
    FRE3_1             4.711      0.068     69.238      0.000
    FRE3_2             4.847      0.058     83.062      0.000
    FRE3_3             4.624      0.056     82.616      0.000
    FRE3_4             4.828      0.056     86.252      0.000
    FRE3_5             4.489      0.053     84.372      0.000
    FRE4_1             4.604      0.070     65.899      0.000
    FRE4_2             4.766      0.059     80.202      0.000
    FRE4_3             4.471      0.056     79.343      0.000
    FRE4_4             4.751      0.056     84.790      0.000
    FRE4_5             4.407      0.053     83.221      0.000

 Variances
    MRE1               1.000      0.000    999.000    999.000
    FRE1               1.000      0.000    999.000    999.000
    MRE2               1.000      0.000    999.000    999.000
    FRE2               1.000      0.000    999.000    999.000
    MRE3               1.000      0.000    999.000    999.000
    FRE3               1.000      0.000    999.000    999.000
    MRE4               1.000      0.000    999.000    999.000
    FRE4               1.000      0.000    999.000    999.000

 Residual Variances
    MRE1_1             0.480      0.013     37.416      0.000
    MRE1_2             0.273      0.012     23.021      0.000
    MRE1_3             0.252      0.012     21.006      0.000
    MRE2_1             0.533      0.012     43.174      0.000
    MRE2_2             0.319      0.011     29.886      0.000
    MRE2_3             0.282      0.010     27.668      0.000
    MRE2_4             0.188      0.009     21.649      0.000
    MRE2_5             0.201      0.009     22.671      0.000
    MRE3_1             0.557      0.012     46.172      0.000
    MRE3_2             0.316      0.010     30.251      0.000
    MRE3_3             0.287      0.010     28.720      0.000
    MRE3_4             0.189      0.009     22.112      0.000
    MRE3_5             0.184      0.008     22.015      0.000
    MRE4_1             0.604      0.012     51.313      0.000
    MRE4_2             0.367      0.012     31.759      0.000
    MRE4_3             0.311      0.011     28.074      0.000
    MRE4_4             0.226      0.010     22.631      0.000
    MRE4_5             0.220      0.010     22.158      0.000
    FRE1_1             0.533      0.014     39.182      0.000
    FRE1_2             0.323      0.014     23.440      0.000
    FRE1_3             0.306      0.014     22.147      0.000
    FRE2_1             0.552      0.013     42.443      0.000
    FRE2_2             0.336      0.012     28.095      0.000
    FRE2_3             0.346      0.012     28.908      0.000
    FRE2_4             0.234      0.011     21.910      0.000
    FRE2_5             0.244      0.011     22.853      0.000
    FRE3_1             0.589      0.013     47.069      0.000
    FRE3_2             0.349      0.012     29.313      0.000
    FRE3_3             0.348      0.012     29.339      0.000
    FRE3_4             0.242      0.011     22.768      0.000
    FRE3_5             0.229      0.010     22.108      0.000
    FRE4_1             0.597      0.013     46.390      0.000
    FRE4_2             0.346      0.012     28.089      0.000
    FRE4_3             0.360      0.012     28.895      0.000
    FRE4_4             0.223      0.011     20.586      0.000
    FRE4_5             0.220      0.011     20.419      0.000


STDY Standardization

                                                    Two-Tailed
                    Estimate       S.E.  Est./S.E.    P-Value

 MRE1     BY
    MRE1_1             0.721      0.009     81.171      0.000
    MRE1_2             0.852      0.007    122.326      0.000
    MRE1_3             0.865      0.007    124.398      0.000

 FRE1     BY
    FRE1_1             0.683      0.010     68.523      0.000
    FRE1_2             0.823      0.008     98.247      0.000
    FRE1_3             0.833      0.008    100.542      0.000

 MRE2     BY
    MRE2_1             0.683      0.009     75.623      0.000
    MRE2_2             0.825      0.006    127.559      0.000
    MRE2_3             0.847      0.006    140.884      0.000
    MRE2_4             0.901      0.005    186.736      0.000
    MRE2_5             0.894      0.005    180.181      0.000

 FRE2     BY
    FRE2_1             0.670      0.010     69.008      0.000
    FRE2_2             0.815      0.007    111.173      0.000
    FRE2_3             0.809      0.007    109.231      0.000
    FRE2_4             0.875      0.006    143.735      0.000
    FRE2_5             0.869      0.006    141.581      0.000

 MRE3     BY
    MRE3_1             0.665      0.009     73.387      0.000
    MRE3_2             0.827      0.006    131.076      0.000
    MRE3_3             0.844      0.006    142.678      0.000
    MRE3_4             0.901      0.005    190.035      0.000
    MRE3_5             0.903      0.005    195.382      0.000

 FRE3     BY
    FRE3_1             0.641      0.010     65.595      0.000
    FRE3_2             0.807      0.007    109.126      0.000
    FRE3_3             0.808      0.007    110.073      0.000
    FRE3_4             0.871      0.006    142.984      0.000
    FRE3_5             0.878      0.006    148.649      0.000

 MRE4     BY
    MRE4_1             0.629      0.009     67.232      0.000
    MRE4_2             0.795      0.007    109.438      0.000
    MRE4_3             0.830      0.007    124.356      0.000
    MRE4_4             0.880      0.006    155.061      0.000
    MRE4_5             0.883      0.006    157.234      0.000

 FRE4     BY
    FRE4_1             0.635      0.010     62.659      0.000
    FRE4_2             0.809      0.008    106.036      0.000
    FRE4_3             0.800      0.008    102.520      0.000
    FRE4_4             0.881      0.006    143.406      0.000
    FRE4_5             0.883      0.006    144.832      0.000

 FRE1     WITH
    MRE1               0.241      0.033      7.207      0.000

 MRE2     WITH
    MRE1               0.568      0.022     26.003      0.000
    FRE1               0.210      0.033      6.355      0.000

 FRE2     WITH
    MRE1               0.186      0.034      5.404      0.000
    FRE1               0.572      0.024     24.112      0.000
    MRE2               0.193      0.033      5.861      0.000

 MRE3     WITH
    MRE1               0.489      0.022     22.535      0.000
    FRE1               0.216      0.029      7.556      0.000
    MRE2               0.526      0.020     26.297      0.000
    FRE2               0.156      0.029      5.380      0.000

 FRE3     WITH
    MRE1               0.194      0.033      5.892      0.000
    FRE1               0.558      0.023     23.793      0.000
    MRE2               0.212      0.032      6.705      0.000
    FRE2               0.597      0.021     28.370      0.000
    MRE3               0.195      0.028      7.083      0.000

 MRE4     WITH
    MRE1               0.403      0.023     17.853      0.000
    FRE1               0.193      0.027      7.252      0.000
    MRE2               0.476      0.020     23.259      0.000
    FRE2               0.167      0.026      6.338      0.000
    MRE3               0.544      0.017     32.103      0.000
    FRE3               0.205      0.025      8.067      0.000

 FRE4     WITH
    MRE1               0.166      0.031      5.408      0.000
    FRE1               0.440      0.026     16.939      0.000
    MRE2               0.171      0.030      5.735      0.000
    FRE2               0.548      0.022     24.795      0.000
    MRE3               0.194      0.026      7.464      0.000
    FRE3               0.612      0.019     32.061      0.000
    MRE4               0.207      0.024      8.559      0.000

 MRE1_1   WITH
    MRE2_1             0.126      0.028      4.457      0.000
    MRE3_1             0.112      0.027      4.114      0.000
    MRE4_1             0.109      0.028      3.919      0.000
    FRE1_1             0.073      0.030      2.476      0.013

 MRE2_1   WITH
    MRE3_1             0.178      0.027      6.669      0.000
    MRE4_1             0.101      0.028      3.608      0.000
    FRE2_1            -0.030      0.028     -1.077      0.281

 MRE3_1   WITH
    MRE4_1             0.185      0.026      7.159      0.000
    FRE3_1             0.027      0.027      1.004      0.315

 MRE1_2   WITH
    MRE2_2             0.063      0.033      1.879      0.060
    MRE3_2             0.117      0.032      3.601      0.000
    MRE4_2             0.123      0.033      3.703      0.000
    FRE1_2            -0.004      0.040     -0.108      0.914

 MRE2_2   WITH
    MRE3_2             0.086      0.030      2.825      0.005
    MRE4_2             0.066      0.030      2.171      0.030
    FRE2_2            -0.007      0.033     -0.208      0.835

 MRE3_2   WITH
    MRE4_2             0.095      0.030      3.176      0.001
    FRE3_2            -0.012      0.032     -0.373      0.709

 MRE1_3   WITH
    MRE2_3             0.162      0.035      4.641      0.000
    MRE3_3             0.046      0.034      1.366      0.172
    MRE4_3             0.005      0.035      0.140      0.888
    FRE1_3             0.031      0.041      0.737      0.461

 MRE2_3   WITH
    MRE3_3             0.085      0.031      2.739      0.006
    MRE4_3             0.109      0.031      3.487      0.000
    FRE2_3             0.018      0.032      0.571      0.568

 MRE3_3   WITH
    MRE4_3             0.127      0.030      4.161      0.000
    FRE3_3             0.046      0.032      1.445      0.148

 MRE2_4   WITH
    MRE3_4             0.074      0.037      2.007      0.045
    MRE4_4             0.063      0.036      1.739      0.082
    FRE2_4            -0.013      0.038     -0.351      0.725

 MRE3_4   WITH
    MRE4_4             0.086      0.035      2.428      0.015
    FRE3_4             0.027      0.038      0.712      0.477

 MRE2_5   WITH
    MRE3_5             0.125      0.035      3.571      0.000
    MRE4_5             0.055      0.036      1.523      0.128
    FRE2_5             0.012      0.036      0.325      0.745

 MRE3_5   WITH
    MRE4_5             0.108      0.035      3.062      0.002
    FRE3_5             0.075      0.037      2.015      0.044

 FRE1_1   WITH
    FRE2_1             0.235      0.030      7.750      0.000
    FRE3_1             0.196      0.030      6.428      0.000
    FRE4_1             0.155      0.033      4.775      0.000

 FRE2_1   WITH
    FRE3_1             0.206      0.031      6.702      0.000
    FRE4_1             0.182      0.032      5.646      0.000

 FRE3_1   WITH
    FRE4_1             0.174      0.031      5.629      0.000

 FRE1_2   WITH
    FRE2_2             0.102      0.038      2.671      0.008
    FRE3_2             0.104      0.038      2.757      0.006
    FRE4_2             0.112      0.040      2.822      0.005

 FRE2_2   WITH
    FRE3_2             0.123      0.035      3.491      0.000
    FRE4_2             0.085      0.037      2.284      0.022

 FRE3_2   WITH
    FRE4_2             0.086      0.036      2.408      0.016

 FRE1_3   WITH
    FRE2_3             0.155      0.038      4.082      0.000
    FRE3_3             0.111      0.039      2.879      0.004
    FRE4_3             0.137      0.039      3.464      0.001

 FRE2_3   WITH
    FRE3_3             0.074      0.034      2.163      0.031
    FRE4_3             0.094      0.036      2.636      0.008

 FRE3_3   WITH
    FRE4_3             0.134      0.035      3.876      0.000

 FRE2_4   WITH
    FRE3_4             0.008      0.041      0.189      0.850
    FRE4_4             0.043      0.042      1.025      0.305

 FRE3_4   WITH
    FRE4_4             0.093      0.041      2.266      0.023

 FRE2_5   WITH
    FRE3_5             0.184      0.039      4.755      0.000
    FRE4_5             0.131      0.041      3.191      0.001

 FRE3_5   WITH
    FRE4_5             0.095      0.042      2.258      0.024

 MRE4_1   WITH
    FRE4_1             0.020      0.029      0.701      0.483

 MRE4_2   WITH
    FRE4_2             0.044      0.034      1.300      0.194

 MRE4_3   WITH
    FRE4_3            -0.015      0.034     -0.441      0.659

 MRE4_4   WITH
    FRE4_4             0.043      0.040      1.085      0.278

 MRE4_5   WITH
    FRE4_5             0.100      0.040      2.521      0.012

 Means
    MRE1               0.000      0.000    999.000    999.000
    FRE1               0.000      0.000    999.000    999.000
    MRE2               0.000      0.000    999.000    999.000
    FRE2               0.000      0.000    999.000    999.000
    MRE3               0.000      0.000    999.000    999.000
    FRE3               0.000      0.000    999.000    999.000
    MRE4               0.000      0.000    999.000    999.000
    FRE4               0.000      0.000    999.000    999.000

 Intercepts
    MRE1_1             5.940      0.075     79.422      0.000
    MRE1_2             5.580      0.065     86.462      0.000
    MRE1_3             5.377      0.061     87.533      0.000
    MRE2_1             5.474      0.071     77.186      0.000
    MRE2_2             5.224      0.059     88.789      0.000
    MRE2_3             5.201      0.058     89.607      0.000
    MRE2_4             5.336      0.059     91.136      0.000
    MRE2_5             4.893      0.054     89.892      0.000
    MRE3_1             5.337      0.068     79.022      0.000
    MRE3_2             5.269      0.058     91.159      0.000
    MRE3_3             5.216      0.057     91.022      0.000
    MRE3_4             5.289      0.057     93.279      0.000
    MRE3_5             4.951      0.054     91.192      0.000
    MRE4_1             4.874      0.066     73.375      0.000
    MRE4_2             4.836      0.056     87.054      0.000
    MRE4_3             4.906      0.056     88.077      0.000
    MRE4_4             4.976      0.055     91.019      0.000
    MRE4_5             4.630      0.052     89.503      0.000
    FRE1_1             5.220      0.073     71.832      0.000
    FRE1_2             5.056      0.063     79.666      0.000
    FRE1_3             4.917      0.062     79.433      0.000
    FRE2_1             5.042      0.072     70.467      0.000
    FRE2_2             4.968      0.060     82.696      0.000
    FRE2_3             4.717      0.057     82.259      0.000
    FRE2_4             4.939      0.057     86.092      0.000
    FRE2_5             4.484      0.053     83.986      0.000
    FRE3_1             4.711      0.068     69.238      0.000
    FRE3_2             4.847      0.058     83.062      0.000
    FRE3_3             4.624      0.056     82.616      0.000
    FRE3_4             4.828      0.056     86.252      0.000
    FRE3_5             4.489      0.053     84.372      0.000
    FRE4_1             4.604      0.070     65.899      0.000
    FRE4_2             4.766      0.059     80.202      0.000
    FRE4_3             4.471      0.056     79.343      0.000
    FRE4_4             4.751      0.056     84.790      0.000
    FRE4_5             4.407      0.053     83.221      0.000

 Variances
    MRE1               1.000      0.000    999.000    999.000
    FRE1               1.000      0.000    999.000    999.000
    MRE2               1.000      0.000    999.000    999.000
    FRE2               1.000      0.000    999.000    999.000
    MRE3               1.000      0.000    999.000    999.000
    FRE3               1.000      0.000    999.000    999.000
    MRE4               1.000      0.000    999.000    999.000
    FRE4               1.000      0.000    999.000    999.000

 Residual Variances
    MRE1_1             0.480      0.013     37.416      0.000
    MRE1_2             0.273      0.012     23.021      0.000
    MRE1_3             0.252      0.012     21.006      0.000
    MRE2_1             0.533      0.012     43.174      0.000
    MRE2_2             0.319      0.011     29.886      0.000
    MRE2_3             0.282      0.010     27.668      0.000
    MRE2_4             0.188      0.009     21.649      0.000
    MRE2_5             0.201      0.009     22.671      0.000
    MRE3_1             0.557      0.012     46.172      0.000
    MRE3_2             0.316      0.010     30.251      0.000
    MRE3_3             0.287      0.010     28.720      0.000
    MRE3_4             0.189      0.009     22.112      0.000
    MRE3_5             0.184      0.008     22.015      0.000
    MRE4_1             0.604      0.012     51.313      0.000
    MRE4_2             0.367      0.012     31.759      0.000
    MRE4_3             0.311      0.011     28.074      0.000
    MRE4_4             0.226      0.010     22.631      0.000
    MRE4_5             0.220      0.010     22.158      0.000
    FRE1_1             0.533      0.014     39.182      0.000
    FRE1_2             0.323      0.014     23.440      0.000
    FRE1_3             0.306      0.014     22.147      0.000
    FRE2_1             0.552      0.013     42.443      0.000
    FRE2_2             0.336      0.012     28.095      0.000
    FRE2_3             0.346      0.012     28.908      0.000
    FRE2_4             0.234      0.011     21.910      0.000
    FRE2_5             0.244      0.011     22.853      0.000
    FRE3_1             0.589      0.013     47.069      0.000
    FRE3_2             0.349      0.012     29.313      0.000
    FRE3_3             0.348      0.012     29.339      0.000
    FRE3_4             0.242      0.011     22.768      0.000
    FRE3_5             0.229      0.010     22.108      0.000
    FRE4_1             0.597      0.013     46.390      0.000
    FRE4_2             0.346      0.012     28.089      0.000
    FRE4_3             0.360      0.012     28.895      0.000
    FRE4_4             0.223      0.011     20.586      0.000
    FRE4_5             0.220      0.011     20.419      0.000


STD Standardization

                                                    Two-Tailed
                    Estimate       S.E.  Est./S.E.    P-Value

 MRE1     BY
    MRE1_1             0.519      0.008     66.689      0.000
    MRE1_2             0.642      0.007     86.124      0.000
    MRE1_3             0.669      0.008     87.477      0.000

 FRE1     BY
    FRE1_1             0.519      0.008     66.689      0.000
    FRE1_2             0.642      0.007     86.124      0.000
    FRE1_3             0.669      0.008     87.477      0.000

 MRE2     BY
    MRE2_1             0.519      0.008     66.689      0.000
    MRE2_2             0.642      0.007     86.124      0.000
    MRE2_3             0.669      0.008     87.477      0.000
    MRE2_4             0.707      0.008     91.011      0.000
    MRE2_5             0.744      0.008     90.602      0.000

 FRE2     BY
    FRE2_1             0.519      0.008     66.689      0.000
    FRE2_2             0.642      0.007     86.124      0.000
    FRE2_3             0.669      0.008     87.477      0.000
    FRE2_4             0.707      0.008     91.011      0.000
    FRE2_5             0.744      0.008     90.602      0.000

 MRE3     BY
    MRE3_1             0.519      0.008     66.689      0.000
    MRE3_2             0.642      0.007     86.124      0.000
    MRE3_3             0.669      0.008     87.477      0.000
    MRE3_4             0.707      0.008     91.011      0.000
    MRE3_5             0.744      0.008     90.602      0.000

 FRE3     BY
    FRE3_1             0.519      0.008     66.689      0.000
    FRE3_2             0.642      0.007     86.124      0.000
    FRE3_3             0.669      0.008     87.477      0.000
    FRE3_4             0.707      0.008     91.011      0.000
    FRE3_5             0.744      0.008     90.602      0.000

 MRE4     BY
    MRE4_1             0.519      0.008     66.689      0.000
    MRE4_2             0.642      0.007     86.124      0.000
    MRE4_3             0.669      0.008     87.477      0.000
    MRE4_4             0.707      0.008     91.011      0.000
    MRE4_5             0.744      0.008     90.602      0.000

 FRE4     BY
    FRE4_1             0.519      0.008     66.689      0.000
    FRE4_2             0.642      0.007     86.124      0.000
    FRE4_3             0.669      0.008     87.477      0.000
    FRE4_4             0.707      0.008     91.011      0.000
    FRE4_5             0.744      0.008     90.602      0.000

 FRE1     WITH
    MRE1               0.241      0.033      7.207      0.000

 MRE2     WITH
    MRE1               0.568      0.022     26.003      0.000
    FRE1               0.210      0.033      6.355      0.000

 FRE2     WITH
    MRE1               0.186      0.034      5.404      0.000
    FRE1               0.572      0.024     24.112      0.000
    MRE2               0.193      0.033      5.861      0.000

 MRE3     WITH
    MRE1               0.489      0.022     22.535      0.000
    FRE1               0.216      0.029      7.556      0.000
    MRE2               0.526      0.020     26.297      0.000
    FRE2               0.156      0.029      5.380      0.000

 FRE3     WITH
    MRE1               0.194      0.033      5.892      0.000
    FRE1               0.558      0.023     23.793      0.000
    MRE2               0.212      0.032      6.705      0.000
    FRE2               0.597      0.021     28.370      0.000
    MRE3               0.195      0.028      7.083      0.000

 MRE4     WITH
    MRE1               0.403      0.023     17.853      0.000
    FRE1               0.193      0.027      7.252      0.000
    MRE2               0.476      0.020     23.259      0.000
    FRE2               0.167      0.026      6.338      0.000
    MRE3               0.544      0.017     32.103      0.000
    FRE3               0.205      0.025      8.067      0.000

 FRE4     WITH
    MRE1               0.166      0.031      5.408      0.000
    FRE1               0.440      0.026     16.939      0.000
    MRE2               0.171      0.030      5.735      0.000
    FRE2               0.548      0.022     24.795      0.000
    MRE3               0.194      0.026      7.464      0.000
    FRE3               0.612      0.019     32.061      0.000
    MRE4               0.207      0.024      8.559      0.000

 MRE1_1   WITH
    MRE2_1             0.035      0.008      4.360      0.000
    MRE3_1             0.032      0.008      4.042      0.000
    MRE4_1             0.035      0.009      3.859      0.000
    FRE1_1             0.020      0.008      2.464      0.014

 MRE2_1   WITH
    MRE3_1             0.058      0.009      6.375      0.000
    MRE4_1             0.036      0.010      3.557      0.000
    FRE2_1            -0.010      0.009     -1.075      0.282

 MRE3_1   WITH
    MRE4_1             0.069      0.010      6.810      0.000
    FRE3_1             0.010      0.010      1.004      0.316

 MRE1_2   WITH
    MRE2_2             0.011      0.006      1.864      0.062
    MRE3_2             0.020      0.006      3.538      0.000
    MRE4_2             0.024      0.006      3.642      0.000
    FRE1_2            -0.001      0.007     -0.108      0.914

 MRE2_2   WITH
    MRE3_2             0.016      0.006      2.791      0.005
    MRE4_2             0.014      0.007      2.156      0.031
    FRE2_2            -0.001      0.007     -0.208      0.835

 MRE3_2   WITH
    MRE4_2             0.020      0.006      3.129      0.002
    FRE3_2            -0.002      0.007     -0.373      0.709

 MRE1_3   WITH
    MRE2_3             0.026      0.006      4.497      0.000
    MRE3_3             0.008      0.006      1.360      0.174
    MRE4_3             0.001      0.006      0.140      0.889
    FRE1_3             0.005      0.007      0.736      0.462

 MRE2_3   WITH
    MRE3_3             0.015      0.006      2.706      0.007
    MRE4_3             0.021      0.006      3.431      0.001
    FRE2_3             0.004      0.006      0.571      0.568

 MRE3_3   WITH
    MRE4_3             0.024      0.006      4.057      0.000
    FRE3_3             0.009      0.007      1.441      0.150

 MRE2_4   WITH
    MRE3_4             0.009      0.004      1.984      0.047
    MRE4_4             0.008      0.005      1.727      0.084
    FRE2_4            -0.002      0.005     -0.351      0.725

 MRE3_4   WITH
    MRE4_4             0.011      0.005      2.391      0.017
    FRE3_4             0.004      0.005      0.711      0.477

 MRE2_5   WITH
    MRE3_5             0.017      0.005      3.491      0.000
    MRE4_5             0.008      0.005      1.515      0.130
    FRE2_5             0.002      0.006      0.325      0.745

 MRE3_5   WITH
    MRE4_5             0.015      0.005      3.001      0.003
    FRE3_5             0.011      0.005      2.003      0.045

 FRE1_1   WITH
    FRE2_1             0.075      0.010      7.225      0.000
    FRE3_1             0.068      0.011      6.126      0.000
    FRE4_1             0.054      0.012      4.638      0.000

 FRE2_1   WITH
    FRE3_1             0.074      0.012      6.351      0.000
    FRE4_1             0.066      0.012      5.421      0.000

 FRE3_1   WITH
    FRE4_1             0.068      0.013      5.410      0.000

 FRE1_2   WITH
    FRE2_2             0.021      0.008      2.627      0.009
    FRE3_2             0.022      0.008      2.713      0.007
    FRE4_2             0.023      0.008      2.782      0.005

 FRE2_2   WITH
    FRE3_2             0.026      0.008      3.417      0.001
    FRE4_2             0.018      0.008      2.260      0.024

 FRE3_2   WITH
    FRE4_2             0.019      0.008      2.378      0.017

 FRE1_3   WITH
    FRE2_3             0.033      0.008      3.958      0.000
    FRE3_3             0.024      0.009      2.831      0.005
    FRE4_3             0.030      0.009      3.394      0.001

 FRE2_3   WITH
    FRE3_3             0.018      0.008      2.142      0.032
    FRE4_3             0.023      0.009      2.603      0.009

 FRE3_3   WITH
    FRE4_3             0.033      0.009      3.779      0.000

 FRE2_4   WITH
    FRE3_4             0.001      0.006      0.189      0.850
    FRE4_4             0.006      0.006      1.020      0.308

 FRE3_4   WITH
    FRE4_4             0.014      0.006      2.231      0.026

 FRE2_5   WITH
    FRE3_5             0.032      0.007      4.565      0.000
    FRE4_5             0.022      0.007      3.122      0.002

 FRE3_5   WITH
    FRE4_5             0.015      0.007      2.223      0.026

 MRE4_1   WITH
    FRE4_1             0.008      0.012      0.700      0.484

 MRE4_2   WITH
    FRE4_2             0.010      0.008      1.295      0.195

 MRE4_3   WITH
    FRE4_3            -0.003      0.008     -0.442      0.659

 MRE4_4   WITH
    FRE4_4             0.006      0.006      1.081      0.280

 MRE4_5   WITH
    FRE4_5             0.016      0.006      2.493      0.013

 Means
    MRE1               0.000      0.000    999.000    999.000
    FRE1               0.000      0.000    999.000    999.000
    MRE2               0.000      0.000    999.000    999.000
    FRE2               0.000      0.000    999.000    999.000
    MRE3               0.000      0.000    999.000    999.000
    FRE3               0.000      0.000    999.000    999.000
    MRE4               0.000      0.000    999.000    999.000
    FRE4               0.000      0.000    999.000    999.000

 Intercepts
    MRE1_1             4.273      0.017    246.518      0.000
    MRE1_2             4.204      0.018    231.821      0.000
    MRE1_3             4.159      0.019    223.438      0.000
    MRE2_1             4.157      0.019    218.801      0.000
    MRE2_2             4.066      0.019    209.700      0.000
    MRE2_3             4.105      0.020    209.022      0.000
    MRE2_4             4.186      0.019    214.682      0.000
    MRE2_5             4.075      0.021    196.876      0.000
    MRE3_1             4.161      0.019    219.133      0.000
    MRE3_2             4.091      0.019    216.730      0.000
    MRE3_3             4.131      0.019    214.574      0.000
    MRE3_4             4.150      0.019    217.699      0.000
    MRE3_5             4.080      0.020    203.831      0.000
    MRE4_1             4.019      0.021    194.723      0.000
    MRE4_2             3.905      0.020    193.877      0.000
    MRE4_3             3.953      0.020    196.790      0.000
    MRE4_4             3.997      0.020    199.849      0.000
    MRE4_5             3.902      0.021    185.944      0.000
    FRE1_1             3.966      0.020    200.264      0.000
    FRE1_2             3.946      0.020    194.500      0.000
    FRE1_3             3.946      0.021    189.383      0.000
    FRE2_1             3.907      0.021    186.856      0.000
    FRE2_2             3.915      0.021    185.059      0.000
    FRE2_3             3.900      0.022    175.788      0.000
    FRE2_4             3.987      0.022    184.497      0.000
    FRE2_5             3.839      0.023    167.763      0.000
    FRE3_1             3.814      0.022    176.954      0.000
    FRE3_2             3.860      0.021    183.340      0.000
    FRE3_3             3.829      0.022    174.912      0.000
    FRE3_4             3.918      0.021    183.100      0.000
    FRE3_5             3.806      0.022    170.431      0.000
    FRE4_1             3.763      0.023    164.930      0.000
    FRE4_2             3.785      0.022    172.349      0.000
    FRE4_3             3.739      0.023    161.688      0.000
    FRE4_4             3.809      0.022    172.723      0.000
    FRE4_5             3.714      0.023    160.340      0.000

 Variances
    MRE1               1.000      0.000    999.000    999.000
    FRE1               1.000      0.000    999.000    999.000
    MRE2               1.000      0.000    999.000    999.000
    FRE2               1.000      0.000    999.000    999.000
    MRE3               1.000      0.000    999.000    999.000
    FRE3               1.000      0.000    999.000    999.000
    MRE4               1.000      0.000    999.000    999.000
    FRE4               1.000      0.000    999.000    999.000

 Residual Variances
    MRE1_1             0.248      0.010     25.149      0.000
    MRE1_2             0.155      0.008     18.738      0.000
    MRE1_3             0.151      0.009     17.586      0.000
    MRE2_1             0.307      0.012     26.138      0.000
    MRE2_2             0.193      0.008     23.591      0.000
    MRE2_3             0.176      0.008     22.773      0.000
    MRE2_4             0.116      0.006     19.468      0.000
    MRE2_5             0.139      0.007     20.225      0.000
    MRE3_1             0.339      0.012     27.264      0.000
    MRE3_2             0.190      0.008     24.371      0.000
    MRE3_3             0.180      0.008     23.681      0.000
    MRE3_4             0.116      0.006     20.255      0.000
    MRE3_5             0.125      0.006     20.153      0.000
    MRE4_1             0.411      0.016     26.481      0.000
    MRE4_2             0.239      0.010     23.664      0.000
    MRE4_3             0.202      0.009     22.301      0.000
    MRE4_4             0.146      0.007     19.752      0.000
    MRE4_5             0.156      0.008     19.493      0.000
    FRE1_1             0.308      0.013     23.079      0.000
    FRE1_2             0.197      0.011     17.709      0.000
    FRE1_3             0.197      0.012     16.999      0.000
    FRE2_1             0.331      0.014     23.818      0.000
    FRE2_2             0.208      0.010     21.124      0.000
    FRE2_3             0.237      0.011     21.418      0.000
    FRE2_4             0.152      0.008     18.418      0.000
    FRE2_5             0.179      0.009     19.008      0.000
    FRE3_1             0.386      0.016     24.496      0.000
    FRE3_2             0.222      0.010     21.813      0.000
    FRE3_3             0.238      0.011     21.781      0.000
    FRE3_4             0.159      0.008     19.048      0.000
    FRE3_5             0.165      0.009     18.687      0.000
    FRE4_1             0.399      0.017     23.325      0.000
    FRE4_2             0.218      0.011     20.723      0.000
    FRE4_3             0.252      0.012     20.929      0.000
    FRE4_4             0.143      0.008     17.549      0.000
    FRE4_5             0.156      0.009     17.497      0.000


R-SQUARE

    Observed                                        Two-Tailed
    Variable        Estimate       S.E.  Est./S.E.    P-Value

    MRE1_1             0.520      0.013     40.585      0.000
    MRE1_2             0.727      0.012     61.163      0.000
    MRE1_3             0.748      0.012     62.199      0.000
    MRE2_1             0.467      0.012     37.812      0.000
    MRE2_2             0.681      0.011     63.780      0.000
    MRE2_3             0.718      0.010     70.442      0.000
    MRE2_4             0.812      0.009     93.368      0.000
    MRE2_5             0.799      0.009     90.091      0.000
    MRE3_1             0.443      0.012     36.693      0.000
    MRE3_2             0.684      0.010     65.538      0.000
    MRE3_3             0.713      0.010     71.339      0.000
    MRE3_4             0.811      0.009     95.017      0.000
    MRE3_5             0.816      0.008     97.691      0.000
    MRE4_1             0.396      0.012     33.616      0.000
    MRE4_2             0.633      0.012     54.719      0.000
    MRE4_3             0.689      0.011     62.178      0.000
    MRE4_4             0.774      0.010     77.530      0.000
    MRE4_5             0.780      0.010     78.617      0.000
    FRE1_1             0.467      0.014     34.261      0.000
    FRE1_2             0.677      0.014     49.124      0.000
    FRE1_3             0.694      0.014     50.271      0.000
    FRE2_1             0.448      0.013     34.504      0.000
    FRE2_2             0.664      0.012     55.586      0.000
    FRE2_3             0.654      0.012     54.616      0.000
    FRE2_4             0.766      0.011     71.868      0.000
    FRE2_5             0.756      0.011     70.790      0.000
    FRE3_1             0.411      0.013     32.797      0.000
    FRE3_2             0.651      0.012     54.563      0.000
    FRE3_3             0.652      0.012     55.037      0.000
    FRE3_4             0.758      0.011     71.492      0.000
    FRE3_5             0.771      0.010     74.324      0.000
    FRE4_1             0.403      0.013     31.330      0.000
    FRE4_2             0.654      0.012     53.018      0.000
    FRE4_3             0.640      0.012     51.260      0.000
    FRE4_4             0.777      0.011     71.703      0.000
    FRE4_5             0.780      0.011     72.416      0.000


QUALITY OF NUMERICAL RESULTS

     Condition Number for the Information Matrix              0.293E-02
       (ratio of smallest to largest eigenvalue)


MODEL MODIFICATION INDICES

NOTE:  Modification indices for direct effects of observed dependent variables
regressed on covariates may not be included.  To include these, request
MODINDICES (ALL).

Minimum M.I. value for printing the modification index    10.000

                                   M.I.     E.P.C.  Std E.P.C.  StdYX E.P.C.

BY Statements

MRE1     BY MRE1_2                16.135    -0.049     -0.049       -0.065
MRE1     BY MRE3_1                12.251     0.055      0.055        0.070
MRE2     BY MRE3_1                18.298     0.065      0.065        0.084
MRE2     BY MRE4_3                11.134     0.045      0.045        0.056
FRE2     BY FRE3_5                13.115    -0.053     -0.053       -0.062
MRE4     BY MRE3_1                11.649     0.052      0.052        0.067
MRE4     BY MRE4_2                14.844     0.050      0.050        0.061

ON/BY Statements

MRE1     ON MRE1     /
MRE1     BY MRE1                  27.543    -0.105     -0.105       -0.105
MRE1     ON FRE1     /
FRE1     BY MRE1                  27.541    -0.434     -0.434       -0.434
MRE1     ON MRE2     /
MRE2     BY MRE1                  27.540    -0.184     -0.184       -0.184
MRE1     ON FRE2     /
FRE2     BY MRE1                  27.539    -0.561     -0.561       -0.561
MRE1     ON MRE3     /
MRE3     BY MRE1                  27.543    -0.214     -0.214       -0.214
MRE1     ON FRE3     /
FRE3     BY MRE1                  27.540    -0.539     -0.539       -0.539
MRE1     ON MRE4     /
MRE4     BY MRE1                  27.544    -0.260     -0.260       -0.260
MRE1     ON FRE4     /
FRE4     BY MRE1                  27.541    -0.630     -0.630       -0.630
MRE2     ON MRE1     /
MRE1     BY MRE2                  24.293    -0.162     -0.162       -0.162
MRE2     ON FRE1     /
FRE1     BY MRE2                  24.296    -0.437     -0.437       -0.437
MRE2     ON MRE2     /
MRE2     BY MRE2                  24.295    -0.092     -0.092       -0.092
MRE2     ON FRE2     /
FRE2     BY MRE2                  24.295    -0.476     -0.476       -0.476
MRE2     ON MRE3     /
MRE3     BY MRE2                  24.295    -0.175     -0.175       -0.175
MRE2     ON FRE3     /
FRE3     BY MRE2                  24.294    -0.434     -0.434       -0.434
MRE2     ON MRE4     /
MRE4     BY MRE2                  24.296    -0.193     -0.193       -0.193
MRE2     ON FRE4     /
FRE4     BY MRE2                  24.295    -0.536     -0.536       -0.536
FRE2     ON MRE1     /
MRE1     BY FRE2                  10.333    -0.350     -0.350       -0.350
FRE2     ON FRE1     /
FRE1     BY FRE2                  10.337    -0.114     -0.114       -0.114
FRE2     ON MRE2     /
MRE2     BY FRE2                  10.334    -0.338     -0.338       -0.338
FRE2     ON FRE2     /
FRE2     BY FRE2                  10.336    -0.065     -0.065       -0.065
FRE2     ON MRE3     /
MRE3     BY FRE2                  10.332    -0.418     -0.418       -0.418
FRE2     ON FRE3     /
FRE3     BY FRE2                  10.337    -0.109     -0.109       -0.109
FRE2     ON MRE4     /
MRE4     BY FRE2                  10.332    -0.390     -0.390       -0.390
FRE2     ON FRE4     /
FRE4     BY FRE2                  10.336    -0.119     -0.119       -0.119
MRE4     ON MRE1     /
MRE1     BY MRE4                  93.310     0.464      0.464        0.464
MRE4     ON FRE1     /
FRE1     BY MRE4                  93.295     0.967      0.967        0.967
MRE4     ON MRE2     /
MRE2     BY MRE4                  93.312     0.393      0.393        0.393
MRE4     ON FRE2     /
FRE2     BY MRE4                  93.307     1.116      1.116        1.116
MRE4     ON MRE3     /
MRE3     BY MRE4                  93.318     0.343      0.343        0.343
MRE4     ON FRE3     /
FRE3     BY MRE4                  93.309     0.912      0.912        0.912
MRE4     ON MRE4     /
MRE4     BY MRE4                  93.313     0.187      0.187        0.187
MRE4     ON FRE4     /
FRE4     BY MRE4                  93.308     0.904      0.904        0.904
FRE4     ON MRE1     /
MRE1     BY FRE4                  27.140     0.665      0.665        0.665
FRE4     ON FRE1     /
FRE1     BY FRE4                  27.141     0.251      0.251        0.251
FRE4     ON MRE2     /
MRE2     BY FRE4                  27.140     0.644      0.644        0.644
FRE4     ON FRE2     /
FRE2     BY FRE4                  27.140     0.201      0.201        0.201
FRE4     ON MRE3     /
MRE3     BY FRE4                  27.142     0.569      0.569        0.569
FRE4     ON FRE3     /
FRE3     BY FRE4                  27.141     0.180      0.180        0.180
FRE4     ON MRE4     /
MRE4     BY FRE4                  27.138     0.534      0.534        0.534
FRE4     ON FRE4     /
FRE4     BY FRE4                  27.138     0.110      0.110        0.110

WITH Statements

MRE2_3   WITH MRE2_1              14.555     0.025      0.025        0.108
MRE2_3   WITH MRE2_2              41.329     0.037      0.037        0.201
MRE2_4   WITH MRE2_2              65.887    -0.044     -0.044       -0.295
MRE2_5   WITH MRE2_1              41.083    -0.041     -0.041       -0.197
MRE2_5   WITH MRE2_3              35.331    -0.034     -0.034       -0.217
MRE2_5   WITH MRE2_4              55.007     0.042      0.042        0.333
MRE3_3   WITH MRE3_1              13.280     0.024      0.024        0.098
MRE3_3   WITH MRE3_2              81.472     0.050      0.050        0.270
MRE3_4   WITH MRE3_2              61.338    -0.040     -0.040       -0.271
MRE3_4   WITH MRE3_3              27.170    -0.027     -0.027       -0.187
MRE3_5   WITH MRE3_1              41.712    -0.039     -0.039       -0.192
MRE3_5   WITH MRE3_3              30.332    -0.030     -0.030       -0.199
MRE3_5   WITH MRE3_4             106.887     0.055      0.055        0.460
MRE4_3   WITH MRE2_4              15.159     0.022      0.022        0.144
MRE4_3   WITH MRE4_1              33.133     0.047      0.047        0.162
MRE4_3   WITH MRE4_2             114.644     0.073      0.073        0.333
MRE4_4   WITH MRE3_1              13.043     0.024      0.024        0.108
MRE4_4   WITH MRE4_2              63.001    -0.052     -0.052       -0.276
MRE4_4   WITH MRE4_3              33.288    -0.037     -0.037       -0.214
MRE4_5   WITH MRE2_4              13.712    -0.021     -0.021       -0.156
MRE4_5   WITH MRE4_1              53.298    -0.057     -0.057       -0.224
MRE4_5   WITH MRE4_3              48.146    -0.046     -0.046       -0.260
MRE4_5   WITH MRE4_4             211.453     0.097      0.097        0.641
FRE2_3   WITH FRE2_2              44.860     0.050      0.050        0.227
FRE2_4   WITH FRE2_2              52.157    -0.050     -0.050       -0.283
FRE2_5   WITH FRE2_1              25.803    -0.040     -0.040       -0.165
FRE2_5   WITH FRE2_3              19.345    -0.034     -0.034       -0.165
FRE2_5   WITH FRE2_4              47.157     0.051      0.051        0.310
FRE3_3   WITH FRE3_1              11.128     0.030      0.030        0.098
FRE3_3   WITH FRE3_2              21.400     0.035      0.035        0.152
FRE3_4   WITH FRE3_2              45.340    -0.047     -0.047       -0.252
FRE3_5   WITH FRE3_1              33.521    -0.047     -0.047       -0.187
FRE3_5   WITH FRE3_3              27.052    -0.039     -0.039       -0.197
FRE3_5   WITH FRE3_4              56.716     0.055      0.055        0.339
FRE4_3   WITH FRE4_1              16.075     0.039      0.039        0.124
FRE4_3   WITH FRE4_2              43.668     0.053      0.053        0.227
FRE4_4   WITH FRE4_2              32.581    -0.041     -0.041       -0.231
FRE4_5   WITH FRE4_1              24.494    -0.043     -0.043       -0.171
FRE4_5   WITH FRE4_3              15.245    -0.031     -0.031       -0.155
FRE4_5   WITH FRE4_4              64.677     0.060      0.060        0.404

Variances/Residual Variances

MRE1                              27.543    -0.209     -0.209       -0.209
MRE2                              24.296    -0.184     -0.184       -0.184
FRE2                              10.336    -0.130     -0.130       -0.130
MRE4                              93.311     0.374      0.374        0.374
FRE4                              27.136     0.221      0.221        0.221


DIAGRAM INFORMATION

  Use View Diagram under the Diagram menu in the Mplus Editor to view the diagram.
  If running Mplus from the Mplus Diagrammer, the diagram opens automatically.

  Diagram output
    c:\users\lissa102\documents\git_repositories\involvement_quant_qual\invariance\20-08-18_reasoning_metric.dgm

     Beginning Time:  11:41:21
        Ending Time:  11:41:29
       Elapsed Time:  00:00:08



MUTHEN & MUTHEN
3463 Stoner Ave.
Los Angeles, CA  90066

Tel: (310) 391-9971
Fax: (310) 391-8971
Web: www.StatModel.com
Support: Support@StatModel.com

Copyright (c) 1998-2017 Muthen & Muthen
