Mplus VERSION 8
MUTHEN & MUTHEN
08/21/2018  11:37 AM

INPUT INSTRUCTIONS

  TITLE: Your title goes here
  DATA: FILE = "20-08-18_items.dat";
  VARIABLE:
  NAMES = Man1_1 Man1_2 Man1_3 Man1_4 Man1_5 Man1_6 Man2_1 Man2_2 Man2_3 Man2_4 Man2_5
       Man2_6 Man3_1 Man3_2 Man3_3 Man3_4 Man3_5 Man3_6 Man4_1 Man4_2 Man4_3 Man4_4
       Man4_5 Man4_6 Fan1_1 Fan1_2 Fan1_3 Fan1_4 Fan1_5 Fan1_6 Fan2_1 Fan2_2 Fan2_3
       Fan2_4 Fan2_5 Fan2_6 Fan3_1 Fan3_2 Fan3_3 Fan3_4 Fan3_5 Fan3_6 Fan4_1 Fan4_2
       Fan4_3 Fan4_4 Fan4_5 Fan4_6 Mco1_1 Mco1_2 Mco1_3 Mco1_4 Mco1_5 Mco2_1 Mco2_2
       Mco2_3 Mco2_4 Mco2_5 Mco3_1 Mco3_2 Mco3_3 Mco3_4 Mco3_5 Mco4_1 Mco4_2 Mco4_3
       Mco4_4 Mco4_5 Fco1_1 Fco1_2 Fco1_3 Fco1_4 Fco1_5 Fco2_1 Fco2_2 Fco2_3 Fco2_4
       Fco2_5 Fco3_1 Fco3_2 Fco3_3 Fco3_4 Fco3_5 Fco4_1 Fco4_2 Fco4_3 Fco4_4 Fco4_5
       Min1_1 Min1_2 Min1_3 Min1_4 Min1_5 Fin1_1 Fin1_2 Fin1_3 Fin1_4 Fin1_5 Mre1_1
       Mre1_2 Mre1_3 Mre2_1 Mre2_2 Mre2_3 Mre2_4 Mre2_5 Mre3_1 Mre3_2 Mre3_3 Mre3_4
       Mre3_5 Mre4_1 Mre4_2 Mre4_3 Mre4_4 Mre4_5 Fre1_1 Fre1_2 Fre1_3 Fre2_1 Fre2_2
       Fre2_3 Fre2_4 Fre2_5 Fre3_1 Fre3_2 Fre3_3 Fre3_4 Fre3_5 Fre4_1 Fre4_2 Fre4_3
       Fre4_4 Fre4_5 Mwa1_1 Mwa1_2 Mwa1_3 Mwa1_4 Mwa1_5 Mwa1_6 Mwa2_1 Mwa2_2 Mwa2_3
       Mwa2_4 Mwa2_5 Mwa2_6 Mwa3_1 Mwa3_2 Mwa3_3 Mwa3_4 Mwa3_5 Mwa3_6 Mwa4_1 Mwa4_2
       Mwa4_3 Mwa4_4 Mwa4_5 Mwa4_6 Fwa1_1 Fwa1_2 Fwa1_3 Fwa1_4 Fwa1_5 Fwa1_6 Fwa2_1
       Fwa2_2 Fwa2_3 Fwa2_4 Fwa2_5 Fwa2_6 Fwa3_1 Fwa3_2 Fwa3_3 Fwa3_4 Fwa3_5 Fwa3_6
       Fwa4_1 Fwa4_2 Fwa4_3 Fwa4_4 Fwa4_5 Fwa4_6 emo1_1 emo1_2 emo1_3 emo1_4 emo1_5
       emo2_1 emo2_2 emo2_3 emo2_4 emo2_5 emo3_1 emo3_2 emo3_3 emo3_4 emo3_5 emo4_1
       emo4_2 emo4_3 emo4_4 emo4_5;
  MISSING=.;

  USEVARIABLES =
   Min1_1 Min1_2 Min1_3 Min1_4 Min1_5
   Fin1_1 Fin1_2 Fin1_3 Fin1_4 Fin1_5 ;

  MODEL:
  [Min1_1*];
  [Min1_2*];
  [Min1_3*];
  [Min1_4*];
  [Min1_5*];


  Min1_1*;
  Min1_2*;
  Min1_3*;
  Min1_4*;
  Min1_5*;


  [Fin1_1*];
  [Fin1_2*];
  [Fin1_3*];
  [Fin1_4*];
  [Fin1_5*];


  Fin1_1*;
  Fin1_2*;
  Fin1_3*;
  Fin1_4*;
  Fin1_5*;



  min1@1;
  [min1@0];


  fin1@1;
  [fin1@0];



  min1 BY min1_1* (in1Bin1_1);
  min1 BY min1_2* (in1Bin1_2);
  min1 BY min1_3* (in1Bin1_3);
  min1 BY min1_4* (in1Bin1_4);
  min1 BY min1_5* (in1Bin1_5);


  fin1 BY fin1_1* (in1Bin1_1);
  fin1 BY fin1_2* (in1Bin1_2);
  fin1 BY fin1_3* (in1Bin1_3);
  fin1 BY fin1_4* (in1Bin1_4);
  fin1 BY fin1_5* (in1Bin1_5);





  min1_1 WITH fin1_1;
  min1_2 WITH fin1_2;
  min1_3 WITH fin1_3;
  min1_4 WITH fin1_4;
  min1_5 WITH fin1_5;





  OUTPUT: standardized modindices;



*** WARNING
  Data set contains cases with missing on all variables.
  These cases were not included in the analysis.
  Number of cases with missing on all variables:  394
   1 WARNING(S) FOUND IN THE INPUT INSTRUCTIONS



Your title goes here

SUMMARY OF ANALYSIS

Number of groups                                                 1
Number of observations                                        1490

Number of dependent variables                                   10
Number of independent variables                                  0
Number of continuous latent variables                            2

Observed dependent variables

  Continuous
   MIN1_1      MIN1_2      MIN1_3      MIN1_4      MIN1_5      FIN1_1
   FIN1_2      FIN1_3      FIN1_4      FIN1_5

Continuous latent variables
   MIN1        FIN1


Estimator                                                       ML
Information matrix                                        OBSERVED
Maximum number of iterations                                  1000
Convergence criterion                                    0.500D-04
Maximum number of steepest descent iterations                   20
Maximum number of iterations for H1                           2000
Convergence criterion for H1                             0.100D-03

Input data file(s)
  20-08-18_items.dat

Input data format  FREE


SUMMARY OF DATA

     Number of missing data patterns            16


COVARIANCE COVERAGE OF DATA

Minimum covariance coverage value   0.100


     PROPORTION OF DATA PRESENT


           Covariance Coverage
              MIN1_1        MIN1_2        MIN1_3        MIN1_4        MIN1_5
              ________      ________      ________      ________      ________
 MIN1_1         0.989
 MIN1_2         0.987         0.987
 MIN1_3         0.989         0.987         0.989
 MIN1_4         0.988         0.987         0.989         0.989
 MIN1_5         0.987         0.986         0.988         0.987         0.988
 FIN1_1         0.946         0.945         0.947         0.946         0.946
 FIN1_2         0.944         0.942         0.944         0.944         0.944
 FIN1_3         0.944         0.942         0.944         0.944         0.943
 FIN1_4         0.946         0.945         0.947         0.946         0.946
 FIN1_5         0.946         0.944         0.946         0.946         0.945


           Covariance Coverage
              FIN1_1        FIN1_2        FIN1_3        FIN1_4        FIN1_5
              ________      ________      ________      ________      ________
 FIN1_1         0.958
 FIN1_2         0.954         0.955
 FIN1_3         0.954         0.952         0.955
 FIN1_4         0.957         0.954         0.954         0.958
 FIN1_5         0.954         0.952         0.952         0.954         0.957



UNIVARIATE SAMPLE STATISTICS


     UNIVARIATE HIGHER-ORDER MOMENT DESCRIPTIVE STATISTICS

         Variable/         Mean/     Skewness/   Minimum/ % with                Percentiles
        Sample Size      Variance    Kurtosis    Maximum  Min/Max      20%/60%    40%/80%    Median

     MIN1_1                4.451      -1.992       1.000    2.10%       4.000      5.000      5.000
            1473.000       0.887       3.508       5.000   65.51%       5.000      5.000
     MIN1_2                3.912      -1.008       1.000    5.98%       3.000      4.000      4.000
            1471.000       1.504      -0.100       5.000   40.99%       5.000      5.000
     MIN1_3                3.605      -0.619       1.000   10.04%       2.000      4.000      4.000
            1474.000       1.858      -0.956       5.000   33.72%       4.000      5.000
     MIN1_4                4.690      -3.115       1.000    1.63%       4.000      5.000      5.000
            1473.000       0.552      10.569       5.000   79.23%       5.000      5.000
     MIN1_5                4.053      -1.099       1.000    3.46%       3.000      4.000      4.000
            1472.000       1.333       0.135       5.000   47.35%       5.000      5.000
     FIN1_1                4.037      -1.105       1.000    1.54%       4.000      4.000      4.000
            1427.000       0.748       1.572       5.000   29.71%       4.000      5.000
     FIN1_2                3.356      -0.671       1.000    9.70%       2.000      3.000      4.000
            1423.000       1.303      -0.445       5.000   11.10%       4.000      4.000
     FIN1_3                3.150      -0.352       1.000   15.25%       2.000      3.000      4.000
            1423.000       1.663      -1.094       5.000   12.72%       4.000      4.000
     FIN1_4                4.519      -1.742       1.000    0.49%       4.000      5.000      5.000
            1427.000       0.519       3.658       5.000   62.09%       5.000      5.000
     FIN1_5                3.093      -0.192       1.000   15.57%       2.000      3.000      3.000
            1426.000       1.702      -1.124       5.000   14.87%       4.000      4.000


THE MODEL ESTIMATION TERMINATED NORMALLY



MODEL FIT INFORMATION

Number of Free Parameters                       31

Loglikelihood

          H0 Value                      -20000.108
          H1 Value                      -19945.809

Information Criteria

          Akaike (AIC)                   40062.215
          Bayesian (BIC)                 40226.718
          Sample-Size Adjusted BIC       40128.240
            (n* = (n + 2) / 24)

Chi-Square Test of Model Fit

          Value                            108.598
          Degrees of Freedom                    34
          P-Value                           0.0000

RMSEA (Root Mean Square Error Of Approximation)

          Estimate                           0.038
          90 Percent C.I.                    0.030  0.047
          Probability RMSEA <= .05           0.991

CFI/TLI

          CFI                                0.971
          TLI                                0.962

Chi-Square Test of Model Fit for the Baseline Model

          Value                           2617.993
          Degrees of Freedom                    45
          P-Value                           0.0000

SRMR (Standardized Root Mean Square Residual)

          Value                              0.032



MODEL RESULTS

                                                    Two-Tailed
                    Estimate       S.E.  Est./S.E.    P-Value

 MIN1     BY
    MIN1_1             0.556      0.018     30.351      0.000
    MIN1_2             0.849      0.024     34.944      0.000
    MIN1_3             0.885      0.027     32.608      0.000
    MIN1_4             0.202      0.015     13.067      0.000
    MIN1_5             0.488      0.026     19.018      0.000

 FIN1     BY
    FIN1_1             0.556      0.018     30.351      0.000
    FIN1_2             0.849      0.024     34.944      0.000
    FIN1_3             0.885      0.027     32.608      0.000
    FIN1_4             0.202      0.015     13.067      0.000
    FIN1_5             0.488      0.026     19.018      0.000

 FIN1     WITH
    MIN1               0.244      0.035      6.888      0.000

 MIN1_1   WITH
    FIN1_1            -0.001      0.016     -0.060      0.952

 MIN1_2   WITH
    FIN1_2             0.086      0.026      3.258      0.001

 MIN1_3   WITH
    FIN1_3             0.333      0.035      9.643      0.000

 MIN1_4   WITH
    FIN1_4             0.165      0.014     11.646      0.000

 MIN1_5   WITH
    FIN1_5             0.071      0.035      1.989      0.047

 Means
    MIN1               0.000      0.000    999.000    999.000
    FIN1               0.000      0.000    999.000    999.000

 Intercepts
    MIN1_1             4.452      0.024    182.651      0.000
    MIN1_2             3.913      0.031    124.662      0.000
    MIN1_3             3.606      0.036    101.339      0.000
    MIN1_4             4.690      0.019    242.872      0.000
    MIN1_5             4.054      0.030    134.879      0.000
    FIN1_1             4.037      0.023    175.310      0.000
    FIN1_2             3.356      0.031    109.347      0.000
    FIN1_3             3.154      0.034     93.746      0.000
    FIN1_4             4.519      0.019    236.458      0.000
    FIN1_5             3.093      0.035     89.425      0.000

 Variances
    MIN1               1.000      0.000    999.000    999.000
    FIN1               1.000      0.000    999.000    999.000

 Residual Variances
    MIN1_1             0.567      0.026     21.868      0.000
    MIN1_2             0.730      0.042     17.280      0.000
    MIN1_3             1.085      0.053     20.340      0.000
    MIN1_4             0.509      0.019     26.401      0.000
    MIN1_5             1.092      0.044     25.095      0.000
    FIN1_1             0.449      0.022     20.782      0.000
    FIN1_2             0.623      0.036     17.100      0.000
    FIN1_3             0.836      0.046     18.332      0.000
    FIN1_4             0.483      0.019     26.057      0.000
    FIN1_5             1.469      0.058     25.454      0.000


STANDARDIZED MODEL RESULTS


STDYX Standardization

                                                    Two-Tailed
                    Estimate       S.E.  Est./S.E.    P-Value

 MIN1     BY
    MIN1_1             0.594      0.017     34.459      0.000
    MIN1_2             0.705      0.017     41.089      0.000
    MIN1_3             0.647      0.017     38.680      0.000
    MIN1_4             0.273      0.020     13.400      0.000
    MIN1_5             0.423      0.021     20.566      0.000

 FIN1     BY
    FIN1_1             0.638      0.017     36.807      0.000
    FIN1_2             0.733      0.016     45.263      0.000
    FIN1_3             0.695      0.017     40.109      0.000
    FIN1_4             0.280      0.021     13.531      0.000
    FIN1_5             0.373      0.019     20.020      0.000

 FIN1     WITH
    MIN1               0.244      0.035      6.888      0.000

 MIN1_1   WITH
    FIN1_1            -0.002      0.032     -0.060      0.952

 MIN1_2   WITH
    FIN1_2             0.128      0.038      3.389      0.001

 MIN1_3   WITH
    FIN1_3             0.350      0.031     11.244      0.000

 MIN1_4   WITH
    FIN1_4             0.333      0.024     13.698      0.000

 MIN1_5   WITH
    FIN1_5             0.056      0.028      2.000      0.046

 Means
    MIN1               0.000      0.000    999.000    999.000
    FIN1               0.000      0.000    999.000    999.000

 Intercepts
    MIN1_1             4.758      0.081     58.468      0.000
    MIN1_2             3.249      0.057     57.126      0.000
    MIN1_3             2.638      0.050     52.695      0.000
    MIN1_4             6.324      0.116     54.473      0.000
    MIN1_5             3.515      0.067     52.703      0.000
    FIN1_1             4.638      0.082     56.758      0.000
    FIN1_2             2.894      0.054     53.138      0.000
    FIN1_3             2.479      0.048     51.995      0.000
    FIN1_4             6.245      0.117     53.308      0.000
    FIN1_5             2.367      0.050     47.773      0.000

 Variances
    MIN1               1.000      0.000    999.000    999.000
    FIN1               1.000      0.000    999.000    999.000

 Residual Variances
    MIN1_1             0.647      0.020     31.645      0.000
    MIN1_2             0.503      0.024     20.775      0.000
    MIN1_3             0.581      0.022     26.795      0.000
    MIN1_4             0.926      0.011     83.245      0.000
    MIN1_5             0.821      0.017     47.137      0.000
    FIN1_1             0.593      0.022     26.780      0.000
    FIN1_2             0.463      0.024     19.540      0.000
    FIN1_3             0.516      0.024     21.412      0.000
    FIN1_4             0.922      0.012     79.685      0.000
    FIN1_5             0.860      0.014     61.744      0.000


STDY Standardization

                                                    Two-Tailed
                    Estimate       S.E.  Est./S.E.    P-Value

 MIN1     BY
    MIN1_1             0.594      0.017     34.459      0.000
    MIN1_2             0.705      0.017     41.089      0.000
    MIN1_3             0.647      0.017     38.680      0.000
    MIN1_4             0.273      0.020     13.400      0.000
    MIN1_5             0.423      0.021     20.566      0.000

 FIN1     BY
    FIN1_1             0.638      0.017     36.807      0.000
    FIN1_2             0.733      0.016     45.263      0.000
    FIN1_3             0.695      0.017     40.109      0.000
    FIN1_4             0.280      0.021     13.531      0.000
    FIN1_5             0.373      0.019     20.020      0.000

 FIN1     WITH
    MIN1               0.244      0.035      6.888      0.000

 MIN1_1   WITH
    FIN1_1            -0.002      0.032     -0.060      0.952

 MIN1_2   WITH
    FIN1_2             0.128      0.038      3.389      0.001

 MIN1_3   WITH
    FIN1_3             0.350      0.031     11.244      0.000

 MIN1_4   WITH
    FIN1_4             0.333      0.024     13.698      0.000

 MIN1_5   WITH
    FIN1_5             0.056      0.028      2.000      0.046

 Means
    MIN1               0.000      0.000    999.000    999.000
    FIN1               0.000      0.000    999.000    999.000

 Intercepts
    MIN1_1             4.758      0.081     58.468      0.000
    MIN1_2             3.249      0.057     57.126      0.000
    MIN1_3             2.638      0.050     52.695      0.000
    MIN1_4             6.324      0.116     54.473      0.000
    MIN1_5             3.515      0.067     52.703      0.000
    FIN1_1             4.638      0.082     56.758      0.000
    FIN1_2             2.894      0.054     53.138      0.000
    FIN1_3             2.479      0.048     51.995      0.000
    FIN1_4             6.245      0.117     53.308      0.000
    FIN1_5             2.367      0.050     47.773      0.000

 Variances
    MIN1               1.000      0.000    999.000    999.000
    FIN1               1.000      0.000    999.000    999.000

 Residual Variances
    MIN1_1             0.647      0.020     31.645      0.000
    MIN1_2             0.503      0.024     20.775      0.000
    MIN1_3             0.581      0.022     26.795      0.000
    MIN1_4             0.926      0.011     83.245      0.000
    MIN1_5             0.821      0.017     47.137      0.000
    FIN1_1             0.593      0.022     26.780      0.000
    FIN1_2             0.463      0.024     19.540      0.000
    FIN1_3             0.516      0.024     21.412      0.000
    FIN1_4             0.922      0.012     79.685      0.000
    FIN1_5             0.860      0.014     61.744      0.000


STD Standardization

                                                    Two-Tailed
                    Estimate       S.E.  Est./S.E.    P-Value

 MIN1     BY
    MIN1_1             0.556      0.018     30.351      0.000
    MIN1_2             0.849      0.024     34.944      0.000
    MIN1_3             0.885      0.027     32.608      0.000
    MIN1_4             0.202      0.015     13.067      0.000
    MIN1_5             0.488      0.026     19.018      0.000

 FIN1     BY
    FIN1_1             0.556      0.018     30.351      0.000
    FIN1_2             0.849      0.024     34.944      0.000
    FIN1_3             0.885      0.027     32.608      0.000
    FIN1_4             0.202      0.015     13.067      0.000
    FIN1_5             0.488      0.026     19.018      0.000

 FIN1     WITH
    MIN1               0.244      0.035      6.888      0.000

 MIN1_1   WITH
    FIN1_1            -0.001      0.016     -0.060      0.952

 MIN1_2   WITH
    FIN1_2             0.086      0.026      3.258      0.001

 MIN1_3   WITH
    FIN1_3             0.333      0.035      9.643      0.000

 MIN1_4   WITH
    FIN1_4             0.165      0.014     11.646      0.000

 MIN1_5   WITH
    FIN1_5             0.071      0.035      1.989      0.047

 Means
    MIN1               0.000      0.000    999.000    999.000
    FIN1               0.000      0.000    999.000    999.000

 Intercepts
    MIN1_1             4.452      0.024    182.651      0.000
    MIN1_2             3.913      0.031    124.662      0.000
    MIN1_3             3.606      0.036    101.339      0.000
    MIN1_4             4.690      0.019    242.872      0.000
    MIN1_5             4.054      0.030    134.879      0.000
    FIN1_1             4.037      0.023    175.310      0.000
    FIN1_2             3.356      0.031    109.347      0.000
    FIN1_3             3.154      0.034     93.746      0.000
    FIN1_4             4.519      0.019    236.458      0.000
    FIN1_5             3.093      0.035     89.425      0.000

 Variances
    MIN1               1.000      0.000    999.000    999.000
    FIN1               1.000      0.000    999.000    999.000

 Residual Variances
    MIN1_1             0.567      0.026     21.868      0.000
    MIN1_2             0.730      0.042     17.280      0.000
    MIN1_3             1.085      0.053     20.340      0.000
    MIN1_4             0.509      0.019     26.401      0.000
    MIN1_5             1.092      0.044     25.095      0.000
    FIN1_1             0.449      0.022     20.782      0.000
    FIN1_2             0.623      0.036     17.100      0.000
    FIN1_3             0.836      0.046     18.332      0.000
    FIN1_4             0.483      0.019     26.057      0.000
    FIN1_5             1.469      0.058     25.454      0.000


R-SQUARE

    Observed                                        Two-Tailed
    Variable        Estimate       S.E.  Est./S.E.    P-Value

    MIN1_1             0.353      0.020     17.229      0.000
    MIN1_2             0.497      0.024     20.545      0.000
    MIN1_3             0.419      0.022     19.340      0.000
    MIN1_4             0.074      0.011      6.700      0.000
    MIN1_5             0.179      0.017     10.283      0.000
    FIN1_1             0.407      0.022     18.404      0.000
    FIN1_2             0.537      0.024     22.632      0.000
    FIN1_3             0.484      0.024     20.055      0.000
    FIN1_4             0.078      0.012      6.765      0.000
    FIN1_5             0.140      0.014     10.010      0.000


QUALITY OF NUMERICAL RESULTS

     Condition Number for the Information Matrix              0.116E-01
       (ratio of smallest to largest eigenvalue)


MODEL MODIFICATION INDICES

NOTE:  Modification indices for direct effects of observed dependent variables
regressed on covariates may not be included.  To include these, request
MODINDICES (ALL).

Minimum M.I. value for printing the modification index    10.000

                                   M.I.     E.P.C.  Std E.P.C.  StdYX E.P.C.

BY Statements

MIN1     BY FIN1_1                19.440    -0.112     -0.112       -0.129
MIN1     BY FIN1_3                22.165     0.168      0.168        0.132

WITH Statements

FIN1_3   WITH MIN1_2              22.448     0.146      0.146        0.187
FIN1_4   WITH FIN1_1              16.482     0.054      0.054        0.116
FIN1_4   WITH FIN1_3              19.419    -0.082     -0.082       -0.129


DIAGRAM INFORMATION

  Use View Diagram under the Diagram menu in the Mplus Editor to view the diagram.
  If running Mplus from the Mplus Diagrammer, the diagram opens automatically.

  Diagram output
    c:\users\lissa102\documents\git_repositories\involvement_quant_qual\invariance\20-08-18_involvement_metric.dgm

     Beginning Time:  11:37:10
        Ending Time:  11:37:11
       Elapsed Time:  00:00:01



MUTHEN & MUTHEN
3463 Stoner Ave.
Los Angeles, CA  90066

Tel: (310) 391-9971
Fax: (310) 391-8971
Web: www.StatModel.com
Support: Support@StatModel.com

Copyright (c) 1998-2017 Muthen & Muthen
