Mplus VERSION 8
MUTHEN & MUTHEN
08/21/2018  11:37 AM

INPUT INSTRUCTIONS

  TITLE: Your title goes here
  DATA: FILE = "20-08-18_items.dat";
  VARIABLE:
  NAMES = Man1_1 Man1_2 Man1_3 Man1_4 Man1_5 Man1_6 Man2_1 Man2_2 Man2_3 Man2_4 Man2_5
       Man2_6 Man3_1 Man3_2 Man3_3 Man3_4 Man3_5 Man3_6 Man4_1 Man4_2 Man4_3 Man4_4
       Man4_5 Man4_6 Fan1_1 Fan1_2 Fan1_3 Fan1_4 Fan1_5 Fan1_6 Fan2_1 Fan2_2 Fan2_3
       Fan2_4 Fan2_5 Fan2_6 Fan3_1 Fan3_2 Fan3_3 Fan3_4 Fan3_5 Fan3_6 Fan4_1 Fan4_2
       Fan4_3 Fan4_4 Fan4_5 Fan4_6 Mco1_1 Mco1_2 Mco1_3 Mco1_4 Mco1_5 Mco2_1 Mco2_2
       Mco2_3 Mco2_4 Mco2_5 Mco3_1 Mco3_2 Mco3_3 Mco3_4 Mco3_5 Mco4_1 Mco4_2 Mco4_3
       Mco4_4 Mco4_5 Fco1_1 Fco1_2 Fco1_3 Fco1_4 Fco1_5 Fco2_1 Fco2_2 Fco2_3 Fco2_4
       Fco2_5 Fco3_1 Fco3_2 Fco3_3 Fco3_4 Fco3_5 Fco4_1 Fco4_2 Fco4_3 Fco4_4 Fco4_5
       Min1_1 Min1_2 Min1_3 Min1_4 Min1_5 Fin1_1 Fin1_2 Fin1_3 Fin1_4 Fin1_5 Mre1_1
       Mre1_2 Mre1_3 Mre2_1 Mre2_2 Mre2_3 Mre2_4 Mre2_5 Mre3_1 Mre3_2 Mre3_3 Mre3_4
       Mre3_5 Mre4_1 Mre4_2 Mre4_3 Mre4_4 Mre4_5 Fre1_1 Fre1_2 Fre1_3 Fre2_1 Fre2_2
       Fre2_3 Fre2_4 Fre2_5 Fre3_1 Fre3_2 Fre3_3 Fre3_4 Fre3_5 Fre4_1 Fre4_2 Fre4_3
       Fre4_4 Fre4_5 Mwa1_1 Mwa1_2 Mwa1_3 Mwa1_4 Mwa1_5 Mwa1_6 Mwa2_1 Mwa2_2 Mwa2_3
       Mwa2_4 Mwa2_5 Mwa2_6 Mwa3_1 Mwa3_2 Mwa3_3 Mwa3_4 Mwa3_5 Mwa3_6 Mwa4_1 Mwa4_2
       Mwa4_3 Mwa4_4 Mwa4_5 Mwa4_6 Fwa1_1 Fwa1_2 Fwa1_3 Fwa1_4 Fwa1_5 Fwa1_6 Fwa2_1
       Fwa2_2 Fwa2_3 Fwa2_4 Fwa2_5 Fwa2_6 Fwa3_1 Fwa3_2 Fwa3_3 Fwa3_4 Fwa3_5 Fwa3_6
       Fwa4_1 Fwa4_2 Fwa4_3 Fwa4_4 Fwa4_5 Fwa4_6 emo1_1 emo1_2 emo1_3 emo1_4 emo1_5
       emo2_1 emo2_2 emo2_3 emo2_4 emo2_5 emo3_1 emo3_2 emo3_3 emo3_4 emo3_5 emo4_1
       emo4_2 emo4_3 emo4_4 emo4_5;
  MISSING=.;

  USEVARIABLES =
   Min1_1 Min1_2 Min1_3 Min1_4 Min1_5
   Fin1_1 Fin1_2 Fin1_3 Fin1_4 Fin1_5;

  MODEL:
  [Min1_1*];
  [Min1_2*];
  [Min1_3*];
  [Min1_4*];
  [Min1_5*];


  Min1_1*;
  Min1_2*;
  Min1_3*;
  Min1_4*;
  Min1_5*;


  [Fin1_1*];
  [Fin1_2*];
  [Fin1_3*];
  [Fin1_4*];
  [Fin1_5*];


  Fin1_1*;
  Fin1_2*;
  Fin1_3*;
  Fin1_4*;
  Fin1_5*;



  min1@1;
  [min1@0];


  fin1@1;
  [fin1@0];



  min1 BY min1_1*;
  min1 BY min1_2*;
  min1 BY min1_3*;
  min1 BY min1_4*;
  min1 BY min1_5*;


  fin1 BY fin1_1*;
  fin1 BY fin1_2*;
  fin1 BY fin1_3*;
  fin1 BY fin1_4*;
  fin1 BY fin1_5*;




  min1_1 WITH fin1_1;
  min1_2 WITH fin1_2;
  min1_3 WITH fin1_3;
  min1_4 WITH fin1_4;
  min1_5 WITH fin1_5;





  OUTPUT: standardized modindices;



*** WARNING
  Data set contains cases with missing on all variables.
  These cases were not included in the analysis.
  Number of cases with missing on all variables:  394
   1 WARNING(S) FOUND IN THE INPUT INSTRUCTIONS



Your title goes here

SUMMARY OF ANALYSIS

Number of groups                                                 1
Number of observations                                        1490

Number of dependent variables                                   10
Number of independent variables                                  0
Number of continuous latent variables                            2

Observed dependent variables

  Continuous
   MIN1_1      MIN1_2      MIN1_3      MIN1_4      MIN1_5      FIN1_1
   FIN1_2      FIN1_3      FIN1_4      FIN1_5

Continuous latent variables
   MIN1        FIN1


Estimator                                                       ML
Information matrix                                        OBSERVED
Maximum number of iterations                                  1000
Convergence criterion                                    0.500D-04
Maximum number of steepest descent iterations                   20
Maximum number of iterations for H1                           2000
Convergence criterion for H1                             0.100D-03

Input data file(s)
  20-08-18_items.dat

Input data format  FREE


SUMMARY OF DATA

     Number of missing data patterns            16


COVARIANCE COVERAGE OF DATA

Minimum covariance coverage value   0.100


     PROPORTION OF DATA PRESENT


           Covariance Coverage
              MIN1_1        MIN1_2        MIN1_3        MIN1_4        MIN1_5
              ________      ________      ________      ________      ________
 MIN1_1         0.989
 MIN1_2         0.987         0.987
 MIN1_3         0.989         0.987         0.989
 MIN1_4         0.988         0.987         0.989         0.989
 MIN1_5         0.987         0.986         0.988         0.987         0.988
 FIN1_1         0.946         0.945         0.947         0.946         0.946
 FIN1_2         0.944         0.942         0.944         0.944         0.944
 FIN1_3         0.944         0.942         0.944         0.944         0.943
 FIN1_4         0.946         0.945         0.947         0.946         0.946
 FIN1_5         0.946         0.944         0.946         0.946         0.945


           Covariance Coverage
              FIN1_1        FIN1_2        FIN1_3        FIN1_4        FIN1_5
              ________      ________      ________      ________      ________
 FIN1_1         0.958
 FIN1_2         0.954         0.955
 FIN1_3         0.954         0.952         0.955
 FIN1_4         0.957         0.954         0.954         0.958
 FIN1_5         0.954         0.952         0.952         0.954         0.957



UNIVARIATE SAMPLE STATISTICS


     UNIVARIATE HIGHER-ORDER MOMENT DESCRIPTIVE STATISTICS

         Variable/         Mean/     Skewness/   Minimum/ % with                Percentiles
        Sample Size      Variance    Kurtosis    Maximum  Min/Max      20%/60%    40%/80%    Median

     MIN1_1                4.451      -1.992       1.000    2.10%       4.000      5.000      5.000
            1473.000       0.887       3.508       5.000   65.51%       5.000      5.000
     MIN1_2                3.912      -1.008       1.000    5.98%       3.000      4.000      4.000
            1471.000       1.504      -0.100       5.000   40.99%       5.000      5.000
     MIN1_3                3.605      -0.619       1.000   10.04%       2.000      4.000      4.000
            1474.000       1.858      -0.956       5.000   33.72%       4.000      5.000
     MIN1_4                4.690      -3.115       1.000    1.63%       4.000      5.000      5.000
            1473.000       0.552      10.569       5.000   79.23%       5.000      5.000
     MIN1_5                4.053      -1.099       1.000    3.46%       3.000      4.000      4.000
            1472.000       1.333       0.135       5.000   47.35%       5.000      5.000
     FIN1_1                4.037      -1.105       1.000    1.54%       4.000      4.000      4.000
            1427.000       0.748       1.572       5.000   29.71%       4.000      5.000
     FIN1_2                3.356      -0.671       1.000    9.70%       2.000      3.000      4.000
            1423.000       1.303      -0.445       5.000   11.10%       4.000      4.000
     FIN1_3                3.150      -0.352       1.000   15.25%       2.000      3.000      4.000
            1423.000       1.663      -1.094       5.000   12.72%       4.000      4.000
     FIN1_4                4.519      -1.742       1.000    0.49%       4.000      5.000      5.000
            1427.000       0.519       3.658       5.000   62.09%       5.000      5.000
     FIN1_5                3.093      -0.192       1.000   15.57%       2.000      3.000      3.000
            1426.000       1.702      -1.124       5.000   14.87%       4.000      4.000


THE MODEL ESTIMATION TERMINATED NORMALLY



MODEL FIT INFORMATION

Number of Free Parameters                       36

Loglikelihood

          H0 Value                      -19993.378
          H1 Value                      -19945.809

Information Criteria

          Akaike (AIC)                   40058.757
          Bayesian (BIC)                 40249.792
          Sample-Size Adjusted BIC       40135.430
            (n* = (n + 2) / 24)

Chi-Square Test of Model Fit

          Value                             95.139
          Degrees of Freedom                    29
          P-Value                           0.0000

RMSEA (Root Mean Square Error Of Approximation)

          Estimate                           0.039
          90 Percent C.I.                    0.031  0.048
          Probability RMSEA <= .05           0.979

CFI/TLI

          CFI                                0.974
          TLI                                0.960

Chi-Square Test of Model Fit for the Baseline Model

          Value                           2617.993
          Degrees of Freedom                    45
          P-Value                           0.0000

SRMR (Standardized Root Mean Square Residual)

          Value                              0.028



MODEL RESULTS

                                                    Two-Tailed
                    Estimate       S.E.  Est./S.E.    P-Value

 MIN1     BY
    MIN1_1             0.565      0.027     20.871      0.000
    MIN1_2             0.911      0.035     25.837      0.000
    MIN1_3             0.823      0.038     21.806      0.000
    MIN1_4             0.215      0.021     10.124      0.000
    MIN1_5             0.494      0.034     14.658      0.000

 FIN1     BY
    FIN1_1             0.543      0.024     22.252      0.000
    FIN1_2             0.800      0.032     25.121      0.000
    FIN1_3             0.937      0.035     26.533      0.000
    FIN1_4             0.187      0.021      8.980      0.000
    FIN1_5             0.486      0.039     12.599      0.000

 FIN1     WITH
    MIN1               0.246      0.035      7.020      0.000

 MIN1_1   WITH
    FIN1_1             0.000      0.016     -0.001      0.999

 MIN1_2   WITH
    FIN1_2             0.084      0.026      3.171      0.002

 MIN1_3   WITH
    FIN1_3             0.338      0.035      9.778      0.000

 MIN1_4   WITH
    FIN1_4             0.165      0.014     11.677      0.000

 MIN1_5   WITH
    FIN1_5             0.070      0.035      1.985      0.047

 Means
    MIN1               0.000      0.000    999.000    999.000
    FIN1               0.000      0.000    999.000    999.000

 Intercepts
    MIN1_1             4.452      0.025    181.458      0.000
    MIN1_2             3.913      0.032    122.595      0.000
    MIN1_3             3.606      0.035    102.662      0.000
    MIN1_4             4.690      0.019    242.055      0.000
    MIN1_5             4.054      0.030    134.636      0.000
    FIN1_1             4.037      0.023    176.470      0.000
    FIN1_2             3.356      0.030    111.188      0.000
    FIN1_3             3.154      0.034     92.713      0.000
    FIN1_4             4.519      0.019    237.211      0.000
    FIN1_5             3.093      0.035     89.576      0.000

 Variances
    MIN1               1.000      0.000    999.000    999.000
    FIN1               1.000      0.000    999.000    999.000

 Residual Variances
    MIN1_1             0.568      0.027     20.811      0.000
    MIN1_2             0.670      0.048     13.938      0.000
    MIN1_3             1.143      0.056     20.558      0.000
    MIN1_4             0.508      0.019     26.280      0.000
    MIN1_5             1.091      0.044     24.904      0.000
    FIN1_1             0.453      0.022     20.382      0.000
    FIN1_2             0.660      0.038     17.356      0.000
    FIN1_3             0.777      0.050     15.698      0.000
    FIN1_4             0.485      0.019     26.042      0.000
    FIN1_5             1.466      0.058     25.257      0.000


STANDARDIZED MODEL RESULTS


STDYX Standardization

                                                    Two-Tailed
                    Estimate       S.E.  Est./S.E.    P-Value

 MIN1     BY
    MIN1_1             0.600      0.023     25.640      0.000
    MIN1_2             0.744      0.022     34.105      0.000
    MIN1_3             0.610      0.023     26.713      0.000
    MIN1_4             0.288      0.027     10.610      0.000
    MIN1_5             0.427      0.026     16.319      0.000

 FIN1     BY
    FIN1_1             0.628      0.022     28.334      0.000
    FIN1_2             0.701      0.021     33.724      0.000
    FIN1_3             0.728      0.020     35.629      0.000
    FIN1_4             0.259      0.028      9.324      0.000
    FIN1_5             0.372      0.027     13.675      0.000

 FIN1     WITH
    MIN1               0.246      0.035      7.020      0.000

 MIN1_1   WITH
    FIN1_1             0.000      0.032     -0.001      0.999

 MIN1_2   WITH
    FIN1_2             0.126      0.038      3.296      0.001

 MIN1_3   WITH
    FIN1_3             0.358      0.031     11.416      0.000

 MIN1_4   WITH
    FIN1_4             0.333      0.024     13.745      0.000

 MIN1_5   WITH
    FIN1_5             0.056      0.028      1.995      0.046

 Means
    MIN1               0.000      0.000    999.000    999.000
    FIN1               0.000      0.000    999.000    999.000

 Intercepts
    MIN1_1             4.727      0.091     51.930      0.000
    MIN1_2             3.195      0.064     49.749      0.000
    MIN1_3             2.673      0.055     48.877      0.000
    MIN1_4             6.303      0.119     53.109      0.000
    MIN1_5             3.509      0.070     50.286      0.000
    FIN1_1             4.669      0.091     51.106      0.000
    FIN1_2             2.943      0.061     48.198      0.000
    FIN1_3             2.451      0.052     46.885      0.000
    FIN1_4             6.265      0.120     52.237      0.000
    FIN1_5             2.371      0.052     45.877      0.000

 Variances
    MIN1               1.000      0.000    999.000    999.000
    FIN1               1.000      0.000    999.000    999.000

 Residual Variances
    MIN1_1             0.640      0.028     22.811      0.000
    MIN1_2             0.447      0.032     13.757      0.000
    MIN1_3             0.628      0.028     22.562      0.000
    MIN1_4             0.917      0.016     58.486      0.000
    MIN1_5             0.817      0.022     36.549      0.000
    FIN1_1             0.606      0.028     21.802      0.000
    FIN1_2             0.508      0.029     17.406      0.000
    FIN1_3             0.469      0.030     15.760      0.000
    FIN1_4             0.933      0.014     64.926      0.000
    FIN1_5             0.861      0.020     42.528      0.000


STDY Standardization

                                                    Two-Tailed
                    Estimate       S.E.  Est./S.E.    P-Value

 MIN1     BY
    MIN1_1             0.600      0.023     25.640      0.000
    MIN1_2             0.744      0.022     34.105      0.000
    MIN1_3             0.610      0.023     26.713      0.000
    MIN1_4             0.288      0.027     10.610      0.000
    MIN1_5             0.427      0.026     16.319      0.000

 FIN1     BY
    FIN1_1             0.628      0.022     28.334      0.000
    FIN1_2             0.701      0.021     33.724      0.000
    FIN1_3             0.728      0.020     35.629      0.000
    FIN1_4             0.259      0.028      9.324      0.000
    FIN1_5             0.372      0.027     13.675      0.000

 FIN1     WITH
    MIN1               0.246      0.035      7.020      0.000

 MIN1_1   WITH
    FIN1_1             0.000      0.032     -0.001      0.999

 MIN1_2   WITH
    FIN1_2             0.126      0.038      3.296      0.001

 MIN1_3   WITH
    FIN1_3             0.358      0.031     11.416      0.000

 MIN1_4   WITH
    FIN1_4             0.333      0.024     13.745      0.000

 MIN1_5   WITH
    FIN1_5             0.056      0.028      1.995      0.046

 Means
    MIN1               0.000      0.000    999.000    999.000
    FIN1               0.000      0.000    999.000    999.000

 Intercepts
    MIN1_1             4.727      0.091     51.930      0.000
    MIN1_2             3.195      0.064     49.749      0.000
    MIN1_3             2.673      0.055     48.877      0.000
    MIN1_4             6.303      0.119     53.109      0.000
    MIN1_5             3.509      0.070     50.286      0.000
    FIN1_1             4.669      0.091     51.106      0.000
    FIN1_2             2.943      0.061     48.198      0.000
    FIN1_3             2.451      0.052     46.885      0.000
    FIN1_4             6.265      0.120     52.237      0.000
    FIN1_5             2.371      0.052     45.877      0.000

 Variances
    MIN1               1.000      0.000    999.000    999.000
    FIN1               1.000      0.000    999.000    999.000

 Residual Variances
    MIN1_1             0.640      0.028     22.811      0.000
    MIN1_2             0.447      0.032     13.757      0.000
    MIN1_3             0.628      0.028     22.562      0.000
    MIN1_4             0.917      0.016     58.486      0.000
    MIN1_5             0.817      0.022     36.549      0.000
    FIN1_1             0.606      0.028     21.802      0.000
    FIN1_2             0.508      0.029     17.406      0.000
    FIN1_3             0.469      0.030     15.760      0.000
    FIN1_4             0.933      0.014     64.926      0.000
    FIN1_5             0.861      0.020     42.528      0.000


STD Standardization

                                                    Two-Tailed
                    Estimate       S.E.  Est./S.E.    P-Value

 MIN1     BY
    MIN1_1             0.565      0.027     20.871      0.000
    MIN1_2             0.911      0.035     25.837      0.000
    MIN1_3             0.823      0.038     21.806      0.000
    MIN1_4             0.215      0.021     10.124      0.000
    MIN1_5             0.494      0.034     14.658      0.000

 FIN1     BY
    FIN1_1             0.543      0.024     22.252      0.000
    FIN1_2             0.800      0.032     25.121      0.000
    FIN1_3             0.937      0.035     26.533      0.000
    FIN1_4             0.187      0.021      8.980      0.000
    FIN1_5             0.486      0.039     12.599      0.000

 FIN1     WITH
    MIN1               0.246      0.035      7.020      0.000

 MIN1_1   WITH
    FIN1_1             0.000      0.016     -0.001      0.999

 MIN1_2   WITH
    FIN1_2             0.084      0.026      3.171      0.002

 MIN1_3   WITH
    FIN1_3             0.338      0.035      9.778      0.000

 MIN1_4   WITH
    FIN1_4             0.165      0.014     11.677      0.000

 MIN1_5   WITH
    FIN1_5             0.070      0.035      1.985      0.047

 Means
    MIN1               0.000      0.000    999.000    999.000
    FIN1               0.000      0.000    999.000    999.000

 Intercepts
    MIN1_1             4.452      0.025    181.458      0.000
    MIN1_2             3.913      0.032    122.595      0.000
    MIN1_3             3.606      0.035    102.662      0.000
    MIN1_4             4.690      0.019    242.055      0.000
    MIN1_5             4.054      0.030    134.636      0.000
    FIN1_1             4.037      0.023    176.470      0.000
    FIN1_2             3.356      0.030    111.188      0.000
    FIN1_3             3.154      0.034     92.713      0.000
    FIN1_4             4.519      0.019    237.211      0.000
    FIN1_5             3.093      0.035     89.576      0.000

 Variances
    MIN1               1.000      0.000    999.000    999.000
    FIN1               1.000      0.000    999.000    999.000

 Residual Variances
    MIN1_1             0.568      0.027     20.811      0.000
    MIN1_2             0.670      0.048     13.938      0.000
    MIN1_3             1.143      0.056     20.558      0.000
    MIN1_4             0.508      0.019     26.280      0.000
    MIN1_5             1.091      0.044     24.904      0.000
    FIN1_1             0.453      0.022     20.382      0.000
    FIN1_2             0.660      0.038     17.356      0.000
    FIN1_3             0.777      0.050     15.698      0.000
    FIN1_4             0.485      0.019     26.042      0.000
    FIN1_5             1.466      0.058     25.257      0.000


R-SQUARE

    Observed                                        Two-Tailed
    Variable        Estimate       S.E.  Est./S.E.    P-Value

    MIN1_1             0.360      0.028     12.820      0.000
    MIN1_2             0.553      0.032     17.052      0.000
    MIN1_3             0.372      0.028     13.356      0.000
    MIN1_4             0.083      0.016      5.305      0.000
    MIN1_5             0.183      0.022      8.160      0.000
    FIN1_1             0.394      0.028     14.167      0.000
    FIN1_2             0.492      0.029     16.862      0.000
    FIN1_3             0.531      0.030     17.815      0.000
    FIN1_4             0.067      0.014      4.662      0.000
    FIN1_5             0.139      0.020      6.838      0.000


QUALITY OF NUMERICAL RESULTS

     Condition Number for the Information Matrix              0.106E-01
       (ratio of smallest to largest eigenvalue)


MODEL MODIFICATION INDICES

NOTE:  Modification indices for direct effects of observed dependent variables
regressed on covariates may not be included.  To include these, request
MODINDICES (ALL).

Minimum M.I. value for printing the modification index    10.000

                                   M.I.     E.P.C.  Std E.P.C.  StdYX E.P.C.

BY Statements

MIN1     BY FIN1_1                18.409    -0.111     -0.111       -0.129
MIN1     BY FIN1_3                15.279     0.155      0.155        0.121

WITH Statements

FIN1_3   WITH MIN1_2              19.369     0.138      0.138        0.191
FIN1_4   WITH FIN1_1              20.515     0.061      0.061        0.131
FIN1_4   WITH FIN1_3              23.445    -0.095     -0.095       -0.154


DIAGRAM INFORMATION

  Use View Diagram under the Diagram menu in the Mplus Editor to view the diagram.
  If running Mplus from the Mplus Diagrammer, the diagram opens automatically.

  Diagram output
    c:\users\lissa102\documents\git_repositories\involvement_quant_qual\invariance\20-08-18_involvement_structural.dgm

     Beginning Time:  11:37:48
        Ending Time:  11:37:48
       Elapsed Time:  00:00:00



MUTHEN & MUTHEN
3463 Stoner Ave.
Los Angeles, CA  90066

Tel: (310) 391-9971
Fax: (310) 391-8971
Web: www.StatModel.com
Support: Support@StatModel.com

Copyright (c) 1998-2017 Muthen & Muthen
