Mplus VERSION 8
MUTHEN & MUTHEN
08/21/2018  11:35 AM

INPUT INSTRUCTIONS

  TITLE: Your title goes here
  DATA: FILE = "20-08-18_items.dat";
  VARIABLE:
  NAMES = Man1_1 Man1_2 Man1_3 Man1_4 Man1_5 Man1_6 Man2_1 Man2_2 Man2_3 Man2_4 Man2_5
       Man2_6 Man3_1 Man3_2 Man3_3 Man3_4 Man3_5 Man3_6 Man4_1 Man4_2 Man4_3 Man4_4
       Man4_5 Man4_6 Fan1_1 Fan1_2 Fan1_3 Fan1_4 Fan1_5 Fan1_6 Fan2_1 Fan2_2 Fan2_3
       Fan2_4 Fan2_5 Fan2_6 Fan3_1 Fan3_2 Fan3_3 Fan3_4 Fan3_5 Fan3_6 Fan4_1 Fan4_2
       Fan4_3 Fan4_4 Fan4_5 Fan4_6 Mco1_1 Mco1_2 Mco1_3 Mco1_4 Mco1_5 Mco2_1 Mco2_2
       Mco2_3 Mco2_4 Mco2_5 Mco3_1 Mco3_2 Mco3_3 Mco3_4 Mco3_5 Mco4_1 Mco4_2 Mco4_3
       Mco4_4 Mco4_5 Fco1_1 Fco1_2 Fco1_3 Fco1_4 Fco1_5 Fco2_1 Fco2_2 Fco2_3 Fco2_4
       Fco2_5 Fco3_1 Fco3_2 Fco3_3 Fco3_4 Fco3_5 Fco4_1 Fco4_2 Fco4_3 Fco4_4 Fco4_5
       Min1_1 Min1_2 Min1_3 Min1_4 Min1_5 Fin1_1 Fin1_2 Fin1_3 Fin1_4 Fin1_5 Mre1_1
       Mre1_2 Mre1_3 Mre2_1 Mre2_2 Mre2_3 Mre2_4 Mre2_5 Mre3_1 Mre3_2 Mre3_3 Mre3_4
       Mre3_5 Mre4_1 Mre4_2 Mre4_3 Mre4_4 Mre4_5 Fre1_1 Fre1_2 Fre1_3 Fre2_1 Fre2_2
       Fre2_3 Fre2_4 Fre2_5 Fre3_1 Fre3_2 Fre3_3 Fre3_4 Fre3_5 Fre4_1 Fre4_2 Fre4_3
       Fre4_4 Fre4_5 Mwa1_1 Mwa1_2 Mwa1_3 Mwa1_4 Mwa1_5 Mwa1_6 Mwa2_1 Mwa2_2 Mwa2_3
       Mwa2_4 Mwa2_5 Mwa2_6 Mwa3_1 Mwa3_2 Mwa3_3 Mwa3_4 Mwa3_5 Mwa3_6 Mwa4_1 Mwa4_2
       Mwa4_3 Mwa4_4 Mwa4_5 Mwa4_6 Fwa1_1 Fwa1_2 Fwa1_3 Fwa1_4 Fwa1_5 Fwa1_6 Fwa2_1
       Fwa2_2 Fwa2_3 Fwa2_4 Fwa2_5 Fwa2_6 Fwa3_1 Fwa3_2 Fwa3_3 Fwa3_4 Fwa3_5 Fwa3_6
       Fwa4_1 Fwa4_2 Fwa4_3 Fwa4_4 Fwa4_5 Fwa4_6 emo1_1 emo1_2 emo1_3 emo1_4 emo1_5
       emo2_1 emo2_2 emo2_3 emo2_4 emo2_5 emo3_1 emo3_2 emo3_3 emo3_4 emo3_5 emo4_1
       emo4_2 emo4_3 emo4_4 emo4_5;
  MISSING=.;

  USEVARIABLES =
   emo1_1 emo1_2 emo1_3 emo1_4 emo1_5  emo2_1 emo2_2 emo2_3 emo2_4 emo2_5
        emo3_1 emo3_2 emo3_3 emo3_4 emo3_5  emo4_1 emo4_2 emo4_3 emo4_4
       emo4_5 ;

  MODEL:
  [emo1_1*];
  [emo1_2*];
  [emo1_3*];
  [emo1_4*];
  [emo1_5*];

  [emo2_1*];
  [emo2_2*];
  [emo2_3*];
  [emo2_4*];
  [emo2_5*];

  [emo3_1*];
  [emo3_2*];
  [emo3_3*];
  [emo3_4*];
  [emo3_5*];

  [emo4_1*];
  [emo4_2*];
  [emo4_3*];
  [emo4_4*];
  [emo4_5*];



  emo1_1*;
  emo1_2*;
  emo1_3*;
  emo1_4*;
  emo1_5*;

  emo2_1*;
  emo2_2*;
  emo2_3*;
  emo2_4*;
  emo2_5*;

  emo3_1*;
  emo3_2*;
  emo3_3*;
  emo3_4*;
  emo3_5*;

  emo4_1*;
  emo4_2*;
  emo4_3*;
  emo4_4*;
  emo4_5*;


  emo1@1;
  [emo1@0];
  emo2@1;
  [emo2@0];
  emo3@1;
  [emo3@0];
  emo4@1;
  [emo4@0];


  emo1 BY emo1_1*;
  emo1 BY emo1_2*;
  emo1 BY emo1_3*;
  emo1 BY emo1_4*;
  emo1 BY emo1_5*;



  emo2 BY emo2_1*;
  emo2 BY emo2_2*;
  emo2 BY emo2_3*;
  emo2 BY emo2_4*;
  emo2 BY emo2_5*;



  emo3 BY emo3_1*;
  emo3 BY emo3_2*;
  emo3 BY emo3_3*;
  emo3 BY emo3_4*;
  emo3 BY emo3_5*;


  emo4 BY emo4_1*;
  emo4 BY emo4_2*;
  emo4 BY emo4_3*;
  emo4 BY emo4_4*;
  emo4 BY emo4_5*;




  emo1_1 WITH emo2_1;
  emo1_1 WITH emo3_1;
  emo1_1 WITH emo4_1;
  emo2_1 WITH emo3_1;
  emo2_1 WITH emo4_1;
  emo3_1 WITH emo4_1;


  emo1_2 WITH emo2_2;
  emo1_2 WITH emo3_2;
  emo1_2 WITH emo4_2;
  emo2_2 WITH emo3_2;
  emo2_2 WITH emo4_2;
  emo3_2 WITH emo4_2;


  emo1_3 WITH emo2_3;
  emo1_3 WITH emo3_3;
  emo1_3 WITH emo4_3;
  emo2_3 WITH emo3_3;
  emo2_3 WITH emo4_3;
  emo3_3 WITH emo4_3;


  emo1_4 WITH emo2_4;
  emo1_4 WITH emo3_4;
  emo1_4 WITH emo4_4;
  emo2_4 WITH emo3_4;
  emo2_4 WITH emo4_4;
  emo3_4 WITH emo4_4;


  emo1_5 WITH emo2_5;
  emo1_5 WITH emo3_5;
  emo1_5 WITH emo4_5;
  emo2_5 WITH emo3_5;
  emo2_5 WITH emo4_5;
  emo3_5 WITH emo4_5;














  OUTPUT: standardized modindices;



*** WARNING
  Data set contains cases with missing on all variables.
  These cases were not included in the analysis.
  Number of cases with missing on all variables:  118
   1 WARNING(S) FOUND IN THE INPUT INSTRUCTIONS



Your title goes here

SUMMARY OF ANALYSIS

Number of groups                                                 1
Number of observations                                        1766

Number of dependent variables                                   20
Number of independent variables                                  0
Number of continuous latent variables                            4

Observed dependent variables

  Continuous
   EMO1_1      EMO1_2      EMO1_3      EMO1_4      EMO1_5      EMO2_1
   EMO2_2      EMO2_3      EMO2_4      EMO2_5      EMO3_1      EMO3_2
   EMO3_3      EMO3_4      EMO3_5      EMO4_1      EMO4_2      EMO4_3
   EMO4_4      EMO4_5

Continuous latent variables
   EMO1        EMO2        EMO3        EMO4


Estimator                                                       ML
Information matrix                                        OBSERVED
Maximum number of iterations                                  1000
Convergence criterion                                    0.500D-04
Maximum number of steepest descent iterations                   20
Maximum number of iterations for H1                           2000
Convergence criterion for H1                             0.100D-03

Input data file(s)
  20-08-18_items.dat

Input data format  FREE


SUMMARY OF DATA

     Number of missing data patterns            65


COVARIANCE COVERAGE OF DATA

Minimum covariance coverage value   0.100


     PROPORTION OF DATA PRESENT


           Covariance Coverage
              EMO1_1        EMO1_2        EMO1_3        EMO1_4        EMO1_5
              ________      ________      ________      ________      ________
 EMO1_1         0.824
 EMO1_2         0.822         0.823
 EMO1_3         0.822         0.822         0.823
 EMO1_4         0.822         0.822         0.822         0.823
 EMO1_5         0.808         0.808         0.809         0.807         0.809
 EMO2_1         0.691         0.690         0.690         0.690         0.678
 EMO2_2         0.690         0.689         0.690         0.689         0.677
 EMO2_3         0.691         0.690         0.691         0.690         0.678
 EMO2_4         0.691         0.690         0.690         0.690         0.678
 EMO2_5         0.682         0.681         0.682         0.681         0.669
 EMO3_1         0.654         0.654         0.654         0.654         0.644
 EMO3_2         0.655         0.655         0.655         0.655         0.644
 EMO3_3         0.655         0.655         0.655         0.655         0.644
 EMO3_4         0.655         0.655         0.655         0.655         0.645
 EMO3_5         0.652         0.652         0.652         0.652         0.642
 EMO4_1         0.634         0.633         0.633         0.633         0.623
 EMO4_2         0.632         0.631         0.631         0.631         0.621
 EMO4_3         0.635         0.635         0.634         0.634         0.625
 EMO4_4         0.630         0.630         0.629         0.629         0.619
 EMO4_5         0.622         0.621         0.621         0.621         0.612


           Covariance Coverage
              EMO2_1        EMO2_2        EMO2_3        EMO2_4        EMO2_5
              ________      ________      ________      ________      ________
 EMO2_1         0.832
 EMO2_2         0.831         0.831
 EMO2_3         0.832         0.831         0.832
 EMO2_4         0.831         0.831         0.832         0.832
 EMO2_5         0.821         0.820         0.822         0.821         0.822
 EMO3_1         0.673         0.674         0.674         0.673         0.665
 EMO3_2         0.675         0.676         0.676         0.675         0.667
 EMO3_3         0.675         0.676         0.676         0.675         0.667
 EMO3_4         0.676         0.676         0.676         0.676         0.668
 EMO3_5         0.673         0.673         0.673         0.673         0.665
 EMO4_1         0.645         0.644         0.646         0.645         0.637
 EMO4_2         0.644         0.643         0.644         0.644         0.636
 EMO4_3         0.647         0.647         0.648         0.647         0.639
 EMO4_4         0.640         0.640         0.641         0.640         0.633
 EMO4_5         0.634         0.633         0.634         0.634         0.626


           Covariance Coverage
              EMO3_1        EMO3_2        EMO3_3        EMO3_4        EMO3_5
              ________      ________      ________      ________      ________
 EMO3_1         0.789
 EMO3_2         0.789         0.791
 EMO3_3         0.789         0.790         0.791
 EMO3_4         0.789         0.791         0.791         0.792
 EMO3_5         0.787         0.788         0.788         0.789         0.789
 EMO4_1         0.635         0.636         0.636         0.636         0.634
 EMO4_2         0.634         0.635         0.635         0.635         0.633
 EMO4_3         0.638         0.638         0.638         0.639         0.636
 EMO4_4         0.631         0.632         0.632         0.633         0.630
 EMO4_5         0.625         0.626         0.626         0.626         0.623


           Covariance Coverage
              EMO4_1        EMO4_2        EMO4_3        EMO4_4        EMO4_5
              ________      ________      ________      ________      ________
 EMO4_1         0.764
 EMO4_2         0.761         0.763
 EMO4_3         0.764         0.763         0.767
 EMO4_4         0.757         0.758         0.759         0.760
 EMO4_5         0.749         0.750         0.751         0.748         0.751



UNIVARIATE SAMPLE STATISTICS


     UNIVARIATE HIGHER-ORDER MOMENT DESCRIPTIVE STATISTICS

         Variable/         Mean/     Skewness/   Minimum/ % with                Percentiles
        Sample Size      Variance    Kurtosis    Maximum  Min/Max      20%/60%    40%/80%    Median

     EMO1_1                2.781      -2.213       1.000    3.64%       3.000      3.000      3.000
            1455.000       0.244       4.096       3.000   81.72%       3.000      3.000
     EMO1_2                2.657      -1.354       1.000    3.99%       2.000      3.000      3.000
            1453.000       0.305       0.865       3.000   69.72%       3.000      3.000
     EMO1_3                2.857      -2.919       1.000    2.06%       3.000      3.000      3.000
            1454.000       0.164       8.196       3.000   87.76%       3.000      3.000
     EMO1_4                2.643      -1.408       1.000    5.57%       2.000      3.000      3.000
            1453.000       0.341       0.948       3.000   69.86%       3.000      3.000
     EMO1_5                2.820      -2.518       1.000    2.73%       3.000      3.000      3.000
            1429.000       0.202       5.744       3.000   84.74%       3.000      3.000
     EMO2_1                2.828      -2.733       1.000    3.47%       3.000      3.000      3.000
            1469.000       0.212       6.762       3.000   86.32%       3.000      3.000
     EMO2_2                2.640      -1.324       1.000    4.70%       2.000      3.000      3.000
            1468.000       0.325       0.759       3.000   68.66%       3.000      3.000
     EMO2_3                2.837      -2.781       1.000    2.93%       3.000      3.000      3.000
            1470.000       0.195       7.166       3.000   86.67%       3.000      3.000
     EMO2_4                2.668      -1.474       1.000    4.63%       2.000      3.000      3.000
            1469.000       0.314       1.193       3.000   71.41%       3.000      3.000
     EMO2_5                2.850      -2.769       1.000    1.93%       3.000      3.000      3.000
            1451.000       0.166       7.295       3.000   86.91%       3.000      3.000
     EMO3_1                2.870      -3.243       1.000    2.44%       3.000      3.000      3.000
            1394.000       0.162      10.187       3.000   89.45%       3.000      3.000
     EMO3_2                2.678      -1.504       1.000    4.29%       2.000      3.000      3.000
            1397.000       0.304       1.300       3.000   72.08%       3.000      3.000
     EMO3_3                2.863      -3.066       1.000    2.22%       3.000      3.000      3.000
            1397.000       0.162       9.096       3.000   88.55%       3.000      3.000
     EMO3_4                2.720      -1.745       1.000    3.93%       2.000      3.000      3.000
            1398.000       0.280       2.139       3.000   75.97%       3.000      3.000
     EMO3_5                2.874      -3.135       1.000    1.72%       3.000      3.000      3.000
            1393.000       0.145       9.684       3.000   89.09%       3.000      3.000
     EMO4_1                2.907      -3.862       1.000    1.41%       3.000      3.000      3.000
            1350.000       0.112      15.285       3.000   92.15%       3.000      3.000
     EMO4_2                2.694      -1.616       1.000    4.45%       2.000      3.000      3.000
            1348.000       0.302       1.653       3.000   73.81%       3.000      3.000
     EMO4_3                2.886      -3.468       1.000    1.99%       3.000      3.000      3.000
            1354.000       0.141      11.939       3.000   90.55%       3.000      3.000
     EMO4_4                2.507      -0.904       1.000    7.30%       2.000      2.000      3.000
            1342.000       0.396      -0.235       3.000   57.97%       3.000      3.000
     EMO4_5                2.860      -3.009       1.000    2.19%       3.000      3.000      3.000
            1326.000       0.164       8.737       3.000   88.24%       3.000      3.000


THE MODEL ESTIMATION TERMINATED NORMALLY



MODEL FIT INFORMATION

Number of Free Parameters                       96

Loglikelihood

          H0 Value                      -15190.694
          H1 Value                      -15015.950

Information Criteria

          Akaike (AIC)                   30573.388
          Bayesian (BIC)                 31099.129
          Sample-Size Adjusted BIC       30794.145
            (n* = (n + 2) / 24)

Chi-Square Test of Model Fit

          Value                            349.488
          Degrees of Freedom                   134
          P-Value                           0.0000

RMSEA (Root Mean Square Error Of Approximation)

          Estimate                           0.030
          90 Percent C.I.                    0.026  0.034
          Probability RMSEA <= .05           1.000

CFI/TLI

          CFI                                0.969
          TLI                                0.957

Chi-Square Test of Model Fit for the Baseline Model

          Value                           7224.430
          Degrees of Freedom                   190
          P-Value                           0.0000

SRMR (Standardized Root Mean Square Residual)

          Value                              0.027



MODEL RESULTS

                                                    Two-Tailed
                    Estimate       S.E.  Est./S.E.    P-Value

 EMO1     BY
    EMO1_1             0.160      0.014     11.407      0.000
    EMO1_2             0.384      0.014     26.482      0.000
    EMO1_3             0.221      0.011     19.912      0.000
    EMO1_4             0.419      0.015     27.790      0.000
    EMO1_5             0.347      0.012     29.651      0.000

 EMO2     BY
    EMO2_1             0.175      0.013     13.669      0.000
    EMO2_2             0.415      0.015     27.553      0.000
    EMO2_3             0.237      0.012     19.562      0.000
    EMO2_4             0.375      0.015     25.407      0.000
    EMO2_5             0.285      0.011     26.269      0.000

 EMO3     BY
    EMO3_1             0.151      0.011     13.375      0.000
    EMO3_2             0.405      0.014     28.194      0.000
    EMO3_3             0.250      0.011     23.136      0.000
    EMO3_4             0.340      0.014     24.340      0.000
    EMO3_5             0.284      0.010     29.002      0.000

 EMO4     BY
    EMO4_1             0.126      0.010     13.009      0.000
    EMO4_2             0.429      0.015     29.501      0.000
    EMO4_3             0.235      0.010     22.806      0.000
    EMO4_4             0.367      0.018     20.955      0.000
    EMO4_5             0.278      0.011     25.071      0.000

 EMO2     WITH
    EMO1               0.263      0.034      7.769      0.000

 EMO3     WITH
    EMO1               0.337      0.034      9.914      0.000
    EMO2               0.335      0.034      9.822      0.000

 EMO4     WITH
    EMO1               0.202      0.037      5.431      0.000
    EMO2               0.279      0.036      7.805      0.000
    EMO3               0.448      0.032     14.153      0.000

 EMO1_1   WITH
    EMO2_1             0.038      0.006      6.614      0.000
    EMO3_1             0.018      0.005      3.435      0.001
    EMO4_1             0.015      0.004      3.263      0.001

 EMO2_1   WITH
    EMO3_1             0.036      0.005      7.394      0.000
    EMO4_1             0.022      0.004      5.513      0.000

 EMO3_1   WITH
    EMO4_1             0.016      0.004      4.439      0.000

 EMO1_2   WITH
    EMO2_2             0.012      0.006      2.065      0.039
    EMO3_2             0.006      0.006      1.072      0.284
    EMO4_2            -0.002      0.006     -0.395      0.693

 EMO2_2   WITH
    EMO3_2             0.006      0.006      1.049      0.294
    EMO4_2            -0.003      0.006     -0.542      0.588

 EMO3_2   WITH
    EMO4_2            -0.005      0.005     -0.855      0.393

 EMO1_3   WITH
    EMO2_3             0.016      0.004      4.082      0.000
    EMO3_3             0.011      0.004      3.176      0.001
    EMO4_3             0.001      0.003      0.462      0.644

 EMO2_3   WITH
    EMO3_3             0.009      0.004      2.362      0.018
    EMO4_3             0.002      0.004      0.572      0.567

 EMO3_3   WITH
    EMO4_3             0.008      0.003      2.637      0.008

 EMO1_4   WITH
    EMO2_4             0.020      0.006      3.261      0.001
    EMO3_4             0.021      0.006      3.393      0.001
    EMO4_4             0.011      0.007      1.544      0.123

 EMO2_4   WITH
    EMO3_4             0.028      0.006      4.580      0.000
    EMO4_4             0.018      0.007      2.514      0.012

 EMO3_4   WITH
    EMO4_4             0.014      0.007      1.897      0.058

 EMO1_5   WITH
    EMO2_5             0.003      0.003      0.997      0.319
    EMO3_5            -0.002      0.003     -0.526      0.599
    EMO4_5            -0.001      0.004     -0.210      0.834

 EMO2_5   WITH
    EMO3_5             0.004      0.003      1.222      0.222
    EMO4_5             0.005      0.003      1.576      0.115

 EMO3_5   WITH
    EMO4_5             0.010      0.003      3.562      0.000

 Means
    EMO1               0.000      0.000    999.000    999.000
    EMO2               0.000      0.000    999.000    999.000
    EMO3               0.000      0.000    999.000    999.000
    EMO4               0.000      0.000    999.000    999.000

 Intercepts
    EMO1_1             2.780      0.013    214.825      0.000
    EMO1_2             2.653      0.014    183.515      0.000
    EMO1_3             2.854      0.011    268.179      0.000
    EMO1_4             2.638      0.015    173.607      0.000
    EMO1_5             2.812      0.012    237.230      0.000
    EMO2_1             2.830      0.012    237.422      0.000
    EMO2_2             2.641      0.015    178.701      0.000
    EMO2_3             2.838      0.011    247.472      0.000
    EMO2_4             2.668      0.015    183.681      0.000
    EMO2_5             2.848      0.011    267.177      0.000
    EMO3_1             2.869      0.011    268.248      0.000
    EMO3_2             2.676      0.015    183.545      0.000
    EMO3_3             2.862      0.011    267.941      0.000
    EMO3_4             2.719      0.014    195.018      0.000
    EMO3_5             2.872      0.010    285.575      0.000
    EMO4_1             2.907      0.009    320.580      0.000
    EMO4_2             2.694      0.015    182.226      0.000
    EMO4_3             2.885      0.010    284.468      0.000
    EMO4_4             2.506      0.017    147.366      0.000
    EMO4_5             2.859      0.011    260.374      0.000

 Variances
    EMO1               1.000      0.000    999.000    999.000
    EMO2               1.000      0.000    999.000    999.000
    EMO3               1.000      0.000    999.000    999.000
    EMO4               1.000      0.000    999.000    999.000

 Residual Variances
    EMO1_1             0.220      0.008     26.170      0.000
    EMO1_2             0.159      0.008     19.951      0.000
    EMO1_3             0.117      0.005     24.016      0.000
    EMO1_4             0.164      0.009     19.129      0.000
    EMO1_5             0.084      0.005     16.507      0.000
    EMO2_1             0.181      0.007     25.875      0.000
    EMO2_2             0.152      0.009     17.390      0.000
    EMO2_3             0.138      0.006     23.734      0.000
    EMO2_4             0.173      0.009     20.237      0.000
    EMO2_5             0.086      0.004     19.101      0.000
    EMO3_1             0.139      0.005     25.345      0.000
    EMO3_2             0.139      0.008     17.914      0.000
    EMO3_3             0.100      0.005     22.153      0.000
    EMO3_4             0.162      0.008     21.417      0.000
    EMO3_5             0.064      0.004     17.502      0.000
    EMO4_1             0.096      0.004     24.799      0.000
    EMO4_2             0.117      0.008     14.768      0.000
    EMO4_3             0.086      0.004     21.441      0.000
    EMO4_4             0.259      0.012     22.256      0.000
    EMO4_5             0.087      0.004     19.350      0.000


STANDARDIZED MODEL RESULTS


STDYX Standardization

                                                    Two-Tailed
                    Estimate       S.E.  Est./S.E.    P-Value

 EMO1     BY
    EMO1_1             0.323      0.026     12.197      0.000
    EMO1_2             0.693      0.019     37.292      0.000
    EMO1_3             0.543      0.022     24.454      0.000
    EMO1_4             0.719      0.018     40.319      0.000
    EMO1_5             0.768      0.017     45.503      0.000

 EMO2     BY
    EMO2_1             0.380      0.025     14.932      0.000
    EMO2_2             0.729      0.019     38.971      0.000
    EMO2_3             0.538      0.023     23.585      0.000
    EMO2_4             0.670      0.020     34.244      0.000
    EMO2_5             0.698      0.019     36.556      0.000

 EMO3     BY
    EMO3_1             0.376      0.026     14.639      0.000
    EMO3_2             0.735      0.018     41.546      0.000
    EMO3_3             0.619      0.020     30.356      0.000
    EMO3_4             0.645      0.020     32.620      0.000
    EMO3_5             0.748      0.017     43.557      0.000

 EMO4     BY
    EMO4_1             0.377      0.026     14.221      0.000
    EMO4_2             0.782      0.017     44.929      0.000
    EMO4_3             0.626      0.021     30.004      0.000
    EMO4_4             0.585      0.022     26.475      0.000
    EMO4_5             0.685      0.020     34.916      0.000

 EMO2     WITH
    EMO1               0.263      0.034      7.769      0.000

 EMO3     WITH
    EMO1               0.337      0.034      9.914      0.000
    EMO2               0.335      0.034      9.822      0.000

 EMO4     WITH
    EMO1               0.202      0.037      5.431      0.000
    EMO2               0.279      0.036      7.805      0.000
    EMO3               0.448      0.032     14.153      0.000

 EMO1_1   WITH
    EMO2_1             0.191      0.028      6.927      0.000
    EMO3_1             0.104      0.030      3.482      0.000
    EMO4_1             0.101      0.030      3.305      0.001

 EMO2_1   WITH
    EMO3_1             0.224      0.028      7.872      0.000
    EMO4_1             0.170      0.030      5.707      0.000

 EMO3_1   WITH
    EMO4_1             0.138      0.030      4.548      0.000

 EMO1_2   WITH
    EMO2_2             0.077      0.037      2.089      0.037
    EMO3_2             0.042      0.039      1.077      0.282
    EMO4_2            -0.016      0.041     -0.395      0.693

 EMO2_2   WITH
    EMO3_2             0.042      0.039      1.056      0.291
    EMO4_2            -0.024      0.044     -0.541      0.588

 EMO3_2   WITH
    EMO4_2            -0.036      0.042     -0.851      0.395

 EMO1_3   WITH
    EMO2_3             0.127      0.031      4.164      0.000
    EMO3_3             0.106      0.033      3.220      0.001
    EMO4_3             0.015      0.032      0.463      0.644

 EMO2_3   WITH
    EMO3_3             0.078      0.033      2.382      0.017
    EMO4_3             0.019      0.033      0.573      0.567

 EMO3_3   WITH
    EMO4_3             0.091      0.034      2.668      0.008

 EMO1_4   WITH
    EMO2_4             0.120      0.036      3.334      0.001
    EMO3_4             0.128      0.037      3.469      0.001
    EMO4_4             0.055      0.036      1.550      0.121

 EMO2_4   WITH
    EMO3_4             0.165      0.035      4.750      0.000
    EMO4_4             0.087      0.034      2.541      0.011

 EMO3_4   WITH
    EMO4_4             0.066      0.035      1.912      0.056

 EMO1_5   WITH
    EMO2_5             0.040      0.040      1.003      0.316
    EMO3_5            -0.022      0.041     -0.524      0.600
    EMO4_5            -0.009      0.041     -0.210      0.834

 EMO2_5   WITH
    EMO3_5             0.051      0.041      1.229      0.219
    EMO4_5             0.060      0.038      1.584      0.113

 EMO3_5   WITH
    EMO4_5             0.136      0.037      3.668      0.000

 Means
    EMO1               0.000      0.000    999.000    999.000
    EMO2               0.000      0.000    999.000    999.000
    EMO3               0.000      0.000    999.000    999.000
    EMO4               0.000      0.000    999.000    999.000

 Intercepts
    EMO1_1             5.610      0.108     52.137      0.000
    EMO1_2             4.791      0.093     51.422      0.000
    EMO1_3             7.004      0.134     52.277      0.000
    EMO1_4             4.526      0.088     51.456      0.000
    EMO1_5             6.223      0.120     51.656      0.000
    EMO2_1             6.153      0.116     53.226      0.000
    EMO2_2             4.639      0.089     51.944      0.000
    EMO2_3             6.430      0.121     53.022      0.000
    EMO2_4             4.762      0.091     52.259      0.000
    EMO2_5             6.964      0.132     52.614      0.000
    EMO3_1             7.129      0.137     51.944      0.000
    EMO3_2             4.857      0.095     50.872      0.000
    EMO3_3             7.100      0.137     51.973      0.000
    EMO3_4             5.157      0.100     51.471      0.000
    EMO3_5             7.553      0.145     52.060      0.000
    EMO4_1             8.670      0.169     51.327      0.000
    EMO4_2             4.911      0.098     50.070      0.000
    EMO4_3             7.676      0.150     51.225      0.000
    EMO4_4             3.991      0.081     49.058      0.000
    EMO4_5             7.057      0.139     50.595      0.000

 Variances
    EMO1               1.000      0.000    999.000    999.000
    EMO2               1.000      0.000    999.000    999.000
    EMO3               1.000      0.000    999.000    999.000
    EMO4               1.000      0.000    999.000    999.000

 Residual Variances
    EMO1_1             0.896      0.017     52.415      0.000
    EMO1_2             0.519      0.026     20.151      0.000
    EMO1_3             0.706      0.024     29.309      0.000
    EMO1_4             0.484      0.026     18.876      0.000
    EMO1_5             0.411      0.026     15.852      0.000
    EMO2_1             0.856      0.019     44.368      0.000
    EMO2_2             0.468      0.027     17.154      0.000
    EMO2_3             0.711      0.025     28.964      0.000
    EMO2_4             0.551      0.026     20.992      0.000
    EMO2_5             0.513      0.027     19.240      0.000
    EMO3_1             0.859      0.019     44.480      0.000
    EMO3_2             0.459      0.026     17.636      0.000
    EMO3_3             0.617      0.025     24.412      0.000
    EMO3_4             0.584      0.026     22.858      0.000
    EMO3_5             0.441      0.026     17.167      0.000
    EMO4_1             0.858      0.020     42.996      0.000
    EMO4_2             0.389      0.027     14.281      0.000
    EMO4_3             0.608      0.026     23.293      0.000
    EMO4_4             0.658      0.026     25.453      0.000
    EMO4_5             0.531      0.027     19.727      0.000


STDY Standardization

                                                    Two-Tailed
                    Estimate       S.E.  Est./S.E.    P-Value

 EMO1     BY
    EMO1_1             0.323      0.026     12.197      0.000
    EMO1_2             0.693      0.019     37.292      0.000
    EMO1_3             0.543      0.022     24.454      0.000
    EMO1_4             0.719      0.018     40.319      0.000
    EMO1_5             0.768      0.017     45.503      0.000

 EMO2     BY
    EMO2_1             0.380      0.025     14.932      0.000
    EMO2_2             0.729      0.019     38.971      0.000
    EMO2_3             0.538      0.023     23.585      0.000
    EMO2_4             0.670      0.020     34.244      0.000
    EMO2_5             0.698      0.019     36.556      0.000

 EMO3     BY
    EMO3_1             0.376      0.026     14.639      0.000
    EMO3_2             0.735      0.018     41.546      0.000
    EMO3_3             0.619      0.020     30.356      0.000
    EMO3_4             0.645      0.020     32.620      0.000
    EMO3_5             0.748      0.017     43.557      0.000

 EMO4     BY
    EMO4_1             0.377      0.026     14.221      0.000
    EMO4_2             0.782      0.017     44.929      0.000
    EMO4_3             0.626      0.021     30.004      0.000
    EMO4_4             0.585      0.022     26.475      0.000
    EMO4_5             0.685      0.020     34.916      0.000

 EMO2     WITH
    EMO1               0.263      0.034      7.769      0.000

 EMO3     WITH
    EMO1               0.337      0.034      9.914      0.000
    EMO2               0.335      0.034      9.822      0.000

 EMO4     WITH
    EMO1               0.202      0.037      5.431      0.000
    EMO2               0.279      0.036      7.805      0.000
    EMO3               0.448      0.032     14.153      0.000

 EMO1_1   WITH
    EMO2_1             0.191      0.028      6.927      0.000
    EMO3_1             0.104      0.030      3.482      0.000
    EMO4_1             0.101      0.030      3.305      0.001

 EMO2_1   WITH
    EMO3_1             0.224      0.028      7.872      0.000
    EMO4_1             0.170      0.030      5.707      0.000

 EMO3_1   WITH
    EMO4_1             0.138      0.030      4.548      0.000

 EMO1_2   WITH
    EMO2_2             0.077      0.037      2.089      0.037
    EMO3_2             0.042      0.039      1.077      0.282
    EMO4_2            -0.016      0.041     -0.395      0.693

 EMO2_2   WITH
    EMO3_2             0.042      0.039      1.056      0.291
    EMO4_2            -0.024      0.044     -0.541      0.588

 EMO3_2   WITH
    EMO4_2            -0.036      0.042     -0.851      0.395

 EMO1_3   WITH
    EMO2_3             0.127      0.031      4.164      0.000
    EMO3_3             0.106      0.033      3.220      0.001
    EMO4_3             0.015      0.032      0.463      0.644

 EMO2_3   WITH
    EMO3_3             0.078      0.033      2.382      0.017
    EMO4_3             0.019      0.033      0.573      0.567

 EMO3_3   WITH
    EMO4_3             0.091      0.034      2.668      0.008

 EMO1_4   WITH
    EMO2_4             0.120      0.036      3.334      0.001
    EMO3_4             0.128      0.037      3.469      0.001
    EMO4_4             0.055      0.036      1.550      0.121

 EMO2_4   WITH
    EMO3_4             0.165      0.035      4.750      0.000
    EMO4_4             0.087      0.034      2.541      0.011

 EMO3_4   WITH
    EMO4_4             0.066      0.035      1.912      0.056

 EMO1_5   WITH
    EMO2_5             0.040      0.040      1.003      0.316
    EMO3_5            -0.022      0.041     -0.524      0.600
    EMO4_5            -0.009      0.041     -0.210      0.834

 EMO2_5   WITH
    EMO3_5             0.051      0.041      1.229      0.219
    EMO4_5             0.060      0.038      1.584      0.113

 EMO3_5   WITH
    EMO4_5             0.136      0.037      3.668      0.000

 Means
    EMO1               0.000      0.000    999.000    999.000
    EMO2               0.000      0.000    999.000    999.000
    EMO3               0.000      0.000    999.000    999.000
    EMO4               0.000      0.000    999.000    999.000

 Intercepts
    EMO1_1             5.610      0.108     52.137      0.000
    EMO1_2             4.791      0.093     51.422      0.000
    EMO1_3             7.004      0.134     52.277      0.000
    EMO1_4             4.526      0.088     51.456      0.000
    EMO1_5             6.223      0.120     51.656      0.000
    EMO2_1             6.153      0.116     53.226      0.000
    EMO2_2             4.639      0.089     51.944      0.000
    EMO2_3             6.430      0.121     53.022      0.000
    EMO2_4             4.762      0.091     52.259      0.000
    EMO2_5             6.964      0.132     52.614      0.000
    EMO3_1             7.129      0.137     51.944      0.000
    EMO3_2             4.857      0.095     50.872      0.000
    EMO3_3             7.100      0.137     51.973      0.000
    EMO3_4             5.157      0.100     51.471      0.000
    EMO3_5             7.553      0.145     52.060      0.000
    EMO4_1             8.670      0.169     51.327      0.000
    EMO4_2             4.911      0.098     50.070      0.000
    EMO4_3             7.676      0.150     51.225      0.000
    EMO4_4             3.991      0.081     49.058      0.000
    EMO4_5             7.057      0.139     50.595      0.000

 Variances
    EMO1               1.000      0.000    999.000    999.000
    EMO2               1.000      0.000    999.000    999.000
    EMO3               1.000      0.000    999.000    999.000
    EMO4               1.000      0.000    999.000    999.000

 Residual Variances
    EMO1_1             0.896      0.017     52.415      0.000
    EMO1_2             0.519      0.026     20.151      0.000
    EMO1_3             0.706      0.024     29.309      0.000
    EMO1_4             0.484      0.026     18.876      0.000
    EMO1_5             0.411      0.026     15.852      0.000
    EMO2_1             0.856      0.019     44.368      0.000
    EMO2_2             0.468      0.027     17.154      0.000
    EMO2_3             0.711      0.025     28.964      0.000
    EMO2_4             0.551      0.026     20.992      0.000
    EMO2_5             0.513      0.027     19.240      0.000
    EMO3_1             0.859      0.019     44.480      0.000
    EMO3_2             0.459      0.026     17.636      0.000
    EMO3_3             0.617      0.025     24.412      0.000
    EMO3_4             0.584      0.026     22.858      0.000
    EMO3_5             0.441      0.026     17.167      0.000
    EMO4_1             0.858      0.020     42.996      0.000
    EMO4_2             0.389      0.027     14.281      0.000
    EMO4_3             0.608      0.026     23.293      0.000
    EMO4_4             0.658      0.026     25.453      0.000
    EMO4_5             0.531      0.027     19.727      0.000


STD Standardization

                                                    Two-Tailed
                    Estimate       S.E.  Est./S.E.    P-Value

 EMO1     BY
    EMO1_1             0.160      0.014     11.407      0.000
    EMO1_2             0.384      0.014     26.482      0.000
    EMO1_3             0.221      0.011     19.912      0.000
    EMO1_4             0.419      0.015     27.790      0.000
    EMO1_5             0.347      0.012     29.651      0.000

 EMO2     BY
    EMO2_1             0.175      0.013     13.669      0.000
    EMO2_2             0.415      0.015     27.553      0.000
    EMO2_3             0.237      0.012     19.562      0.000
    EMO2_4             0.375      0.015     25.407      0.000
    EMO2_5             0.285      0.011     26.269      0.000

 EMO3     BY
    EMO3_1             0.151      0.011     13.375      0.000
    EMO3_2             0.405      0.014     28.194      0.000
    EMO3_3             0.250      0.011     23.136      0.000
    EMO3_4             0.340      0.014     24.340      0.000
    EMO3_5             0.284      0.010     29.002      0.000

 EMO4     BY
    EMO4_1             0.126      0.010     13.009      0.000
    EMO4_2             0.429      0.015     29.501      0.000
    EMO4_3             0.235      0.010     22.806      0.000
    EMO4_4             0.367      0.018     20.955      0.000
    EMO4_5             0.278      0.011     25.071      0.000

 EMO2     WITH
    EMO1               0.263      0.034      7.769      0.000

 EMO3     WITH
    EMO1               0.337      0.034      9.914      0.000
    EMO2               0.335      0.034      9.822      0.000

 EMO4     WITH
    EMO1               0.202      0.037      5.431      0.000
    EMO2               0.279      0.036      7.805      0.000
    EMO3               0.448      0.032     14.153      0.000

 EMO1_1   WITH
    EMO2_1             0.038      0.006      6.614      0.000
    EMO3_1             0.018      0.005      3.435      0.001
    EMO4_1             0.015      0.004      3.263      0.001

 EMO2_1   WITH
    EMO3_1             0.036      0.005      7.394      0.000
    EMO4_1             0.022      0.004      5.513      0.000

 EMO3_1   WITH
    EMO4_1             0.016      0.004      4.439      0.000

 EMO1_2   WITH
    EMO2_2             0.012      0.006      2.065      0.039
    EMO3_2             0.006      0.006      1.072      0.284
    EMO4_2            -0.002      0.006     -0.395      0.693

 EMO2_2   WITH
    EMO3_2             0.006      0.006      1.049      0.294
    EMO4_2            -0.003      0.006     -0.542      0.588

 EMO3_2   WITH
    EMO4_2            -0.005      0.005     -0.855      0.393

 EMO1_3   WITH
    EMO2_3             0.016      0.004      4.082      0.000
    EMO3_3             0.011      0.004      3.176      0.001
    EMO4_3             0.001      0.003      0.462      0.644

 EMO2_3   WITH
    EMO3_3             0.009      0.004      2.362      0.018
    EMO4_3             0.002      0.004      0.572      0.567

 EMO3_3   WITH
    EMO4_3             0.008      0.003      2.637      0.008

 EMO1_4   WITH
    EMO2_4             0.020      0.006      3.261      0.001
    EMO3_4             0.021      0.006      3.393      0.001
    EMO4_4             0.011      0.007      1.544      0.123

 EMO2_4   WITH
    EMO3_4             0.028      0.006      4.580      0.000
    EMO4_4             0.018      0.007      2.514      0.012

 EMO3_4   WITH
    EMO4_4             0.014      0.007      1.897      0.058

 EMO1_5   WITH
    EMO2_5             0.003      0.003      0.997      0.319
    EMO3_5            -0.002      0.003     -0.526      0.599
    EMO4_5            -0.001      0.004     -0.210      0.834

 EMO2_5   WITH
    EMO3_5             0.004      0.003      1.222      0.222
    EMO4_5             0.005      0.003      1.576      0.115

 EMO3_5   WITH
    EMO4_5             0.010      0.003      3.562      0.000

 Means
    EMO1               0.000      0.000    999.000    999.000
    EMO2               0.000      0.000    999.000    999.000
    EMO3               0.000      0.000    999.000    999.000
    EMO4               0.000      0.000    999.000    999.000

 Intercepts
    EMO1_1             2.780      0.013    214.825      0.000
    EMO1_2             2.653      0.014    183.515      0.000
    EMO1_3             2.854      0.011    268.179      0.000
    EMO1_4             2.638      0.015    173.607      0.000
    EMO1_5             2.812      0.012    237.230      0.000
    EMO2_1             2.830      0.012    237.422      0.000
    EMO2_2             2.641      0.015    178.701      0.000
    EMO2_3             2.838      0.011    247.472      0.000
    EMO2_4             2.668      0.015    183.681      0.000
    EMO2_5             2.848      0.011    267.177      0.000
    EMO3_1             2.869      0.011    268.248      0.000
    EMO3_2             2.676      0.015    183.545      0.000
    EMO3_3             2.862      0.011    267.941      0.000
    EMO3_4             2.719      0.014    195.018      0.000
    EMO3_5             2.872      0.010    285.575      0.000
    EMO4_1             2.907      0.009    320.580      0.000
    EMO4_2             2.694      0.015    182.226      0.000
    EMO4_3             2.885      0.010    284.468      0.000
    EMO4_4             2.506      0.017    147.366      0.000
    EMO4_5             2.859      0.011    260.374      0.000

 Variances
    EMO1               1.000      0.000    999.000    999.000
    EMO2               1.000      0.000    999.000    999.000
    EMO3               1.000      0.000    999.000    999.000
    EMO4               1.000      0.000    999.000    999.000

 Residual Variances
    EMO1_1             0.220      0.008     26.170      0.000
    EMO1_2             0.159      0.008     19.951      0.000
    EMO1_3             0.117      0.005     24.016      0.000
    EMO1_4             0.164      0.009     19.129      0.000
    EMO1_5             0.084      0.005     16.507      0.000
    EMO2_1             0.181      0.007     25.875      0.000
    EMO2_2             0.152      0.009     17.390      0.000
    EMO2_3             0.138      0.006     23.734      0.000
    EMO2_4             0.173      0.009     20.237      0.000
    EMO2_5             0.086      0.004     19.101      0.000
    EMO3_1             0.139      0.005     25.345      0.000
    EMO3_2             0.139      0.008     17.914      0.000
    EMO3_3             0.100      0.005     22.153      0.000
    EMO3_4             0.162      0.008     21.417      0.000
    EMO3_5             0.064      0.004     17.502      0.000
    EMO4_1             0.096      0.004     24.799      0.000
    EMO4_2             0.117      0.008     14.768      0.000
    EMO4_3             0.086      0.004     21.441      0.000
    EMO4_4             0.259      0.012     22.256      0.000
    EMO4_5             0.087      0.004     19.350      0.000


R-SQUARE

    Observed                                        Two-Tailed
    Variable        Estimate       S.E.  Est./S.E.    P-Value

    EMO1_1             0.104      0.017      6.098      0.000
    EMO1_2             0.481      0.026     18.646      0.000
    EMO1_3             0.294      0.024     12.227      0.000
    EMO1_4             0.516      0.026     20.159      0.000
    EMO1_5             0.589      0.026     22.751      0.000
    EMO2_1             0.144      0.019      7.466      0.000
    EMO2_2             0.532      0.027     19.485      0.000
    EMO2_3             0.289      0.025     11.793      0.000
    EMO2_4             0.449      0.026     17.122      0.000
    EMO2_5             0.487      0.027     18.278      0.000
    EMO3_1             0.141      0.019      7.320      0.000
    EMO3_2             0.541      0.026     20.773      0.000
    EMO3_3             0.383      0.025     15.178      0.000
    EMO3_4             0.416      0.026     16.310      0.000
    EMO3_5             0.559      0.026     21.778      0.000
    EMO4_1             0.142      0.020      7.110      0.000
    EMO4_2             0.611      0.027     22.464      0.000
    EMO4_3             0.392      0.026     15.002      0.000
    EMO4_4             0.342      0.026     13.237      0.000
    EMO4_5             0.469      0.027     17.458      0.000


QUALITY OF NUMERICAL RESULTS

     Condition Number for the Information Matrix              0.304E-02
       (ratio of smallest to largest eigenvalue)


MODEL MODIFICATION INDICES

NOTE:  Modification indices for direct effects of observed dependent variables
regressed on covariates may not be included.  To include these, request
MODINDICES (ALL).

Minimum M.I. value for printing the modification index    10.000

                                   M.I.     E.P.C.  Std E.P.C.  StdYX E.P.C.

BY Statements

EMO1     BY EMO2_3                14.610    -0.051     -0.051       -0.116

WITH Statements

EMO1_4   WITH EMO1_3              25.250    -0.024     -0.024       -0.176
EMO1_5   WITH EMO1_1              11.607    -0.016     -0.016       -0.115
EMO1_5   WITH EMO1_2              11.840    -0.022     -0.022       -0.187
EMO1_5   WITH EMO1_4              22.577     0.033      0.033        0.278
EMO2_1   WITH EMO1_5              10.139    -0.013     -0.013       -0.108
EMO2_3   WITH EMO2_2              30.803     0.030      0.030        0.209
EMO2_4   WITH EMO2_3              15.836    -0.021     -0.021       -0.133
EMO2_5   WITH EMO2_4              19.683     0.024      0.024        0.195
EMO3_3   WITH EMO3_2              41.412     0.030      0.030        0.254
EMO3_4   WITH EMO3_2              13.802    -0.023     -0.023       -0.152
EMO3_5   WITH EMO1_4              12.752     0.015      0.015        0.147
EMO3_5   WITH EMO3_4              22.336     0.020      0.020        0.197
EMO4_3   WITH EMO4_1              12.988     0.010      0.010        0.109
EMO4_4   WITH EMO4_3              34.628    -0.030     -0.030       -0.201


DIAGRAM INFORMATION

  Use View Diagram under the Diagram menu in the Mplus Editor to view the diagram.
  If running Mplus from the Mplus Diagrammer, the diagram opens automatically.

  Diagram output
    c:\users\lissa102\documents\git_repositories\involvement_quant_qual\invariance\20-08-18_emo_structural.dgm

     Beginning Time:  11:35:39
        Ending Time:  11:35:40
       Elapsed Time:  00:00:01



MUTHEN & MUTHEN
3463 Stoner Ave.
Los Angeles, CA  90066

Tel: (310) 391-9971
Fax: (310) 391-8971
Web: www.StatModel.com
Support: Support@StatModel.com

Copyright (c) 1998-2017 Muthen & Muthen
