Mplus VERSION 8
MUTHEN & MUTHEN
08/21/2018  11:34 AM

INPUT INSTRUCTIONS

  TITLE: Your title goes here
  DATA: FILE = "20-08-18_items.dat";
  VARIABLE:
  NAMES = Man1_1 Man1_2 Man1_3 Man1_4 Man1_5 Man1_6 Man2_1 Man2_2 Man2_3 Man2_4 Man2_5
       Man2_6 Man3_1 Man3_2 Man3_3 Man3_4 Man3_5 Man3_6 Man4_1 Man4_2 Man4_3 Man4_4
       Man4_5 Man4_6 Fan1_1 Fan1_2 Fan1_3 Fan1_4 Fan1_5 Fan1_6 Fan2_1 Fan2_2 Fan2_3
       Fan2_4 Fan2_5 Fan2_6 Fan3_1 Fan3_2 Fan3_3 Fan3_4 Fan3_5 Fan3_6 Fan4_1 Fan4_2
       Fan4_3 Fan4_4 Fan4_5 Fan4_6 Mco1_1 Mco1_2 Mco1_3 Mco1_4 Mco1_5 Mco2_1 Mco2_2
       Mco2_3 Mco2_4 Mco2_5 Mco3_1 Mco3_2 Mco3_3 Mco3_4 Mco3_5 Mco4_1 Mco4_2 Mco4_3
       Mco4_4 Mco4_5 Fco1_1 Fco1_2 Fco1_3 Fco1_4 Fco1_5 Fco2_1 Fco2_2 Fco2_3 Fco2_4
       Fco2_5 Fco3_1 Fco3_2 Fco3_3 Fco3_4 Fco3_5 Fco4_1 Fco4_2 Fco4_3 Fco4_4 Fco4_5
       Min1_1 Min1_2 Min1_3 Min1_4 Min1_5 Fin1_1 Fin1_2 Fin1_3 Fin1_4 Fin1_5 Mre1_1
       Mre1_2 Mre1_3 Mre2_1 Mre2_2 Mre2_3 Mre2_4 Mre2_5 Mre3_1 Mre3_2 Mre3_3 Mre3_4
       Mre3_5 Mre4_1 Mre4_2 Mre4_3 Mre4_4 Mre4_5 Fre1_1 Fre1_2 Fre1_3 Fre2_1 Fre2_2
       Fre2_3 Fre2_4 Fre2_5 Fre3_1 Fre3_2 Fre3_3 Fre3_4 Fre3_5 Fre4_1 Fre4_2 Fre4_3
       Fre4_4 Fre4_5 Mwa1_1 Mwa1_2 Mwa1_3 Mwa1_4 Mwa1_5 Mwa1_6 Mwa2_1 Mwa2_2 Mwa2_3
       Mwa2_4 Mwa2_5 Mwa2_6 Mwa3_1 Mwa3_2 Mwa3_3 Mwa3_4 Mwa3_5 Mwa3_6 Mwa4_1 Mwa4_2
       Mwa4_3 Mwa4_4 Mwa4_5 Mwa4_6 Fwa1_1 Fwa1_2 Fwa1_3 Fwa1_4 Fwa1_5 Fwa1_6 Fwa2_1
       Fwa2_2 Fwa2_3 Fwa2_4 Fwa2_5 Fwa2_6 Fwa3_1 Fwa3_2 Fwa3_3 Fwa3_4 Fwa3_5 Fwa3_6
       Fwa4_1 Fwa4_2 Fwa4_3 Fwa4_4 Fwa4_5 Fwa4_6 emo1_1 emo1_2 emo1_3 emo1_4 emo1_5
       emo2_1 emo2_2 emo2_3 emo2_4 emo2_5 emo3_1 emo3_2 emo3_3 emo3_4 emo3_5 emo4_1
       emo4_2 emo4_3 emo4_4 emo4_5;
  MISSING=.;

  USEVARIABLES =
   emo1_1 emo1_2 emo1_3 emo1_4 emo1_5  emo2_1 emo2_2 emo2_3 emo2_4 emo2_5
        emo3_1 emo3_2 emo3_3 emo3_4 emo3_5  emo4_1 emo4_2 emo4_3 emo4_4
       emo4_5 ;

  MODEL:
  [emo1_1*];
  [emo1_2*];
  [emo1_3*];
  [emo1_4*];
  [emo1_5*];

  [emo2_1*];
  [emo2_2*];
  [emo2_3*];
  [emo2_4*];
  [emo2_5*];

  [emo3_1*];
  [emo3_2*];
  [emo3_3*];
  [emo3_4*];
  [emo3_5*];

  [emo4_1*];
  [emo4_2*];
  [emo4_3*];
  [emo4_4*];
  [emo4_5*];



  emo1_1*;
  emo1_2*;
  emo1_3*;
  emo1_4*;
  emo1_5*;

  emo2_1*;
  emo2_2*;
  emo2_3*;
  emo2_4*;
  emo2_5*;

  emo3_1*;
  emo3_2*;
  emo3_3*;
  emo3_4*;
  emo3_5*;

  emo4_1*;
  emo4_2*;
  emo4_3*;
  emo4_4*;
  emo4_5*;


  emo1@1;
  [emo1@0];
  emo2@1;
  [emo2@0];
  emo3@1;
  [emo3@0];
  emo4@1;
  [emo4@0];


  emo1 BY emo1_1* (emoBemo_1);
  emo1 BY emo1_2* (emoBemo_2);
  emo1 BY emo1_3* (emoBemo_3);
  emo1 BY emo1_4* (emoBemo_4);
  emo1 BY emo1_5* (emoBemo_5);



  emo2 BY emo2_1* (emoBemo_1);
  emo2 BY emo2_2* (emoBemo_2);
  emo2 BY emo2_3* (emoBemo_3);
  emo2 BY emo2_4* (emoBemo_4);
  emo2 BY emo2_5* (emoBemo_5);



  emo3 BY emo3_1* (emoBemo_1);
  emo3 BY emo3_2* (emoBemo_2);
  emo3 BY emo3_3* (emoBemo_3);
  emo3 BY emo3_4* (emoBemo_4);
  emo3 BY emo3_5* (emoBemo_5);


  emo4 BY emo4_1* (emoBemo_1);
  emo4 BY emo4_2* (emoBemo_2);
  emo4 BY emo4_3* (emoBemo_3);
  emo4 BY emo4_4* (emoBemo_4);
  emo4 BY emo4_5* (emoBemo_5);





  emo1_1 WITH emo2_1;
  emo1_1 WITH emo3_1;
  emo1_1 WITH emo4_1;
  emo2_1 WITH emo3_1;
  emo2_1 WITH emo4_1;
  emo3_1 WITH emo4_1;


  emo1_2 WITH emo2_2;
  emo1_2 WITH emo3_2;
  emo1_2 WITH emo4_2;
  emo2_2 WITH emo3_2;
  emo2_2 WITH emo4_2;
  emo3_2 WITH emo4_2;


  emo1_3 WITH emo2_3;
  emo1_3 WITH emo3_3;
  emo1_3 WITH emo4_3;
  emo2_3 WITH emo3_3;
  emo2_3 WITH emo4_3;
  emo3_3 WITH emo4_3;


  emo1_4 WITH emo2_4;
  emo1_4 WITH emo3_4;
  emo1_4 WITH emo4_4;
  emo2_4 WITH emo3_4;
  emo2_4 WITH emo4_4;
  emo3_4 WITH emo4_4;


  emo1_5 WITH emo2_5;
  emo1_5 WITH emo3_5;
  emo1_5 WITH emo4_5;
  emo2_5 WITH emo3_5;
  emo2_5 WITH emo4_5;
  emo3_5 WITH emo4_5;











  OUTPUT: standardized modindices;



*** WARNING
  Data set contains cases with missing on all variables.
  These cases were not included in the analysis.
  Number of cases with missing on all variables:  118
   1 WARNING(S) FOUND IN THE INPUT INSTRUCTIONS



Your title goes here

SUMMARY OF ANALYSIS

Number of groups                                                 1
Number of observations                                        1766

Number of dependent variables                                   20
Number of independent variables                                  0
Number of continuous latent variables                            4

Observed dependent variables

  Continuous
   EMO1_1      EMO1_2      EMO1_3      EMO1_4      EMO1_5      EMO2_1
   EMO2_2      EMO2_3      EMO2_4      EMO2_5      EMO3_1      EMO3_2
   EMO3_3      EMO3_4      EMO3_5      EMO4_1      EMO4_2      EMO4_3
   EMO4_4      EMO4_5

Continuous latent variables
   EMO1        EMO2        EMO3        EMO4


Estimator                                                       ML
Information matrix                                        OBSERVED
Maximum number of iterations                                  1000
Convergence criterion                                    0.500D-04
Maximum number of steepest descent iterations                   20
Maximum number of iterations for H1                           2000
Convergence criterion for H1                             0.100D-03

Input data file(s)
  20-08-18_items.dat

Input data format  FREE


SUMMARY OF DATA

     Number of missing data patterns            65


COVARIANCE COVERAGE OF DATA

Minimum covariance coverage value   0.100


     PROPORTION OF DATA PRESENT


           Covariance Coverage
              EMO1_1        EMO1_2        EMO1_3        EMO1_4        EMO1_5
              ________      ________      ________      ________      ________
 EMO1_1         0.824
 EMO1_2         0.822         0.823
 EMO1_3         0.822         0.822         0.823
 EMO1_4         0.822         0.822         0.822         0.823
 EMO1_5         0.808         0.808         0.809         0.807         0.809
 EMO2_1         0.691         0.690         0.690         0.690         0.678
 EMO2_2         0.690         0.689         0.690         0.689         0.677
 EMO2_3         0.691         0.690         0.691         0.690         0.678
 EMO2_4         0.691         0.690         0.690         0.690         0.678
 EMO2_5         0.682         0.681         0.682         0.681         0.669
 EMO3_1         0.654         0.654         0.654         0.654         0.644
 EMO3_2         0.655         0.655         0.655         0.655         0.644
 EMO3_3         0.655         0.655         0.655         0.655         0.644
 EMO3_4         0.655         0.655         0.655         0.655         0.645
 EMO3_5         0.652         0.652         0.652         0.652         0.642
 EMO4_1         0.634         0.633         0.633         0.633         0.623
 EMO4_2         0.632         0.631         0.631         0.631         0.621
 EMO4_3         0.635         0.635         0.634         0.634         0.625
 EMO4_4         0.630         0.630         0.629         0.629         0.619
 EMO4_5         0.622         0.621         0.621         0.621         0.612


           Covariance Coverage
              EMO2_1        EMO2_2        EMO2_3        EMO2_4        EMO2_5
              ________      ________      ________      ________      ________
 EMO2_1         0.832
 EMO2_2         0.831         0.831
 EMO2_3         0.832         0.831         0.832
 EMO2_4         0.831         0.831         0.832         0.832
 EMO2_5         0.821         0.820         0.822         0.821         0.822
 EMO3_1         0.673         0.674         0.674         0.673         0.665
 EMO3_2         0.675         0.676         0.676         0.675         0.667
 EMO3_3         0.675         0.676         0.676         0.675         0.667
 EMO3_4         0.676         0.676         0.676         0.676         0.668
 EMO3_5         0.673         0.673         0.673         0.673         0.665
 EMO4_1         0.645         0.644         0.646         0.645         0.637
 EMO4_2         0.644         0.643         0.644         0.644         0.636
 EMO4_3         0.647         0.647         0.648         0.647         0.639
 EMO4_4         0.640         0.640         0.641         0.640         0.633
 EMO4_5         0.634         0.633         0.634         0.634         0.626


           Covariance Coverage
              EMO3_1        EMO3_2        EMO3_3        EMO3_4        EMO3_5
              ________      ________      ________      ________      ________
 EMO3_1         0.789
 EMO3_2         0.789         0.791
 EMO3_3         0.789         0.790         0.791
 EMO3_4         0.789         0.791         0.791         0.792
 EMO3_5         0.787         0.788         0.788         0.789         0.789
 EMO4_1         0.635         0.636         0.636         0.636         0.634
 EMO4_2         0.634         0.635         0.635         0.635         0.633
 EMO4_3         0.638         0.638         0.638         0.639         0.636
 EMO4_4         0.631         0.632         0.632         0.633         0.630
 EMO4_5         0.625         0.626         0.626         0.626         0.623


           Covariance Coverage
              EMO4_1        EMO4_2        EMO4_3        EMO4_4        EMO4_5
              ________      ________      ________      ________      ________
 EMO4_1         0.764
 EMO4_2         0.761         0.763
 EMO4_3         0.764         0.763         0.767
 EMO4_4         0.757         0.758         0.759         0.760
 EMO4_5         0.749         0.750         0.751         0.748         0.751



UNIVARIATE SAMPLE STATISTICS


     UNIVARIATE HIGHER-ORDER MOMENT DESCRIPTIVE STATISTICS

         Variable/         Mean/     Skewness/   Minimum/ % with                Percentiles
        Sample Size      Variance    Kurtosis    Maximum  Min/Max      20%/60%    40%/80%    Median

     EMO1_1                2.781      -2.213       1.000    3.64%       3.000      3.000      3.000
            1455.000       0.244       4.096       3.000   81.72%       3.000      3.000
     EMO1_2                2.657      -1.354       1.000    3.99%       2.000      3.000      3.000
            1453.000       0.305       0.865       3.000   69.72%       3.000      3.000
     EMO1_3                2.857      -2.919       1.000    2.06%       3.000      3.000      3.000
            1454.000       0.164       8.196       3.000   87.76%       3.000      3.000
     EMO1_4                2.643      -1.408       1.000    5.57%       2.000      3.000      3.000
            1453.000       0.341       0.948       3.000   69.86%       3.000      3.000
     EMO1_5                2.820      -2.518       1.000    2.73%       3.000      3.000      3.000
            1429.000       0.202       5.744       3.000   84.74%       3.000      3.000
     EMO2_1                2.828      -2.733       1.000    3.47%       3.000      3.000      3.000
            1469.000       0.212       6.762       3.000   86.32%       3.000      3.000
     EMO2_2                2.640      -1.324       1.000    4.70%       2.000      3.000      3.000
            1468.000       0.325       0.759       3.000   68.66%       3.000      3.000
     EMO2_3                2.837      -2.781       1.000    2.93%       3.000      3.000      3.000
            1470.000       0.195       7.166       3.000   86.67%       3.000      3.000
     EMO2_4                2.668      -1.474       1.000    4.63%       2.000      3.000      3.000
            1469.000       0.314       1.193       3.000   71.41%       3.000      3.000
     EMO2_5                2.850      -2.769       1.000    1.93%       3.000      3.000      3.000
            1451.000       0.166       7.295       3.000   86.91%       3.000      3.000
     EMO3_1                2.870      -3.243       1.000    2.44%       3.000      3.000      3.000
            1394.000       0.162      10.187       3.000   89.45%       3.000      3.000
     EMO3_2                2.678      -1.504       1.000    4.29%       2.000      3.000      3.000
            1397.000       0.304       1.300       3.000   72.08%       3.000      3.000
     EMO3_3                2.863      -3.066       1.000    2.22%       3.000      3.000      3.000
            1397.000       0.162       9.096       3.000   88.55%       3.000      3.000
     EMO3_4                2.720      -1.745       1.000    3.93%       2.000      3.000      3.000
            1398.000       0.280       2.139       3.000   75.97%       3.000      3.000
     EMO3_5                2.874      -3.135       1.000    1.72%       3.000      3.000      3.000
            1393.000       0.145       9.684       3.000   89.09%       3.000      3.000
     EMO4_1                2.907      -3.862       1.000    1.41%       3.000      3.000      3.000
            1350.000       0.112      15.285       3.000   92.15%       3.000      3.000
     EMO4_2                2.694      -1.616       1.000    4.45%       2.000      3.000      3.000
            1348.000       0.302       1.653       3.000   73.81%       3.000      3.000
     EMO4_3                2.886      -3.468       1.000    1.99%       3.000      3.000      3.000
            1354.000       0.141      11.939       3.000   90.55%       3.000      3.000
     EMO4_4                2.507      -0.904       1.000    7.30%       2.000      2.000      3.000
            1342.000       0.396      -0.235       3.000   57.97%       3.000      3.000
     EMO4_5                2.860      -3.009       1.000    2.19%       3.000      3.000      3.000
            1326.000       0.164       8.737       3.000   88.24%       3.000      3.000


THE MODEL ESTIMATION TERMINATED NORMALLY



MODEL FIT INFORMATION

Number of Free Parameters                       81

Loglikelihood

          H0 Value                      -15221.390
          H1 Value                      -15015.950

Information Criteria

          Akaike (AIC)                   30604.780
          Bayesian (BIC)                 31048.375
          Sample-Size Adjusted BIC       30791.044
            (n* = (n + 2) / 24)

Chi-Square Test of Model Fit

          Value                            410.880
          Degrees of Freedom                   149
          P-Value                           0.0000

RMSEA (Root Mean Square Error Of Approximation)

          Estimate                           0.032
          90 Percent C.I.                    0.028  0.035
          Probability RMSEA <= .05           1.000

CFI/TLI

          CFI                                0.963
          TLI                                0.953

Chi-Square Test of Model Fit for the Baseline Model

          Value                           7224.430
          Degrees of Freedom                   190
          P-Value                           0.0000

SRMR (Standardized Root Mean Square Residual)

          Value                              0.047



MODEL RESULTS

                                                    Two-Tailed
                    Estimate       S.E.  Est./S.E.    P-Value

 EMO1     BY
    EMO1_1             0.150      0.006     24.086      0.000
    EMO1_2             0.408      0.008     53.244      0.000
    EMO1_3             0.237      0.006     40.752      0.000
    EMO1_4             0.375      0.008     46.070      0.000
    EMO1_5             0.298      0.006     51.699      0.000

 EMO2     BY
    EMO2_1             0.150      0.006     24.086      0.000
    EMO2_2             0.408      0.008     53.244      0.000
    EMO2_3             0.237      0.006     40.752      0.000
    EMO2_4             0.375      0.008     46.070      0.000
    EMO2_5             0.298      0.006     51.699      0.000

 EMO3     BY
    EMO3_1             0.150      0.006     24.086      0.000
    EMO3_2             0.408      0.008     53.244      0.000
    EMO3_3             0.237      0.006     40.752      0.000
    EMO3_4             0.375      0.008     46.070      0.000
    EMO3_5             0.298      0.006     51.699      0.000

 EMO4     BY
    EMO4_1             0.150      0.006     24.086      0.000
    EMO4_2             0.408      0.008     53.244      0.000
    EMO4_3             0.237      0.006     40.752      0.000
    EMO4_4             0.375      0.008     46.070      0.000
    EMO4_5             0.298      0.006     51.699      0.000

 EMO2     WITH
    EMO1               0.263      0.033      7.934      0.000

 EMO3     WITH
    EMO1               0.333      0.034      9.842      0.000
    EMO2               0.340      0.034      9.916      0.000

 EMO4     WITH
    EMO1               0.207      0.037      5.632      0.000
    EMO2               0.283      0.036      7.897      0.000
    EMO3               0.462      0.031     14.702      0.000

 EMO1_1   WITH
    EMO2_1             0.038      0.006      6.524      0.000
    EMO3_1             0.018      0.005      3.375      0.001
    EMO4_1             0.015      0.005      3.230      0.001

 EMO2_1   WITH
    EMO3_1             0.036      0.005      7.432      0.000
    EMO4_1             0.022      0.004      5.487      0.000

 EMO3_1   WITH
    EMO4_1             0.016      0.004      4.368      0.000

 EMO1_2   WITH
    EMO2_2             0.011      0.006      1.904      0.057
    EMO3_2             0.005      0.006      0.912      0.362
    EMO4_2            -0.003      0.006     -0.523      0.601

 EMO2_2   WITH
    EMO3_2             0.008      0.006      1.315      0.189
    EMO4_2            -0.002      0.006     -0.321      0.748

 EMO3_2   WITH
    EMO4_2            -0.003      0.005     -0.536      0.592

 EMO1_3   WITH
    EMO2_3             0.017      0.004      4.180      0.000
    EMO3_3             0.012      0.004      3.174      0.002
    EMO4_3             0.002      0.003      0.510      0.610

 EMO2_3   WITH
    EMO3_3             0.010      0.004      2.436      0.015
    EMO4_3             0.002      0.004      0.690      0.490

 EMO3_3   WITH
    EMO4_3             0.009      0.003      2.663      0.008

 EMO1_4   WITH
    EMO2_4             0.022      0.006      3.585      0.000
    EMO3_4             0.020      0.006      3.184      0.001
    EMO4_4             0.013      0.008      1.664      0.096

 EMO2_4   WITH
    EMO3_4             0.026      0.006      4.339      0.000
    EMO4_4             0.018      0.007      2.399      0.016

 EMO3_4   WITH
    EMO4_4             0.012      0.007      1.665      0.096

 EMO1_5   WITH
    EMO2_5             0.004      0.003      1.164      0.244
    EMO3_5             0.000      0.003     -0.078      0.938
    EMO4_5            -0.001      0.004     -0.335      0.738

 EMO2_5   WITH
    EMO3_5             0.003      0.003      1.067      0.286
    EMO4_5             0.005      0.003      1.452      0.147

 EMO3_5   WITH
    EMO4_5             0.009      0.003      3.250      0.001

 Means
    EMO1               0.000      0.000    999.000    999.000
    EMO2               0.000      0.000    999.000    999.000
    EMO3               0.000      0.000    999.000    999.000
    EMO4               0.000      0.000    999.000    999.000

 Intercepts
    EMO1_1             2.780      0.013    216.660      0.000
    EMO1_2             2.652      0.015    181.977      0.000
    EMO1_3             2.854      0.011    265.271      0.000
    EMO1_4             2.638      0.015    179.510      0.000
    EMO1_5             2.813      0.011    249.324      0.000
    EMO2_1             2.830      0.012    240.610      0.000
    EMO2_2             2.641      0.015    179.387      0.000
    EMO2_3             2.838      0.011    247.319      0.000
    EMO2_4             2.668      0.015    183.977      0.000
    EMO2_5             2.848      0.011    263.816      0.000
    EMO3_1             2.869      0.011    268.369      0.000
    EMO3_2             2.676      0.015    181.560      0.000
    EMO3_3             2.862      0.011    270.596      0.000
    EMO3_4             2.719      0.014    188.818      0.000
    EMO3_5             2.872      0.010    280.232      0.000
    EMO4_1             2.907      0.009    313.275      0.000
    EMO4_2             2.694      0.015    184.307      0.000
    EMO4_3             2.885      0.010    284.118      0.000
    EMO4_4             2.506      0.017    146.593      0.000
    EMO4_5             2.859      0.011    254.550      0.000

 Variances
    EMO1               1.000      0.000    999.000    999.000
    EMO2               1.000      0.000    999.000    999.000
    EMO3               1.000      0.000    999.000    999.000
    EMO4               1.000      0.000    999.000    999.000

 Residual Variances
    EMO1_1             0.219      0.008     26.290      0.000
    EMO1_2             0.145      0.008     19.218      0.000
    EMO1_3             0.114      0.005     23.784      0.000
    EMO1_4             0.177      0.008     21.130      0.000
    EMO1_5             0.096      0.005     20.112      0.000
    EMO2_1             0.183      0.007     26.319      0.000
    EMO2_2             0.155      0.008     19.586      0.000
    EMO2_3             0.139      0.006     24.397      0.000
    EMO2_4             0.172      0.008     21.523      0.000
    EMO2_5             0.083      0.004     19.817      0.000
    EMO3_1             0.139      0.005     25.533      0.000
    EMO3_2             0.144      0.007     19.728      0.000
    EMO3_3             0.103      0.004     23.301      0.000
    EMO3_4             0.156      0.007     21.566      0.000
    EMO3_5             0.062      0.003     18.387      0.000
    EMO4_1             0.096      0.004     24.626      0.000
    EMO4_2             0.127      0.007     17.960      0.000
    EMO4_3             0.086      0.004     22.153      0.000
    EMO4_4             0.258      0.011     22.794      0.000
    EMO4_5             0.084      0.004     19.661      0.000


STANDARDIZED MODEL RESULTS


STDYX Standardization

                                                    Two-Tailed
                    Estimate       S.E.  Est./S.E.    P-Value

 EMO1     BY
    EMO1_1             0.305      0.013     23.624      0.000
    EMO1_2             0.731      0.012     61.775      0.000
    EMO1_3             0.574      0.013     44.262      0.000
    EMO1_4             0.666      0.013     50.332      0.000
    EMO1_5             0.693      0.013     54.862      0.000

 EMO2     BY
    EMO2_1             0.330      0.014     23.783      0.000
    EMO2_2             0.720      0.012     59.579      0.000
    EMO2_3             0.536      0.013     41.713      0.000
    EMO2_4             0.671      0.013     52.383      0.000
    EMO2_5             0.719      0.012     59.949      0.000

 EMO3     BY
    EMO3_1             0.372      0.015     24.655      0.000
    EMO3_2             0.733      0.012     63.035      0.000
    EMO3_3             0.593      0.013     44.210      0.000
    EMO3_4             0.688      0.012     56.266      0.000
    EMO3_5             0.768      0.012     66.700      0.000

 EMO4     BY
    EMO4_1             0.436      0.017     26.262      0.000
    EMO4_2             0.753      0.012     62.019      0.000
    EMO4_3             0.628      0.014     46.150      0.000
    EMO4_4             0.594      0.012     47.588      0.000
    EMO4_5             0.718      0.012     60.251      0.000

 EMO2     WITH
    EMO1               0.263      0.033      7.934      0.000

 EMO3     WITH
    EMO1               0.333      0.034      9.842      0.000
    EMO2               0.340      0.034      9.916      0.000

 EMO4     WITH
    EMO1               0.207      0.037      5.632      0.000
    EMO2               0.283      0.036      7.897      0.000
    EMO3               0.462      0.031     14.702      0.000

 EMO1_1   WITH
    EMO2_1             0.187      0.027      6.823      0.000
    EMO3_1             0.102      0.030      3.420      0.001
    EMO4_1             0.101      0.031      3.271      0.001

 EMO2_1   WITH
    EMO3_1             0.223      0.028      7.913      0.000
    EMO4_1             0.170      0.030      5.681      0.000

 EMO3_1   WITH
    EMO4_1             0.137      0.031      4.473      0.000

 EMO1_2   WITH
    EMO2_2             0.074      0.038      1.924      0.054
    EMO3_2             0.037      0.040      0.916      0.360
    EMO4_2            -0.021      0.041     -0.523      0.601

 EMO2_2   WITH
    EMO3_2             0.051      0.038      1.325      0.185
    EMO4_2            -0.013      0.041     -0.321      0.748

 EMO3_2   WITH
    EMO4_2            -0.021      0.040     -0.535      0.593

 EMO1_3   WITH
    EMO2_3             0.132      0.031      4.271      0.000
    EMO3_3             0.106      0.033      3.218      0.001
    EMO4_3             0.017      0.033      0.511      0.610

 EMO2_3   WITH
    EMO3_3             0.080      0.032      2.458      0.014
    EMO4_3             0.023      0.033      0.691      0.490

 EMO3_3   WITH
    EMO4_3             0.091      0.034      2.695      0.007

 EMO1_4   WITH
    EMO2_4             0.129      0.035      3.671      0.000
    EMO3_4             0.120      0.037      3.246      0.001
    EMO4_4             0.059      0.035      1.672      0.095

 EMO2_4   WITH
    EMO3_4             0.158      0.035      4.479      0.000
    EMO4_4             0.083      0.034      2.421      0.015

 EMO3_4   WITH
    EMO4_4             0.059      0.035      1.676      0.094

 EMO1_5   WITH
    EMO2_5             0.045      0.039      1.170      0.242
    EMO3_5            -0.003      0.040     -0.078      0.938
    EMO4_5            -0.013      0.040     -0.335      0.738

 EMO2_5   WITH
    EMO3_5             0.046      0.043      1.073      0.283
    EMO4_5             0.058      0.040      1.459      0.145

 EMO3_5   WITH
    EMO4_5             0.128      0.038      3.332      0.001

 Means
    EMO1               0.000      0.000    999.000    999.000
    EMO2               0.000      0.000    999.000    999.000
    EMO3               0.000      0.000    999.000    999.000
    EMO4               0.000      0.000    999.000    999.000

 Intercepts
    EMO1_1             5.659      0.102     55.408      0.000
    EMO1_2             4.749      0.073     65.381      0.000
    EMO1_3             6.926      0.111     62.211      0.000
    EMO1_4             4.683      0.072     64.840      0.000
    EMO1_5             6.549      0.095     68.995      0.000
    EMO2_1             6.237      0.110     56.816      0.000
    EMO2_2             4.656      0.070     66.744      0.000
    EMO2_3             6.425      0.103     62.355      0.000
    EMO2_4             4.770      0.074     64.480      0.000
    EMO2_5             6.874      0.101     67.720      0.000
    EMO3_1             7.132      0.127     56.035      0.000
    EMO3_2             4.803      0.072     66.559      0.000
    EMO3_3             7.173      0.113     63.696      0.000
    EMO3_4             4.988      0.079     63.268      0.000
    EMO3_5             7.404      0.108     68.361      0.000
    EMO4_1             8.465      0.154     54.924      0.000
    EMO4_2             4.967      0.075     66.671      0.000
    EMO4_3             7.663      0.122     62.993      0.000
    EMO4_4             3.968      0.067     59.361      0.000
    EMO4_5             6.889      0.104     66.041      0.000

 Variances
    EMO1               1.000      0.000    999.000    999.000
    EMO2               1.000      0.000    999.000    999.000
    EMO3               1.000      0.000    999.000    999.000
    EMO4               1.000      0.000    999.000    999.000

 Residual Variances
    EMO1_1             0.907      0.008    115.256      0.000
    EMO1_2             0.466      0.017     26.913      0.000
    EMO1_3             0.670      0.015     44.988      0.000
    EMO1_4             0.557      0.018     31.604      0.000
    EMO1_5             0.519      0.018     29.646      0.000
    EMO2_1             0.891      0.009     97.242      0.000
    EMO2_2             0.482      0.017     27.692      0.000
    EMO2_3             0.713      0.014     51.806      0.000
    EMO2_4             0.550      0.017     32.037      0.000
    EMO2_5             0.483      0.017     28.026      0.000
    EMO3_1             0.861      0.011     76.591      0.000
    EMO3_2             0.463      0.017     27.176      0.000
    EMO3_3             0.648      0.016     40.733      0.000
    EMO3_4             0.526      0.017     31.240      0.000
    EMO3_5             0.410      0.018     23.207      0.000
    EMO4_1             0.810      0.014     55.900      0.000
    EMO4_2             0.433      0.018     23.701      0.000
    EMO4_3             0.605      0.017     35.351      0.000
    EMO4_4             0.647      0.015     43.666      0.000
    EMO4_5             0.485      0.017     28.363      0.000


STDY Standardization

                                                    Two-Tailed
                    Estimate       S.E.  Est./S.E.    P-Value

 EMO1     BY
    EMO1_1             0.305      0.013     23.624      0.000
    EMO1_2             0.731      0.012     61.775      0.000
    EMO1_3             0.574      0.013     44.262      0.000
    EMO1_4             0.666      0.013     50.332      0.000
    EMO1_5             0.693      0.013     54.862      0.000

 EMO2     BY
    EMO2_1             0.330      0.014     23.783      0.000
    EMO2_2             0.720      0.012     59.579      0.000
    EMO2_3             0.536      0.013     41.713      0.000
    EMO2_4             0.671      0.013     52.383      0.000
    EMO2_5             0.719      0.012     59.949      0.000

 EMO3     BY
    EMO3_1             0.372      0.015     24.655      0.000
    EMO3_2             0.733      0.012     63.035      0.000
    EMO3_3             0.593      0.013     44.210      0.000
    EMO3_4             0.688      0.012     56.266      0.000
    EMO3_5             0.768      0.012     66.700      0.000

 EMO4     BY
    EMO4_1             0.436      0.017     26.262      0.000
    EMO4_2             0.753      0.012     62.019      0.000
    EMO4_3             0.628      0.014     46.150      0.000
    EMO4_4             0.594      0.012     47.588      0.000
    EMO4_5             0.718      0.012     60.251      0.000

 EMO2     WITH
    EMO1               0.263      0.033      7.934      0.000

 EMO3     WITH
    EMO1               0.333      0.034      9.842      0.000
    EMO2               0.340      0.034      9.916      0.000

 EMO4     WITH
    EMO1               0.207      0.037      5.632      0.000
    EMO2               0.283      0.036      7.897      0.000
    EMO3               0.462      0.031     14.702      0.000

 EMO1_1   WITH
    EMO2_1             0.187      0.027      6.823      0.000
    EMO3_1             0.102      0.030      3.420      0.001
    EMO4_1             0.101      0.031      3.271      0.001

 EMO2_1   WITH
    EMO3_1             0.223      0.028      7.913      0.000
    EMO4_1             0.170      0.030      5.681      0.000

 EMO3_1   WITH
    EMO4_1             0.137      0.031      4.473      0.000

 EMO1_2   WITH
    EMO2_2             0.074      0.038      1.924      0.054
    EMO3_2             0.037      0.040      0.916      0.360
    EMO4_2            -0.021      0.041     -0.523      0.601

 EMO2_2   WITH
    EMO3_2             0.051      0.038      1.325      0.185
    EMO4_2            -0.013      0.041     -0.321      0.748

 EMO3_2   WITH
    EMO4_2            -0.021      0.040     -0.535      0.593

 EMO1_3   WITH
    EMO2_3             0.132      0.031      4.271      0.000
    EMO3_3             0.106      0.033      3.218      0.001
    EMO4_3             0.017      0.033      0.511      0.610

 EMO2_3   WITH
    EMO3_3             0.080      0.032      2.458      0.014
    EMO4_3             0.023      0.033      0.691      0.490

 EMO3_3   WITH
    EMO4_3             0.091      0.034      2.695      0.007

 EMO1_4   WITH
    EMO2_4             0.129      0.035      3.671      0.000
    EMO3_4             0.120      0.037      3.246      0.001
    EMO4_4             0.059      0.035      1.672      0.095

 EMO2_4   WITH
    EMO3_4             0.158      0.035      4.479      0.000
    EMO4_4             0.083      0.034      2.421      0.015

 EMO3_4   WITH
    EMO4_4             0.059      0.035      1.676      0.094

 EMO1_5   WITH
    EMO2_5             0.045      0.039      1.170      0.242
    EMO3_5            -0.003      0.040     -0.078      0.938
    EMO4_5            -0.013      0.040     -0.335      0.738

 EMO2_5   WITH
    EMO3_5             0.046      0.043      1.073      0.283
    EMO4_5             0.058      0.040      1.459      0.145

 EMO3_5   WITH
    EMO4_5             0.128      0.038      3.332      0.001

 Means
    EMO1               0.000      0.000    999.000    999.000
    EMO2               0.000      0.000    999.000    999.000
    EMO3               0.000      0.000    999.000    999.000
    EMO4               0.000      0.000    999.000    999.000

 Intercepts
    EMO1_1             5.659      0.102     55.408      0.000
    EMO1_2             4.749      0.073     65.381      0.000
    EMO1_3             6.926      0.111     62.211      0.000
    EMO1_4             4.683      0.072     64.840      0.000
    EMO1_5             6.549      0.095     68.995      0.000
    EMO2_1             6.237      0.110     56.816      0.000
    EMO2_2             4.656      0.070     66.744      0.000
    EMO2_3             6.425      0.103     62.355      0.000
    EMO2_4             4.770      0.074     64.480      0.000
    EMO2_5             6.874      0.101     67.720      0.000
    EMO3_1             7.132      0.127     56.035      0.000
    EMO3_2             4.803      0.072     66.559      0.000
    EMO3_3             7.173      0.113     63.696      0.000
    EMO3_4             4.988      0.079     63.268      0.000
    EMO3_5             7.404      0.108     68.361      0.000
    EMO4_1             8.465      0.154     54.924      0.000
    EMO4_2             4.967      0.075     66.671      0.000
    EMO4_3             7.663      0.122     62.993      0.000
    EMO4_4             3.968      0.067     59.361      0.000
    EMO4_5             6.889      0.104     66.041      0.000

 Variances
    EMO1               1.000      0.000    999.000    999.000
    EMO2               1.000      0.000    999.000    999.000
    EMO3               1.000      0.000    999.000    999.000
    EMO4               1.000      0.000    999.000    999.000

 Residual Variances
    EMO1_1             0.907      0.008    115.256      0.000
    EMO1_2             0.466      0.017     26.913      0.000
    EMO1_3             0.670      0.015     44.988      0.000
    EMO1_4             0.557      0.018     31.604      0.000
    EMO1_5             0.519      0.018     29.646      0.000
    EMO2_1             0.891      0.009     97.242      0.000
    EMO2_2             0.482      0.017     27.692      0.000
    EMO2_3             0.713      0.014     51.806      0.000
    EMO2_4             0.550      0.017     32.037      0.000
    EMO2_5             0.483      0.017     28.026      0.000
    EMO3_1             0.861      0.011     76.591      0.000
    EMO3_2             0.463      0.017     27.176      0.000
    EMO3_3             0.648      0.016     40.733      0.000
    EMO3_4             0.526      0.017     31.240      0.000
    EMO3_5             0.410      0.018     23.207      0.000
    EMO4_1             0.810      0.014     55.900      0.000
    EMO4_2             0.433      0.018     23.701      0.000
    EMO4_3             0.605      0.017     35.351      0.000
    EMO4_4             0.647      0.015     43.666      0.000
    EMO4_5             0.485      0.017     28.363      0.000


STD Standardization

                                                    Two-Tailed
                    Estimate       S.E.  Est./S.E.    P-Value

 EMO1     BY
    EMO1_1             0.150      0.006     24.086      0.000
    EMO1_2             0.408      0.008     53.244      0.000
    EMO1_3             0.237      0.006     40.752      0.000
    EMO1_4             0.375      0.008     46.070      0.000
    EMO1_5             0.298      0.006     51.699      0.000

 EMO2     BY
    EMO2_1             0.150      0.006     24.086      0.000
    EMO2_2             0.408      0.008     53.244      0.000
    EMO2_3             0.237      0.006     40.752      0.000
    EMO2_4             0.375      0.008     46.070      0.000
    EMO2_5             0.298      0.006     51.699      0.000

 EMO3     BY
    EMO3_1             0.150      0.006     24.086      0.000
    EMO3_2             0.408      0.008     53.244      0.000
    EMO3_3             0.237      0.006     40.752      0.000
    EMO3_4             0.375      0.008     46.070      0.000
    EMO3_5             0.298      0.006     51.699      0.000

 EMO4     BY
    EMO4_1             0.150      0.006     24.086      0.000
    EMO4_2             0.408      0.008     53.244      0.000
    EMO4_3             0.237      0.006     40.752      0.000
    EMO4_4             0.375      0.008     46.070      0.000
    EMO4_5             0.298      0.006     51.699      0.000

 EMO2     WITH
    EMO1               0.263      0.033      7.934      0.000

 EMO3     WITH
    EMO1               0.333      0.034      9.842      0.000
    EMO2               0.340      0.034      9.916      0.000

 EMO4     WITH
    EMO1               0.207      0.037      5.632      0.000
    EMO2               0.283      0.036      7.897      0.000
    EMO3               0.462      0.031     14.702      0.000

 EMO1_1   WITH
    EMO2_1             0.038      0.006      6.524      0.000
    EMO3_1             0.018      0.005      3.375      0.001
    EMO4_1             0.015      0.005      3.230      0.001

 EMO2_1   WITH
    EMO3_1             0.036      0.005      7.432      0.000
    EMO4_1             0.022      0.004      5.487      0.000

 EMO3_1   WITH
    EMO4_1             0.016      0.004      4.368      0.000

 EMO1_2   WITH
    EMO2_2             0.011      0.006      1.904      0.057
    EMO3_2             0.005      0.006      0.912      0.362
    EMO4_2            -0.003      0.006     -0.523      0.601

 EMO2_2   WITH
    EMO3_2             0.008      0.006      1.315      0.189
    EMO4_2            -0.002      0.006     -0.321      0.748

 EMO3_2   WITH
    EMO4_2            -0.003      0.005     -0.536      0.592

 EMO1_3   WITH
    EMO2_3             0.017      0.004      4.180      0.000
    EMO3_3             0.012      0.004      3.174      0.002
    EMO4_3             0.002      0.003      0.510      0.610

 EMO2_3   WITH
    EMO3_3             0.010      0.004      2.436      0.015
    EMO4_3             0.002      0.004      0.690      0.490

 EMO3_3   WITH
    EMO4_3             0.009      0.003      2.663      0.008

 EMO1_4   WITH
    EMO2_4             0.022      0.006      3.585      0.000
    EMO3_4             0.020      0.006      3.184      0.001
    EMO4_4             0.013      0.008      1.664      0.096

 EMO2_4   WITH
    EMO3_4             0.026      0.006      4.339      0.000
    EMO4_4             0.018      0.007      2.399      0.016

 EMO3_4   WITH
    EMO4_4             0.012      0.007      1.665      0.096

 EMO1_5   WITH
    EMO2_5             0.004      0.003      1.164      0.244
    EMO3_5             0.000      0.003     -0.078      0.938
    EMO4_5            -0.001      0.004     -0.335      0.738

 EMO2_5   WITH
    EMO3_5             0.003      0.003      1.067      0.286
    EMO4_5             0.005      0.003      1.452      0.147

 EMO3_5   WITH
    EMO4_5             0.009      0.003      3.250      0.001

 Means
    EMO1               0.000      0.000    999.000    999.000
    EMO2               0.000      0.000    999.000    999.000
    EMO3               0.000      0.000    999.000    999.000
    EMO4               0.000      0.000    999.000    999.000

 Intercepts
    EMO1_1             2.780      0.013    216.660      0.000
    EMO1_2             2.652      0.015    181.977      0.000
    EMO1_3             2.854      0.011    265.271      0.000
    EMO1_4             2.638      0.015    179.510      0.000
    EMO1_5             2.813      0.011    249.324      0.000
    EMO2_1             2.830      0.012    240.610      0.000
    EMO2_2             2.641      0.015    179.387      0.000
    EMO2_3             2.838      0.011    247.319      0.000
    EMO2_4             2.668      0.015    183.977      0.000
    EMO2_5             2.848      0.011    263.816      0.000
    EMO3_1             2.869      0.011    268.369      0.000
    EMO3_2             2.676      0.015    181.560      0.000
    EMO3_3             2.862      0.011    270.596      0.000
    EMO3_4             2.719      0.014    188.818      0.000
    EMO3_5             2.872      0.010    280.232      0.000
    EMO4_1             2.907      0.009    313.275      0.000
    EMO4_2             2.694      0.015    184.307      0.000
    EMO4_3             2.885      0.010    284.118      0.000
    EMO4_4             2.506      0.017    146.593      0.000
    EMO4_5             2.859      0.011    254.550      0.000

 Variances
    EMO1               1.000      0.000    999.000    999.000
    EMO2               1.000      0.000    999.000    999.000
    EMO3               1.000      0.000    999.000    999.000
    EMO4               1.000      0.000    999.000    999.000

 Residual Variances
    EMO1_1             0.219      0.008     26.290      0.000
    EMO1_2             0.145      0.008     19.218      0.000
    EMO1_3             0.114      0.005     23.784      0.000
    EMO1_4             0.177      0.008     21.130      0.000
    EMO1_5             0.096      0.005     20.112      0.000
    EMO2_1             0.183      0.007     26.319      0.000
    EMO2_2             0.155      0.008     19.586      0.000
    EMO2_3             0.139      0.006     24.397      0.000
    EMO2_4             0.172      0.008     21.523      0.000
    EMO2_5             0.083      0.004     19.817      0.000
    EMO3_1             0.139      0.005     25.533      0.000
    EMO3_2             0.144      0.007     19.728      0.000
    EMO3_3             0.103      0.004     23.301      0.000
    EMO3_4             0.156      0.007     21.566      0.000
    EMO3_5             0.062      0.003     18.387      0.000
    EMO4_1             0.096      0.004     24.626      0.000
    EMO4_2             0.127      0.007     17.960      0.000
    EMO4_3             0.086      0.004     22.153      0.000
    EMO4_4             0.258      0.011     22.794      0.000
    EMO4_5             0.084      0.004     19.661      0.000


R-SQUARE

    Observed                                        Two-Tailed
    Variable        Estimate       S.E.  Est./S.E.    P-Value

    EMO1_1             0.093      0.008     11.812      0.000
    EMO1_2             0.534      0.017     30.888      0.000
    EMO1_3             0.330      0.015     22.131      0.000
    EMO1_4             0.443      0.018     25.166      0.000
    EMO1_5             0.481      0.018     27.431      0.000
    EMO2_1             0.109      0.009     11.891      0.000
    EMO2_2             0.518      0.017     29.790      0.000
    EMO2_3             0.287      0.014     20.856      0.000
    EMO2_4             0.450      0.017     26.192      0.000
    EMO2_5             0.517      0.017     29.974      0.000
    EMO3_1             0.139      0.011     12.328      0.000
    EMO3_2             0.537      0.017     31.517      0.000
    EMO3_3             0.352      0.016     22.105      0.000
    EMO3_4             0.474      0.017     28.133      0.000
    EMO3_5             0.590      0.018     33.350      0.000
    EMO4_1             0.190      0.014     13.131      0.000
    EMO4_2             0.567      0.018     31.010      0.000
    EMO4_3             0.395      0.017     23.075      0.000
    EMO4_4             0.353      0.015     23.794      0.000
    EMO4_5             0.515      0.017     30.125      0.000


QUALITY OF NUMERICAL RESULTS

     Condition Number for the Information Matrix              0.306E-02
       (ratio of smallest to largest eigenvalue)


MODEL MODIFICATION INDICES

NOTE:  Modification indices for direct effects of observed dependent variables
regressed on covariates may not be included.  To include these, request
MODINDICES (ALL).

Minimum M.I. value for printing the modification index    10.000

                                   M.I.     E.P.C.  Std E.P.C.  StdYX E.P.C.

BY Statements

EMO1     BY EMO1_5                21.213     0.044      0.044        0.103
EMO1     BY EMO2_3                11.969    -0.045     -0.045       -0.101

WITH Statements

EMO1_4   WITH EMO1_3              21.914    -0.021     -0.021       -0.151
EMO1_5   WITH EMO1_4              57.228     0.037      0.037        0.281
EMO2_1   WITH EMO1_5              10.412    -0.014     -0.014       -0.102
EMO2_3   WITH EMO2_2              28.252     0.026      0.026        0.177
EMO2_4   WITH EMO2_3              12.878    -0.017     -0.017       -0.112
EMO3_3   WITH EMO3_2              46.674     0.028      0.028        0.233
EMO3_4   WITH EMO3_2              16.465    -0.023     -0.023       -0.153
EMO3_5   WITH EMO1_4              13.853     0.016      0.016        0.149
EMO4_4   WITH EMO4_3              32.900    -0.028     -0.028       -0.186
EMO4_5   WITH EMO4_1              10.840    -0.010     -0.010       -0.106


DIAGRAM INFORMATION

  Use View Diagram under the Diagram menu in the Mplus Editor to view the diagram.
  If running Mplus from the Mplus Diagrammer, the diagram opens automatically.

  Diagram output
    c:\users\lissa102\documents\git_repositories\involvement_quant_qual\invariance\20-08-18_emo_metric.dgm

     Beginning Time:  11:34:41
        Ending Time:  11:34:43
       Elapsed Time:  00:00:02



MUTHEN & MUTHEN
3463 Stoner Ave.
Los Angeles, CA  90066

Tel: (310) 391-9971
Fax: (310) 391-8971
Web: www.StatModel.com
Support: Support@StatModel.com

Copyright (c) 1998-2017 Muthen & Muthen
